This is pdfTeX, Version 3.14159265-2.6-1.40.18 (TeX Live 2017/Debian) (preloaded format=pdflatex 2018.10.12)  18 DEC 2018 05:07
entering extended mode
 restricted \write18 enabled.
 %&-line parsing enabled.
**stat_methods.tex
(./stat_methods.tex
LaTeX2e <2017-04-15>
Babel <3.18> and hyphenation patterns for 84 language(s) loaded.
(/usr/share/texlive/texmf-dist/tex/latex/base/article.cls
Document Class: article 2014/09/29 v1.4h Standard LaTeX document class
(/usr/share/texlive/texmf-dist/tex/latex/base/size12.clo
File: size12.clo 2014/09/29 v1.4h Standard LaTeX file (size option)
)
\c@part=\count79
\c@section=\count80
\c@subsection=\count81
\c@subsubsection=\count82
\c@paragraph=\count83
\c@subparagraph=\count84
\c@figure=\count85
\c@table=\count86
\abovecaptionskip=\skip41
\belowcaptionskip=\skip42
\bibindent=\dimen102
)
(/usr/share/texlive/texmf-dist/tex/latex/preprint/fullpage.sty
Package: fullpage 1999/02/23 1.1 (PWD)
\FP@margin=\skip43
)
(/usr/share/texlive/texmf-dist/tex/latex/amsmath/amsmath.sty
Package: amsmath 2017/09/02 v2.17a AMS math features
\@mathmargin=\skip44

For additional information on amsmath, use the `?' option.
(/usr/share/texlive/texmf-dist/tex/latex/amsmath/amstext.sty
Package: amstext 2000/06/29 v2.01 AMS text

(/usr/share/texlive/texmf-dist/tex/latex/amsmath/amsgen.sty
File: amsgen.sty 1999/11/30 v2.0 generic functions
\@emptytoks=\toks14
\ex@=\dimen103
))
(/usr/share/texlive/texmf-dist/tex/latex/amsmath/amsbsy.sty
Package: amsbsy 1999/11/29 v1.2d Bold Symbols
\pmbraise@=\dimen104
)
(/usr/share/texlive/texmf-dist/tex/latex/amsmath/amsopn.sty
Package: amsopn 2016/03/08 v2.02 operator names
)
\inf@bad=\count87
LaTeX Info: Redefining \frac on input line 213.
\uproot@=\count88
\leftroot@=\count89
LaTeX Info: Redefining \overline on input line 375.
\classnum@=\count90
\DOTSCASE@=\count91
LaTeX Info: Redefining \ldots on input line 472.
LaTeX Info: Redefining \dots on input line 475.
LaTeX Info: Redefining \cdots on input line 596.
\Mathstrutbox@=\box26
\strutbox@=\box27
\big@size=\dimen105
LaTeX Font Info:    Redeclaring font encoding OML on input line 712.
LaTeX Font Info:    Redeclaring font encoding OMS on input line 713.
\macc@depth=\count92
\c@MaxMatrixCols=\count93
\dotsspace@=\muskip10
\c@parentequation=\count94
\dspbrk@lvl=\count95
\tag@help=\toks15
\row@=\count96
\column@=\count97
\maxfields@=\count98
\andhelp@=\toks16
\eqnshift@=\dimen106
\alignsep@=\dimen107
\tagshift@=\dimen108
\tagwidth@=\dimen109
\totwidth@=\dimen110
\lineht@=\dimen111
\@envbody=\toks17
\multlinegap=\skip45
\multlinetaggap=\skip46
\mathdisplay@stack=\toks18
LaTeX Info: Redefining \[ on input line 2817.
LaTeX Info: Redefining \] on input line 2818.
)
(/usr/share/texlive/texmf-dist/tex/latex/base/makeidx.sty
Package: makeidx 2014/09/29 v1.0m Standard LaTeX package
)
(/usr/share/texlive/texmf-dist/tex/latex/graphics/epsfig.sty
Package: epsfig 2017/06/25 v1.7b (e)psfig emulation (SPQR)

(/usr/share/texlive/texmf-dist/tex/latex/graphics/graphicx.sty
Package: graphicx 2017/06/01 v1.1a Enhanced LaTeX Graphics (DPC,SPQR)

(/usr/share/texlive/texmf-dist/tex/latex/graphics/keyval.sty
Package: keyval 2014/10/28 v1.15 key=value parser (DPC)
\KV@toks@=\toks19
)
(/usr/share/texlive/texmf-dist/tex/latex/graphics/graphics.sty
Package: graphics 2017/06/25 v1.2c Standard LaTeX Graphics (DPC,SPQR)

(/usr/share/texlive/texmf-dist/tex/latex/graphics/trig.sty
Package: trig 2016/01/03 v1.10 sin cos tan (DPC)
)
(/usr/share/texlive/texmf-dist/tex/latex/graphics-cfg/graphics.cfg
File: graphics.cfg 2016/06/04 v1.11 sample graphics configuration
)
Package graphics Info: Driver file: pdftex.def on input line 99.

(/usr/share/texlive/texmf-dist/tex/latex/graphics-def/pdftex.def
File: pdftex.def 2018/01/08 v1.0l Graphics/color driver for pdftex
))
\Gin@req@height=\dimen112
\Gin@req@width=\dimen113
)
\epsfxsize=\dimen114
\epsfysize=\dimen115
)
(/usr/share/texlive/texmf-dist/tex/latex/hyperref/hyperref.sty
Package: hyperref 2018/02/06 v6.86b Hypertext links for LaTeX

(/usr/share/texlive/texmf-dist/tex/generic/oberdiek/hobsub-hyperref.sty
Package: hobsub-hyperref 2016/05/16 v1.14 Bundle oberdiek, subset hyperref (HO)


(/usr/share/texlive/texmf-dist/tex/generic/oberdiek/hobsub-generic.sty
Package: hobsub-generic 2016/05/16 v1.14 Bundle oberdiek, subset generic (HO)
Package: hobsub 2016/05/16 v1.14 Construct package bundles (HO)
Package: infwarerr 2016/05/16 v1.4 Providing info/warning/error messages (HO)
Package: ltxcmds 2016/05/16 v1.23 LaTeX kernel commands for general use (HO)
Package: ifluatex 2016/05/16 v1.4 Provides the ifluatex switch (HO)
Package ifluatex Info: LuaTeX not detected.
Package: ifvtex 2016/05/16 v1.6 Detect VTeX and its facilities (HO)
Package ifvtex Info: VTeX not detected.
Package: intcalc 2016/05/16 v1.2 Expandable calculations with integers (HO)
Package: ifpdf 2017/03/15 v3.2 Provides the ifpdf switch
Package: etexcmds 2016/05/16 v1.6 Avoid name clashes with e-TeX commands (HO)
Package etexcmds Info: Could not find \expanded.
(etexcmds)             That can mean that you are not using pdfTeX 1.50 or
(etexcmds)             that some package has redefined \expanded.
(etexcmds)             In the latter case, load this package earlier.
Package: kvsetkeys 2016/05/16 v1.17 Key value parser (HO)
Package: kvdefinekeys 2016/05/16 v1.4 Define keys (HO)
Package: pdftexcmds 2018/01/21 v0.26 Utility functions of pdfTeX for LuaTeX (HO
)
Package pdftexcmds Info: LuaTeX not detected.
Package pdftexcmds Info: \pdf@primitive is available.
Package pdftexcmds Info: \pdf@ifprimitive is available.
Package pdftexcmds Info: \pdfdraftmode found.
Package: pdfescape 2016/05/16 v1.14 Implements pdfTeX's escape features (HO)
Package: bigintcalc 2016/05/16 v1.4 Expandable calculations on big integers (HO
)
Package: bitset 2016/05/16 v1.2 Handle bit-vector datatype (HO)
Package: uniquecounter 2016/05/16 v1.3 Provide unlimited unique counter (HO)
)
Package hobsub Info: Skipping package `hobsub' (already loaded).
Package: letltxmacro 2016/05/16 v1.5 Let assignment for LaTeX macros (HO)
Package: hopatch 2016/05/16 v1.3 Wrapper for package hooks (HO)
Package: xcolor-patch 2016/05/16 xcolor patch
Package: atveryend 2016/05/16 v1.9 Hooks at the very end of document (HO)
Package atveryend Info: \enddocument detected (standard20110627).
Package: atbegshi 2016/06/09 v1.18 At begin shipout hook (HO)
Package: refcount 2016/05/16 v3.5 Data extraction from label references (HO)
Package: hycolor 2016/05/16 v1.8 Color options for hyperref/bookmark (HO)
)
(/usr/share/texlive/texmf-dist/tex/generic/ifxetex/ifxetex.sty
Package: ifxetex 2010/09/12 v0.6 Provides ifxetex conditional
)
(/usr/share/texlive/texmf-dist/tex/latex/oberdiek/auxhook.sty
Package: auxhook 2016/05/16 v1.4 Hooks for auxiliary files (HO)
)
(/usr/share/texlive/texmf-dist/tex/latex/oberdiek/kvoptions.sty
Package: kvoptions 2016/05/16 v3.12 Key value format for package options (HO)
)
\@linkdim=\dimen116
\Hy@linkcounter=\count99
\Hy@pagecounter=\count100

(/usr/share/texlive/texmf-dist/tex/latex/hyperref/pd1enc.def
File: pd1enc.def 2018/02/06 v6.86b Hyperref: PDFDocEncoding definition (HO)
)
\Hy@SavedSpaceFactor=\count101

(/usr/share/texlive/texmf-dist/tex/latex/latexconfig/hyperref.cfg
File: hyperref.cfg 2002/06/06 v1.2 hyperref configuration of TeXLive
)
Package hyperref Info: Option `hyperfootnotes' set `false' on input line 4383.
Package hyperref Info: Hyper figures OFF on input line 4509.
Package hyperref Info: Link nesting OFF on input line 4514.
Package hyperref Info: Hyper index ON on input line 4517.
Package hyperref Info: Plain pages OFF on input line 4524.
Package hyperref Info: Backreferencing OFF on input line 4529.
Package hyperref Info: Implicit mode ON; LaTeX internals redefined.
Package hyperref Info: Bookmarks ON on input line 4762.
\c@Hy@tempcnt=\count102

(/usr/share/texlive/texmf-dist/tex/latex/url/url.sty
\Urlmuskip=\muskip11
Package: url 2013/09/16  ver 3.4  Verb mode for urls, etc.
)
LaTeX Info: Redefining \url on input line 5115.
\XeTeXLinkMargin=\dimen117
\Fld@menulength=\count103
\Field@Width=\dimen118
\Fld@charsize=\dimen119
Package hyperref Info: Hyper figures OFF on input line 6369.
Package hyperref Info: Link nesting OFF on input line 6374.
Package hyperref Info: Hyper index ON on input line 6377.
Package hyperref Info: backreferencing OFF on input line 6384.
Package hyperref Info: Link coloring OFF on input line 6389.
Package hyperref Info: Link coloring with OCG OFF on input line 6394.
Package hyperref Info: PDF/A mode OFF on input line 6399.
LaTeX Info: Redefining \ref on input line 6439.
LaTeX Info: Redefining \pageref on input line 6443.
\Hy@abspage=\count104
\c@Item=\count105
)
Package hyperref Info: Driver (autodetected): hpdftex.

(/usr/share/texlive/texmf-dist/tex/latex/hyperref/hpdftex.def
File: hpdftex.def 2018/02/06 v6.86b Hyperref driver for pdfTeX
\Fld@listcount=\count106
\c@bookmark@seq@number=\count107

(/usr/share/texlive/texmf-dist/tex/latex/oberdiek/rerunfilecheck.sty
Package: rerunfilecheck 2016/05/16 v1.8 Rerun checks for auxiliary files (HO)
Package uniquecounter Info: New unique counter `rerunfilecheck' on input line 2
82.
)
\Hy@SectionHShift=\skip47
)
(/usr/share/texlive/texmf-dist/tex/latex/tools/longtable.sty
Package: longtable 2014/10/28 v4.11 Multi-page Table package (DPC)
\LTleft=\skip48
\LTright=\skip49
\LTpre=\skip50
\LTpost=\skip51
\LTchunksize=\count108
\LTcapwidth=\dimen120
\LT@head=\box28
\LT@firsthead=\box29
\LT@foot=\box30
\LT@lastfoot=\box31
\LT@cols=\count109
\LT@rows=\count110
\c@LT@tables=\count111
\c@LT@chunks=\count112
\LT@p@ftn=\toks20
)
(/usr/share/texlive/texmf-dist/tex/latex/caption/caption.sty
Package: caption 2016/02/21 v3.3-144 Customizing captions (AR)

(/usr/share/texlive/texmf-dist/tex/latex/caption/caption3.sty
Package: caption3 2016/05/22 v1.7-166 caption3 kernel (AR)
Package caption3 Info: TeX engine: e-TeX on input line 67.
\captionmargin=\dimen121
\captionmargin@=\dimen122
\captionwidth=\dimen123
\caption@tempdima=\dimen124
\caption@indent=\dimen125
\caption@parindent=\dimen126
\caption@hangindent=\dimen127
)
\c@ContinuedFloat=\count113
Package caption Info: hyperref package is loaded.
Package caption Info: longtable package is loaded.

(/usr/share/texlive/texmf-dist/tex/latex/caption/ltcaption.sty
Package: ltcaption 2013/06/09 v1.4-94 longtable captions (AR)
))
\@indexfile=\write3
\openout3 = `stat_methods.idx'.


Writing index file stat_methods.idx
(./stat_methods.aux)
\openout1 = `stat_methods.aux'.

LaTeX Font Info:    Checking defaults for OML/cmm/m/it on input line 37.
LaTeX Font Info:    ... okay on input line 37.
LaTeX Font Info:    Checking defaults for T1/cmr/m/n on input line 37.
LaTeX Font Info:    ... okay on input line 37.
LaTeX Font Info:    Checking defaults for OT1/cmr/m/n on input line 37.
LaTeX Font Info:    ... okay on input line 37.
LaTeX Font Info:    Checking defaults for OMS/cmsy/m/n on input line 37.
LaTeX Font Info:    ... okay on input line 37.
LaTeX Font Info:    Checking defaults for OMX/cmex/m/n on input line 37.
LaTeX Font Info:    ... okay on input line 37.
LaTeX Font Info:    Checking defaults for U/cmr/m/n on input line 37.
LaTeX Font Info:    ... okay on input line 37.
LaTeX Font Info:    Checking defaults for PD1/pdf/m/n on input line 37.
LaTeX Font Info:    ... okay on input line 37.

(/usr/share/texlive/texmf-dist/tex/context/base/mkii/supp-pdf.mkii
[Loading MPS to PDF converter (version 2006.09.02).]
\scratchcounter=\count114
\scratchdimen=\dimen128
\scratchbox=\box32
\nofMPsegments=\count115
\nofMParguments=\count116
\everyMPshowfont=\toks21
\MPscratchCnt=\count117
\MPscratchDim=\dimen129
\MPnumerator=\count118
\makeMPintoPDFobject=\count119
\everyMPtoPDFconversion=\toks22
) (/usr/share/texlive/texmf-dist/tex/latex/oberdiek/epstopdf-base.sty
Package: epstopdf-base 2016/05/15 v2.6 Base part for package epstopdf

(/usr/share/texlive/texmf-dist/tex/latex/oberdiek/grfext.sty
Package: grfext 2016/05/16 v1.2 Manage graphics extensions (HO)
)
Package epstopdf-base Info: Redefining graphics rule for `.eps' on input line 4
38.
Package grfext Info: Graphics extension search list:
(grfext)             [.pdf,.png,.jpg,.mps,.jpeg,.jbig2,.jb2,.PDF,.PNG,.JPG,.JPE
G,.JBIG2,.JB2,.eps]
(grfext)             \AppendGraphicsExtensions on input line 456.

(/usr/share/texlive/texmf-dist/tex/latex/latexconfig/epstopdf-sys.cfg
File: epstopdf-sys.cfg 2010/07/13 v1.3 Configuration of (r)epstopdf for TeX Liv
e
))
\AtBeginShipoutBox=\box33
Package hyperref Info: Link coloring OFF on input line 37.

(/usr/share/texlive/texmf-dist/tex/latex/hyperref/nameref.sty
Package: nameref 2016/05/21 v2.44 Cross-referencing by name of section

(/usr/share/texlive/texmf-dist/tex/generic/oberdiek/gettitlestring.sty
Package: gettitlestring 2016/05/16 v1.5 Cleanup title references (HO)
)
\c@section@level=\count120
)
LaTeX Info: Redefining \ref on input line 37.
LaTeX Info: Redefining \pageref on input line 37.
LaTeX Info: Redefining \nameref on input line 37.

(./stat_methods.out) (./stat_methods.out)
\@outlinefile=\write4
\openout4 = `stat_methods.out'.

Package caption Info: Begin \AtBeginDocument code.
Package caption Info: End \AtBeginDocument code.
 [1

{/var/lib/texmf/fonts/map/pdftex/updmap/pdftex.map}] (./stat_methods.tocpdfTeX 
warning (ext4): destination with the same identifier (name{page.1}) has been al
ready used, duplicate ignored
<to be read again> 
                   \relax 
l.36 ...erical Analysis Utilities}{54}{section.11}
                                                   [1])
\tf@toc=\write5
\openout5 = `stat_methods.toc'.

 [2]
Overfull \hbox (5.33171pt too wide) in paragraph at lines 69--78
[]\OT1/cmr/m/n/12 The lat-est ver-sion of the pack-age code can be down-loaded 
from []http://npstat.hepforge.org/[]
 []

[3] [4] [5]
Overfull \hbox (6.28796pt too wide) in paragraph at lines 283--288
[]\OT1/cmss/m/n/12 MultivariateWeightedSumAccumulator \OT1/cmr/m/n/12 and []\OT
1/cmss/m/n/12 Mul-ti-vari-ateWeight-ed-Sum-sqAc-cu-mu-la-tor \OT1/cmr/m/n/12 --
- These
 []

[6] [7] [8]
Overfull \hbox (5.62674pt too wide) in paragraph at lines 503--505
[]\OT1/cmss/m/n/12 ArrayMeanProjector \OT1/cmr/m/n/12 (header file ``np-stat/st
at/ArrayProjectors.hh'') --- Cal-cu-lates the mean
 []


Overfull \hbox (4.06007pt too wide) in paragraph at lines 509--512
[]\OT1/cmss/m/n/12 ArrayStdevProjector \OT1/cmr/m/n/12 (header file ``np-stat/s
tat/ArrayProjectors.hh'') --- Cal-cu-lates the stan-
 []

[9]
Underfull \hbox (badness 10000) in paragraph at lines 616--616

 []

[10]
Underfull \hbox (badness 10000) in paragraph at lines 634--637

 []

[11] [12]
<johnson_examples.pdf, id=322, 340.27126pt x 235.88126pt>
File: johnson_examples.pdf Graphic file (type pdf)
<use johnson_examples.pdf>
Package pdftex.def Info: johnson_examples.pdf  used on input line 727.
(pdftex.def)             Requested size: 281.85587pt x 195.39627pt.
 [13 <./johnson_examples.pdf>] [14]
Overfull \hbox (8.46854pt too wide) in paragraph at lines 897--933
 [] 
 []

[15] [16] [17]
Overfull \hbox (11.73416pt too wide) in paragraph at lines 1033--1038
\OT1/cmr/m/n/12 us-ing the func-tion []\OT1/cmss/m/n/12 kendall-sTauFrom-Cop-ul
a \OT1/cmr/m/n/12 de-clared in the header ``np-stat/stat/kendallsTau.hh''.
 []

[18] [19] [20] [21] [22] [23] [24] [25] [26]
Overfull \hbox (1.451pt too wide) in paragraph at lines 1620--1627
[]\OT1/cmss/m/n/12 variableBandwidthSmooth1D \OT1/cmr/m/n/12 --- im-ple-ments o
ne-dimensional vari-able ker-nel adap-tive KDE
 []

[27] [28] [29] [30]
Overfull \hbox (2.30437pt too wide) in paragraph at lines 1856--1864
[]\OT1/cmss/m/n/12 WeightTableFilter1DBuilder \OT1/cmr/m/n/12 (header file ``np
-stat/stat/WeightTableFilter1DBuilder.hh'') ---
 []


Overfull \hbox (0.20523pt too wide) in paragraph at lines 1911--1915
[]\OT1/cmss/m/n/12 symbetaLOrPEFilter1D \OT1/cmr/m/n/12 (header file ``np-stat/
stat/LocalPolyFilter1D.hh'') --- a con-ve-nience
 []

[31] [32] [33] [34]
Overfull \hbox (3.07481pt too wide) in paragraph at lines 2135--2149
\OT1/cmr/m/n/12 The cri-te-rion of max-i-mum $[](\OML/cmm/m/it/12 h\OT1/cmr/m/n
/12 )$ can be ob-tained by min-i-miz-ing an ap-prox-i-mate Kullback-
 []

[35] [36] [37] [38]
Overfull \hbox (6.21066pt too wide) in paragraph at lines 2417--2427
[]\OT1/cmss/m/n/12 LogisticRegressionOnKDTree \OT1/cmr/m/n/12 (header file ``np
-stat/stat/LocalLogisticRegression.hh'') --- this
 []

[39]
Overfull \hbox (8.4207pt too wide) in paragraph at lines 2436--2451
\OT1/cmr/m/n/12 for fit-ting LQLR re-sponse sur-faces (header file ``np-stat/in
terfaces/minuitLocalRegression.hh'').
 []

[40]
Overfull \hbox (0.8635pt too wide) in paragraph at lines 2549--2554
[]\OT1/cmss/m/n/12 QuantileRegressionOnHisto \OT1/cmr/m/n/12 (header file ``np-
stat/stat/LocalQuantileRegression.hh'') --- cal-
 []

[41]
Overfull \hbox (15.10771pt too wide) in paragraph at lines 2555--2570
[]\OT1/cmss/m/n/12 CensoredQuantileRegressionOnKDTree \OT1/cmr/m/n/12 (header `
`np-stat/stat/ensoredQuantileRegression.hh'')
 []

[42]
Overfull \hbox (2.7162pt too wide) in paragraph at lines 2636--2641
[]\OT1/cmss/m/n/12 CensoredQuantileRegressionOnHisto \OT1/cmr/m/n/12 (header ``
np-stat/stat/ensoredQuantileRegression.hh'')
 []

[43] [44] [45] [46] [47] [48] [49] [50]
Overfull \hbox (2.99957pt too wide) in paragraph at lines 3122--3136
[]\OT1/cmss/m/n/12 UnfoldingBandwidthScanner1D \OT1/cmr/m/n/12 (header ``np-sta
t/stat/UnfoldingBandwidthScanner1D.hh'')
 []


Overfull \hbox (8.29396pt too wide) in paragraph at lines 3137--3151
[]\OT1/cmss/m/n/12 UnfoldingBandwidthScannerND \OT1/cmr/m/n/12 (header ``np-sta
t/stat/UnfoldingBandwidthScannerND.hh'')
 []

[51]
Overfull \hbox (23.54669pt too wide) in paragraph at lines 3195--3211
[]\OT1/cmss/m/n/12 SmoothedEMSparseUnfoldND \OT1/cmr/m/n/12 (header ``np-stat/e
msunfold/SmoothedEMSparseUnfoldND.hh'')
 []

[52]
Overfull \hbox (4.87666pt too wide) in paragraph at lines 3273--3282
[]\OT1/cmss/m/n/12 RandomSequenceRepeater \OT1/cmr/m/n/12 (header file ``np-sta
t/rng/RandomSequenceRepeater.hh'') --- this
 []

[53]
Overfull \hbox (4.86624pt too wide) in paragraph at lines 3379--3383
[]\OT1/cmss/m/n/12 EquidistantInLinearSpace \OT1/cmr/m/n/12 (header file ``np-s
tat/nm/EquidistantSequence.hh'') --- A se-quence
 []

[54]
Overfull \hbox (12.95364pt too wide) in paragraph at lines 3401--3408
[]\OT1/cmss/m/n/12 rectangleIntegralCenterAndSize \OT1/cmr/m/n/12 (header file 
``np-stat/nm/rectangleQuadrature.hh'') --- Gauss-
 []


Overfull \hbox (3.13846pt too wide) in paragraph at lines 3409--3416
[]\OT1/cmss/m/n/12 goldenSectionSearchInLogSpace \OT1/cmr/m/n/12 (header file `
`np-stat/nm/goldenSectionSearch.hh'') --- tem-
 []

[55]
Overfull \hbox (9.74117pt too wide) in paragraph at lines 3485--3497
[]\OT1/cmss/m/n/12 solveQuadratic\OT1/cmr/m/n/12 , []\OT1/cmss/m/n/12 solve-Cu-
bic \OT1/cmr/m/n/12 (header file ``np-stat/nm/MathUtils.hh'') --- so-lu-tions o
f quadratic
 []


Overfull \hbox (16.49666pt too wide) in paragraph at lines 3498--3500
[]\OT1/cmss/m/n/12 ndUnitSphereVolume \OT1/cmr/m/n/12 (header file ``np-stat/nm
/MathUtils.hh'') --- vol-ume of the $\OML/cmm/m/it/12 n$\OT1/cmr/m/n/12 -dimens
ional
 []

[56]
Missing character: There is no â in font cmr12!
Missing character: There is no € in font cmr12!
Missing character: There is no ” in font cmr12!
 [57

]
Underfull \hbox (badness 2573) in paragraph at lines 3652--3655
[]\OT1/cmr/m/n/12 D. Lee, A.G. Gray, and A.W. Moore, ``Dual-Tree Fast Gauss Tra
ns-forms'',
 []

[58]
Missing character: There is no â in font cmr12!
Missing character: There is no € in font cmr12!
Missing character: There is no ‰ in font cmr12!
Missing character: There is no â in font cmr12!
Missing character: There is no € in font cmr12!
Missing character: There is no ” in font cmr12!
Missing character: There is no â in font cmr12!
Missing character: There is no € in font cmr12!
Missing character: There is no ‰ in font cmr12!
 [59] [60] (./stat_methods.ind
Overfull \hbox (7.7881pt too wide) in paragraph at lines 61--62
[]\OT1/cmr/m/n/12 CensoredQuantileRegressionOnKDTree, []42[], []43[] 
 []

[61


] [62] [63] [64

])
Package atveryend Info: Empty hook `BeforeClearDocument' on input line 3790.
Package atveryend Info: Empty hook `AfterLastShipout' on input line 3790.
 (./stat_methods.aux)
Package atveryend Info: Executing hook `AtVeryEndDocument' on input line 3790.
Package atveryend Info: Executing hook `AtEndAfterFileList' on input line 3790.

Package rerunfilecheck Info: File `stat_methods.out' has not changed.
(rerunfilecheck)             Checksum: 395F9307DD0FDA1416D3F55CD866AF72;2822.
Package atveryend Info: Empty hook `AtVeryVeryEnd' on input line 3790.
 ) 
Here is how much of TeX's memory you used:
 7300 strings out of 492982
 108970 string characters out of 6134895
 223920 words of memory out of 5000000
 10535 multiletter control sequences out of 15000+600000
 13360 words of font info for 47 fonts, out of 8000000 for 9000
 1141 hyphenation exceptions out of 8191
 36i,12n,49p,796b,454s stack positions out of 5000i,500n,10000p,200000b,80000s
</usr/share/texlive/texmf-dist/fonts/type1/public/amsfonts/cm/cmbx10.pfb></us
r/share/texlive/texmf-dist/fonts/type1/public/amsfonts/cm/cmbx12.pfb></usr/shar
e/texlive/texmf-dist/fonts/type1/public/amsfonts/cm/cmbx8.pfb></usr/share/texli
ve/texmf-dist/fonts/type1/public/amsfonts/cm/cmex10.pfb></usr/share/texlive/tex
mf-dist/fonts/type1/public/amsfonts/cm/cmmi10.pfb></usr/share/texlive/texmf-dis
t/fonts/type1/public/amsfonts/cm/cmmi12.pfb></usr/share/texlive/texmf-dist/font
s/type1/public/amsfonts/cm/cmmi6.pfb></usr/share/texlive/texmf-dist/fonts/type1
/public/amsfonts/cm/cmmi7.pfb></usr/share/texlive/texmf-dist/fonts/type1/public
/amsfonts/cm/cmmi8.pfb></usr/share/texlive/texmf-dist/fonts/type1/public/amsfon
ts/cm/cmr10.pfb></usr/share/texlive/texmf-dist/fonts/type1/public/amsfonts/cm/c
mr12.pfb></usr/share/texlive/texmf-dist/fonts/type1/public/amsfonts/cm/cmr17.pf
b></usr/share/texlive/texmf-dist/fonts/type1/public/amsfonts/cm/cmr5.pfb></usr/
share/texlive/texmf-dist/fonts/type1/public/amsfonts/cm/cmr6.pfb></usr/share/te
xlive/texmf-dist/fonts/type1/public/amsfonts/cm/cmr7.pfb></usr/share/texlive/te
xmf-dist/fonts/type1/public/amsfonts/cm/cmr8.pfb></usr/share/texlive/texmf-dist
/fonts/type1/public/amsfonts/cm/cmss10.pfb></usr/share/texlive/texmf-dist/fonts
/type1/public/amsfonts/cm/cmss12.pfb></usr/share/texlive/texmf-dist/fonts/type1
/public/amsfonts/cm/cmsy10.pfb></usr/share/texlive/texmf-dist/fonts/type1/publi
c/amsfonts/cm/cmsy6.pfb></usr/share/texlive/texmf-dist/fonts/type1/public/amsfo
nts/cm/cmsy7.pfb></usr/share/texlive/texmf-dist/fonts/type1/public/amsfonts/cm/
cmsy8.pfb></usr/share/texlive/texmf-dist/fonts/type1/public/amsfonts/cm/cmti10.
pfb></usr/share/texlive/texmf-dist/fonts/type1/public/amsfonts/cm/cmti12.pfb>
Output written on stat_methods.pdf (65 pages, 550814 bytes).
PDF statistics:
 1354 PDF objects out of 1440 (max. 8388607)
 1249 compressed objects within 13 object streams
 266 named destinations out of 1000 (max. 500000)
 310 words of extra memory for PDF output out of 10000 (max. 10000000)

