This file contains any messages produced by compilers while
running configure, to aid debugging if configure makes a mistake.

It was created by mcuncert configure 1.0.1, which was
generated by GNU Autoconf 2.69.  Invocation command line was

  $ ./configure --with-pic --prefix=/cdf/home/kanzhang/Topmass_SL6

## --------- ##
## Platform. ##
## --------- ##

hostname = fcdflnxgpvm01.fnal.gov
uname -m = x86_64
uname -r = 2.6.32-754.3.5.el6.x86_64
uname -s = Linux
uname -v = #1 SMP Tue Aug 14 15:20:19 CDT 2018

/usr/bin/uname -p = unknown
/bin/uname -X     = unknown

/bin/arch              = x86_64
/usr/bin/arch -k       = unknown
/usr/convex/getsysinfo = unknown
/usr/bin/hostinfo      = unknown
/bin/machine           = unknown
/usr/bin/oslevel       = unknown
/bin/universe          = unknown

PATH: /cdf/home/kanzhang/Topmass_SL6/bin
PATH: /cdf/proj/401.top/igv/compilers/bin
PATH: /usr/krb5/bin
PATH: /usr/krb5/bin
PATH: /usr/lib64/qt-3.3/bin
PATH: /opt/puppetlabs/bin
PATH: /usr/kerberos/sbin
PATH: /usr/kerberos/bin
PATH: /usr/local/bin
PATH: /bin
PATH: /usr/bin
PATH: /usr/local/sbin
PATH: /usr/sbin
PATH: /sbin
PATH: /opt/puppetlabs/bin
PATH: /opt/puppetlabs/bin


## ----------- ##
## Core tests. ##
## ----------- ##

configure:2304: checking for a BSD-compatible install
configure:2372: result: /usr/bin/install -c
configure:2383: checking whether build environment is sane
configure:2438: result: yes
configure:2589: checking for a thread-safe mkdir -p
configure:2628: result: /bin/mkdir -p
configure:2635: checking for gawk
configure:2651: found /bin/gawk
configure:2662: result: gawk
configure:2673: checking whether make sets $(MAKE)
configure:2695: result: yes
configure:2724: checking whether make supports nested variables
configure:2741: result: yes
configure:2899: checking build system type
configure:2913: result: x86_64-unknown-linux-gnu
configure:2933: checking host system type
configure:2946: result: x86_64-unknown-linux-gnu
configure:2987: checking how to print strings
configure:3014: result: printf
configure:3047: checking for style of include used by make
configure:3075: result: GNU
configure:3146: checking for gcc
configure:3162: found /cdf/proj/401.top/igv/compilers/bin/gcc
configure:3173: result: gcc
configure:3402: checking for C compiler version
configure:3411: gcc --version >&5
gcc (GCC) 7.3.0
Copyright (C) 2017 Free Software Foundation, Inc.
This is free software; see the source for copying conditions.  There is NO
warranty; not even for MERCHANTABILITY or FITNESS FOR A PARTICULAR PURPOSE.

configure:3422: $? = 0
configure:3411: gcc -v >&5
Using built-in specs.
COLLECT_GCC=gcc
COLLECT_LTO_WRAPPER=/pnfs/cdfen/persistent/proj/401.top/igv/compilers/bin/../libexec/gcc/x86_64-pc-linux-gnu/7.3.0/lto-wrapper
Target: x86_64-pc-linux-gnu
Configured with: /cdf/proj/401.top/igv/compilers/src/gcc-7.3.0/configure --prefix=/cdf/proj/401.top/igv/compilers --enable-languages=c,c++,fortran
Thread model: posix
gcc version 7.3.0 (GCC) 
configure:3422: $? = 0
configure:3411: gcc -V >&5
gcc: error: unrecognized command line option '-V'
gcc: fatal error: no input files
compilation terminated.
configure:3422: $? = 1
configure:3411: gcc -qversion >&5
gcc: error: unrecognized command line option '-qversion'; did you mean '--version'?
gcc: fatal error: no input files
compilation terminated.
configure:3422: $? = 1
configure:3442: checking whether the C compiler works
configure:3464: gcc    conftest.c  >&5
configure:3468: $? = 0
configure:3516: result: yes
configure:3519: checking for C compiler default output file name
configure:3521: result: a.out
configure:3527: checking for suffix of executables
configure:3534: gcc -o conftest    conftest.c  >&5
configure:3538: $? = 0
configure:3560: result: 
configure:3582: checking whether we are cross compiling
configure:3590: gcc -o conftest    conftest.c  >&5
configure:3594: $? = 0
configure:3601: ./conftest
configure:3605: $? = 0
configure:3620: result: no
configure:3625: checking for suffix of object files
configure:3647: gcc -c   conftest.c >&5
configure:3651: $? = 0
configure:3672: result: o
configure:3676: checking whether we are using the GNU C compiler
configure:3695: gcc -c   conftest.c >&5
configure:3695: $? = 0
configure:3704: result: yes
configure:3713: checking whether gcc accepts -g
configure:3733: gcc -c -g  conftest.c >&5
configure:3733: $? = 0
configure:3774: result: yes
configure:3791: checking for gcc option to accept ISO C89
configure:3854: gcc  -c -g -O2  conftest.c >&5
configure:3854: $? = 0
configure:3867: result: none needed
configure:3892: checking whether gcc understands -c and -o together
configure:3914: gcc -c conftest.c -o conftest2.o
configure:3917: $? = 0
configure:3914: gcc -c conftest.c -o conftest2.o
configure:3917: $? = 0
configure:3929: result: yes
configure:3948: checking dependency style of gcc
configure:4059: result: gcc3
configure:4074: checking for a sed that does not truncate output
configure:4138: result: /bin/sed
configure:4156: checking for grep that handles long lines and -e
configure:4214: result: /bin/grep
configure:4219: checking for egrep
configure:4281: result: /bin/grep -E
configure:4286: checking for fgrep
configure:4348: result: /bin/grep -F
configure:4383: checking for ld used by gcc
configure:4450: result: /usr/bin/ld
configure:4457: checking if the linker (/usr/bin/ld) is GNU ld
configure:4472: result: yes
configure:4484: checking for BSD- or MS-compatible name lister (nm)
configure:4533: result: /usr/bin/nm -B
configure:4663: checking the name lister (/usr/bin/nm -B) interface
configure:4670: gcc -c -g -O2  conftest.c >&5
configure:4673: /usr/bin/nm -B "conftest.o"
configure:4676: output
0000000000000000 B some_variable
configure:4683: result: BSD nm
configure:4686: checking whether ln -s works
configure:4690: result: yes
configure:4698: checking the maximum length of command line arguments
configure:4828: result: 1966080
configure:4845: checking whether the shell understands some XSI constructs
configure:4855: result: yes
configure:4859: checking whether the shell understands "+="
configure:4865: result: yes
configure:4900: checking how to convert x86_64-unknown-linux-gnu file names to x86_64-unknown-linux-gnu format
configure:4940: result: func_convert_file_noop
configure:4947: checking how to convert x86_64-unknown-linux-gnu file names to toolchain format
configure:4967: result: func_convert_file_noop
configure:4974: checking for /usr/bin/ld option to reload object files
configure:4981: result: -r
configure:5055: checking for objdump
configure:5071: found /usr/bin/objdump
configure:5082: result: objdump
configure:5114: checking how to recognize dependent libraries
configure:5316: result: pass_all
configure:5401: checking for dlltool
configure:5431: result: no
configure:5461: checking how to associate runtime and link libraries
configure:5488: result: printf %s\n
configure:5549: checking for ar
configure:5565: found /usr/bin/ar
configure:5576: result: ar
configure:5613: checking for archiver @FILE support
configure:5630: gcc -c -g -O2  conftest.c >&5
configure:5630: $? = 0
configure:5633: ar cru libconftest.a @conftest.lst >&5
configure:5636: $? = 0
configure:5641: ar cru libconftest.a @conftest.lst >&5
ar: conftest.o: No such file or directory
configure:5644: $? = 1
configure:5656: result: @
configure:5714: checking for strip
configure:5730: found /usr/bin/strip
configure:5741: result: strip
configure:5813: checking for ranlib
configure:5829: found /usr/bin/ranlib
configure:5840: result: ranlib
configure:5942: checking command to parse /usr/bin/nm -B output from gcc object
configure:6062: gcc -c -g -O2  conftest.c >&5
configure:6065: $? = 0
configure:6069: /usr/bin/nm -B conftest.o \| sed -n -e 's/^.*[ ]\([ABCDGIRSTW][ABCDGIRSTW]*\)[ ][ ]*\([_A-Za-z][_A-Za-z0-9]*\)$/\1 \2 \2/p' | sed '/ __gnu_lto/d' \> conftest.nm
configure:6072: $? = 0
configure:6138: gcc -o conftest -g -O2   conftest.c conftstm.o >&5
configure:6141: $? = 0
configure:6179: result: ok
configure:6216: checking for sysroot
configure:6246: result: no
configure:6323: gcc -c -g -O2  conftest.c >&5
configure:6326: $? = 0
configure:6508: checking for mt
configure:6538: result: no
configure:6558: checking if : is a manifest tool
configure:6564: : '-?'
configure:6572: result: no
configure:7214: checking how to run the C preprocessor
configure:7245: gcc -E  conftest.c
configure:7245: $? = 0
configure:7259: gcc -E  conftest.c
conftest.c:11:10: fatal error: ac_nonexistent.h: No such file or directory
 #include <ac_nonexistent.h>
          ^~~~~~~~~~~~~~~~~~
compilation terminated.
configure:7259: $? = 1
configure: failed program was:
| /* confdefs.h */
| #define PACKAGE_NAME "mcuncert"
| #define PACKAGE_TARNAME "mcuncert"
| #define PACKAGE_VERSION "1.0.1"
| #define PACKAGE_STRING "mcuncert 1.0.1"
| #define PACKAGE_BUGREPORT ""
| #define PACKAGE_URL ""
| #define PACKAGE "mcuncert"
| #define VERSION "1.0.1"
| /* end confdefs.h.  */
| #include <ac_nonexistent.h>
configure:7284: result: gcc -E
configure:7304: gcc -E  conftest.c
configure:7304: $? = 0
configure:7318: gcc -E  conftest.c
conftest.c:11:10: fatal error: ac_nonexistent.h: No such file or directory
 #include <ac_nonexistent.h>
          ^~~~~~~~~~~~~~~~~~
compilation terminated.
configure:7318: $? = 1
configure: failed program was:
| /* confdefs.h */
| #define PACKAGE_NAME "mcuncert"
| #define PACKAGE_TARNAME "mcuncert"
| #define PACKAGE_VERSION "1.0.1"
| #define PACKAGE_STRING "mcuncert 1.0.1"
| #define PACKAGE_BUGREPORT ""
| #define PACKAGE_URL ""
| #define PACKAGE "mcuncert"
| #define VERSION "1.0.1"
| /* end confdefs.h.  */
| #include <ac_nonexistent.h>
configure:7347: checking for ANSI C header files
configure:7367: gcc -c -g -O2  conftest.c >&5
configure:7367: $? = 0
configure:7440: gcc -o conftest -g -O2   conftest.c  >&5
configure:7440: $? = 0
configure:7440: ./conftest
configure:7440: $? = 0
configure:7451: result: yes
configure:7464: checking for sys/types.h
configure:7464: gcc -c -g -O2  conftest.c >&5
configure:7464: $? = 0
configure:7464: result: yes
configure:7464: checking for sys/stat.h
configure:7464: gcc -c -g -O2  conftest.c >&5
configure:7464: $? = 0
configure:7464: result: yes
configure:7464: checking for stdlib.h
configure:7464: gcc -c -g -O2  conftest.c >&5
configure:7464: $? = 0
configure:7464: result: yes
configure:7464: checking for string.h
configure:7464: gcc -c -g -O2  conftest.c >&5
configure:7464: $? = 0
configure:7464: result: yes
configure:7464: checking for memory.h
configure:7464: gcc -c -g -O2  conftest.c >&5
configure:7464: $? = 0
configure:7464: result: yes
configure:7464: checking for strings.h
configure:7464: gcc -c -g -O2  conftest.c >&5
configure:7464: $? = 0
configure:7464: result: yes
configure:7464: checking for inttypes.h
configure:7464: gcc -c -g -O2  conftest.c >&5
configure:7464: $? = 0
configure:7464: result: yes
configure:7464: checking for stdint.h
configure:7464: gcc -c -g -O2  conftest.c >&5
configure:7464: $? = 0
configure:7464: result: yes
configure:7464: checking for unistd.h
configure:7464: gcc -c -g -O2  conftest.c >&5
configure:7464: $? = 0
configure:7464: result: yes
configure:7478: checking for dlfcn.h
configure:7478: gcc -c -g -O2  conftest.c >&5
configure:7478: $? = 0
configure:7478: result: yes
configure:7684: checking for objdir
configure:7699: result: .libs
configure:7970: checking if gcc supports -fno-rtti -fno-exceptions
configure:7988: gcc -c -g -O2  -fno-rtti -fno-exceptions conftest.c >&5
cc1: warning: command line option '-fno-rtti' is valid for C++/ObjC++ but not for C
configure:7992: $? = 0
configure:8005: result: no
configure:8332: checking for gcc option to produce PIC
configure:8339: result: -fPIC -DPIC
configure:8347: checking if gcc PIC flag -fPIC -DPIC works
configure:8365: gcc -c -g -O2  -fPIC -DPIC -DPIC conftest.c >&5
configure:8369: $? = 0
configure:8382: result: yes
configure:8411: checking if gcc static flag -static works
configure:8439: result: no
configure:8454: checking if gcc supports -c -o file.o
configure:8475: gcc -c -g -O2  -o out/conftest2.o conftest.c >&5
configure:8479: $? = 0
configure:8501: result: yes
configure:8509: checking if gcc supports -c -o file.o
configure:8556: result: yes
configure:8589: checking whether the gcc linker (/usr/bin/ld -m elf_x86_64) supports shared libraries
configure:9742: result: yes
configure:9779: checking whether -lc should be explicitly linked in
configure:9787: gcc -c -g -O2  conftest.c >&5
configure:9790: $? = 0
configure:9805: gcc -shared  -fPIC -DPIC conftest.o  -v -Wl,-soname -Wl,conftest -o conftest 2\>\&1 \| /bin/grep  -lc  \>/dev/null 2\>\&1
configure:9808: $? = 0
configure:9822: result: no
configure:9982: checking dynamic linker characteristics
configure:10493: gcc -o conftest -g -O2   -Wl,-rpath -Wl,/foo conftest.c  >&5
configure:10493: $? = 0
configure:10719: result: GNU/Linux ld.so
configure:10826: checking how to hardcode library paths into programs
configure:10851: result: immediate
configure:11391: checking whether stripping libraries is possible
configure:11396: result: yes
configure:11431: checking if libtool supports shared libraries
configure:11433: result: yes
configure:11436: checking whether to build shared libraries
configure:11457: result: yes
configure:11460: checking whether to build static libraries
configure:11464: result: yes
configure:11559: checking for g++
configure:11575: found /cdf/proj/401.top/igv/compilers/bin/g++
configure:11586: result: g++
configure:11613: checking for C++ compiler version
configure:11622: g++ --version >&5
g++ (GCC) 7.3.0
Copyright (C) 2017 Free Software Foundation, Inc.
This is free software; see the source for copying conditions.  There is NO
warranty; not even for MERCHANTABILITY or FITNESS FOR A PARTICULAR PURPOSE.

configure:11633: $? = 0
configure:11622: g++ -v >&5
Using built-in specs.
COLLECT_GCC=g++
COLLECT_LTO_WRAPPER=/pnfs/cdfen/persistent/proj/401.top/igv/compilers/bin/../libexec/gcc/x86_64-pc-linux-gnu/7.3.0/lto-wrapper
Target: x86_64-pc-linux-gnu
Configured with: /cdf/proj/401.top/igv/compilers/src/gcc-7.3.0/configure --prefix=/cdf/proj/401.top/igv/compilers --enable-languages=c,c++,fortran
Thread model: posix
gcc version 7.3.0 (GCC) 
configure:11633: $? = 0
configure:11622: g++ -V >&5
g++: error: unrecognized command line option '-V'
g++: fatal error: no input files
compilation terminated.
configure:11633: $? = 1
configure:11622: g++ -qversion >&5
g++: error: unrecognized command line option '-qversion'; did you mean '--version'?
g++: fatal error: no input files
compilation terminated.
configure:11633: $? = 1
configure:11637: checking whether we are using the GNU C++ compiler
configure:11656: g++ -c -std=c++11 -O3 -Wall -W -Werror  conftest.cpp >&5
configure:11656: $? = 0
configure:11665: result: yes
configure:11674: checking whether g++ accepts -g
configure:11694: g++ -c -g  conftest.cpp >&5
configure:11694: $? = 0
configure:11735: result: yes
configure:11760: checking dependency style of g++
configure:11871: result: gcc3
configure:11904: checking how to run the C++ preprocessor
configure:11931: g++ -E  conftest.cpp
configure:11931: $? = 0
configure:11945: g++ -E  conftest.cpp
conftest.cpp:23:10: fatal error: ac_nonexistent.h: No such file or directory
 #include <ac_nonexistent.h>
          ^~~~~~~~~~~~~~~~~~
compilation terminated.
configure:11945: $? = 1
configure: failed program was:
| /* confdefs.h */
| #define PACKAGE_NAME "mcuncert"
| #define PACKAGE_TARNAME "mcuncert"
| #define PACKAGE_VERSION "1.0.1"
| #define PACKAGE_STRING "mcuncert 1.0.1"
| #define PACKAGE_BUGREPORT ""
| #define PACKAGE_URL ""
| #define PACKAGE "mcuncert"
| #define VERSION "1.0.1"
| #define STDC_HEADERS 1
| #define HAVE_SYS_TYPES_H 1
| #define HAVE_SYS_STAT_H 1
| #define HAVE_STDLIB_H 1
| #define HAVE_STRING_H 1
| #define HAVE_MEMORY_H 1
| #define HAVE_STRINGS_H 1
| #define HAVE_INTTYPES_H 1
| #define HAVE_STDINT_H 1
| #define HAVE_UNISTD_H 1
| #define HAVE_DLFCN_H 1
| #define LT_OBJDIR ".libs/"
| /* end confdefs.h.  */
| #include <ac_nonexistent.h>
configure:11970: result: g++ -E
configure:11990: g++ -E  conftest.cpp
configure:11990: $? = 0
configure:12004: g++ -E  conftest.cpp
conftest.cpp:23:10: fatal error: ac_nonexistent.h: No such file or directory
 #include <ac_nonexistent.h>
          ^~~~~~~~~~~~~~~~~~
compilation terminated.
configure:12004: $? = 1
configure: failed program was:
| /* confdefs.h */
| #define PACKAGE_NAME "mcuncert"
| #define PACKAGE_TARNAME "mcuncert"
| #define PACKAGE_VERSION "1.0.1"
| #define PACKAGE_STRING "mcuncert 1.0.1"
| #define PACKAGE_BUGREPORT ""
| #define PACKAGE_URL ""
| #define PACKAGE "mcuncert"
| #define VERSION "1.0.1"
| #define STDC_HEADERS 1
| #define HAVE_SYS_TYPES_H 1
| #define HAVE_SYS_STAT_H 1
| #define HAVE_STDLIB_H 1
| #define HAVE_STRING_H 1
| #define HAVE_MEMORY_H 1
| #define HAVE_STRINGS_H 1
| #define HAVE_INTTYPES_H 1
| #define HAVE_STDINT_H 1
| #define HAVE_UNISTD_H 1
| #define HAVE_DLFCN_H 1
| #define LT_OBJDIR ".libs/"
| /* end confdefs.h.  */
| #include <ac_nonexistent.h>
configure:12173: checking for ld used by g++
configure:12240: result: /usr/bin/ld -m elf_x86_64
configure:12247: checking if the linker (/usr/bin/ld -m elf_x86_64) is GNU ld
configure:12262: result: yes
configure:12317: checking whether the g++ linker (/usr/bin/ld -m elf_x86_64) supports shared libraries
configure:13322: result: yes
configure:13358: g++ -c -std=c++11 -O3 -Wall -W -Werror  conftest.cpp >&5
configure:13361: $? = 0
configure:13881: checking for g++ option to produce PIC
configure:13888: result: -fPIC -DPIC
configure:13896: checking if g++ PIC flag -fPIC -DPIC works
configure:13914: g++ -c -std=c++11 -O3 -Wall -W -Werror  -fPIC -DPIC -DPIC conftest.cpp >&5
configure:13918: $? = 0
configure:13931: result: yes
configure:13954: checking if g++ static flag -static works
configure:13982: result: no
configure:13994: checking if g++ supports -c -o file.o
configure:14015: g++ -c -std=c++11 -O3 -Wall -W -Werror  -o out/conftest2.o conftest.cpp >&5
configure:14019: $? = 0
configure:14041: result: yes
configure:14046: checking if g++ supports -c -o file.o
configure:14093: result: yes
configure:14123: checking whether the g++ linker (/usr/bin/ld -m elf_x86_64) supports shared libraries
configure:14159: result: yes
configure:14300: checking dynamic linker characteristics
configure:14971: result: GNU/Linux ld.so
configure:15024: checking how to hardcode library paths into programs
configure:15049: result: immediate
configure:15241: checking that generated files are newer than configure
configure:15247: result: done
configure:15274: creating ./config.status

## ---------------------- ##
## Running config.status. ##
## ---------------------- ##

This file was extended by mcuncert config.status 1.0.1, which was
generated by GNU Autoconf 2.69.  Invocation command line was

  CONFIG_FILES    = 
  CONFIG_HEADERS  = 
  CONFIG_LINKS    = 
  CONFIG_COMMANDS = 
  $ ./config.status 

on fcdflnxgpvm01.fnal.gov

config.status:1069: creating Makefile
config.status:1069: creating mcuncert/Makefile
config.status:1069: creating examples/Makefile
config.status:1069: creating mcuncert.pc
config.status:1241: executing depfiles commands
config.status:1241: executing libtool commands

## ---------------- ##
## Cache variables. ##
## ---------------- ##

ac_cv_build=x86_64-unknown-linux-gnu
ac_cv_c_compiler_gnu=yes
ac_cv_cxx_compiler_gnu=yes
ac_cv_env_CCC_set=
ac_cv_env_CCC_value=
ac_cv_env_CC_set=
ac_cv_env_CC_value=
ac_cv_env_CFLAGS_set=
ac_cv_env_CFLAGS_value=
ac_cv_env_CPPFLAGS_set=
ac_cv_env_CPPFLAGS_value=
ac_cv_env_CPP_set=
ac_cv_env_CPP_value=
ac_cv_env_CXXCPP_set=
ac_cv_env_CXXCPP_value=
ac_cv_env_CXXFLAGS_set=set
ac_cv_env_CXXFLAGS_value='-std=c++11 -O3 -Wall -W -Werror'
ac_cv_env_CXX_set=
ac_cv_env_CXX_value=
ac_cv_env_LDFLAGS_set=
ac_cv_env_LDFLAGS_value=
ac_cv_env_LIBS_set=
ac_cv_env_LIBS_value=
ac_cv_env_build_alias_set=
ac_cv_env_build_alias_value=
ac_cv_env_host_alias_set=
ac_cv_env_host_alias_value=
ac_cv_env_target_alias_set=
ac_cv_env_target_alias_value=
ac_cv_header_dlfcn_h=yes
ac_cv_header_inttypes_h=yes
ac_cv_header_memory_h=yes
ac_cv_header_stdc=yes
ac_cv_header_stdint_h=yes
ac_cv_header_stdlib_h=yes
ac_cv_header_string_h=yes
ac_cv_header_strings_h=yes
ac_cv_header_sys_stat_h=yes
ac_cv_header_sys_types_h=yes
ac_cv_header_unistd_h=yes
ac_cv_host=x86_64-unknown-linux-gnu
ac_cv_objext=o
ac_cv_path_EGREP='/bin/grep -E'
ac_cv_path_FGREP='/bin/grep -F'
ac_cv_path_GREP=/bin/grep
ac_cv_path_SED=/bin/sed
ac_cv_path_install='/usr/bin/install -c'
ac_cv_path_mkdir=/bin/mkdir
ac_cv_prog_AWK=gawk
ac_cv_prog_CPP='gcc -E'
ac_cv_prog_CXXCPP='g++ -E'
ac_cv_prog_ac_ct_AR=ar
ac_cv_prog_ac_ct_CC=gcc
ac_cv_prog_ac_ct_CXX=g++
ac_cv_prog_ac_ct_OBJDUMP=objdump
ac_cv_prog_ac_ct_RANLIB=ranlib
ac_cv_prog_ac_ct_STRIP=strip
ac_cv_prog_cc_c89=
ac_cv_prog_cc_g=yes
ac_cv_prog_cxx_g=yes
ac_cv_prog_make_make_set=yes
am_cv_CC_dependencies_compiler_type=gcc3
am_cv_CXX_dependencies_compiler_type=gcc3
am_cv_make_support_nested_variables=yes
am_cv_prog_cc_c_o=yes
lt_cv_ar_at_file=@
lt_cv_archive_cmds_need_lc=no
lt_cv_deplibs_check_method=pass_all
lt_cv_file_magic_cmd='$MAGIC_CMD'
lt_cv_file_magic_test_file=
lt_cv_ld_reload_flag=-r
lt_cv_nm_interface='BSD nm'
lt_cv_objdir=.libs
lt_cv_path_LD=/usr/bin/ld
lt_cv_path_LDCXX='/usr/bin/ld -m elf_x86_64'
lt_cv_path_NM='/usr/bin/nm -B'
lt_cv_path_mainfest_tool=no
lt_cv_prog_compiler_c_o=yes
lt_cv_prog_compiler_c_o_CXX=yes
lt_cv_prog_compiler_pic='-fPIC -DPIC'
lt_cv_prog_compiler_pic_CXX='-fPIC -DPIC'
lt_cv_prog_compiler_pic_works=yes
lt_cv_prog_compiler_pic_works_CXX=yes
lt_cv_prog_compiler_rtti_exceptions=no
lt_cv_prog_compiler_static_works=no
lt_cv_prog_compiler_static_works_CXX=no
lt_cv_prog_gnu_ld=yes
lt_cv_prog_gnu_ldcxx=yes
lt_cv_sharedlib_from_linklib_cmd='printf %s\n'
lt_cv_shlibpath_overrides_runpath=no
lt_cv_sys_global_symbol_pipe='sed -n -e '\''s/^.*[	 ]\([ABCDGIRSTW][ABCDGIRSTW]*\)[	 ][	 ]*\([_A-Za-z][_A-Za-z0-9]*\)$/\1 \2 \2/p'\'' | sed '\''/ __gnu_lto/d'\'''
lt_cv_sys_global_symbol_to_c_name_address='sed -n -e '\''s/^: \([^ ]*\)[ ]*$/  {\"\1\", (void *) 0},/p'\'' -e '\''s/^[ABCDGIRSTW]* \([^ ]*\) \([^ ]*\)$/  {"\2", (void *) \&\2},/p'\'''
lt_cv_sys_global_symbol_to_c_name_address_lib_prefix='sed -n -e '\''s/^: \([^ ]*\)[ ]*$/  {\"\1\", (void *) 0},/p'\'' -e '\''s/^[ABCDGIRSTW]* \([^ ]*\) \(lib[^ ]*\)$/  {"\2", (void *) \&\2},/p'\'' -e '\''s/^[ABCDGIRSTW]* \([^ ]*\) \([^ ]*\)$/  {"lib\2", (void *) \&\2},/p'\'''
lt_cv_sys_global_symbol_to_cdecl='sed -n -e '\''s/^T .* \(.*\)$/extern int \1();/p'\'' -e '\''s/^[ABCDGIRSTW]* .* \(.*\)$/extern char \1;/p'\'''
lt_cv_sys_max_cmd_len=1966080
lt_cv_to_host_file_cmd=func_convert_file_noop
lt_cv_to_tool_file_cmd=func_convert_file_noop

## ----------------- ##
## Output variables. ##
## ----------------- ##

ACLOCAL='${SHELL} /cdf/home/kanzhang/Topmass_SL6/src/mcuncert-1.0.1/missing aclocal-1.15'
AMDEPBACKSLASH='\'
AMDEP_FALSE='#'
AMDEP_TRUE=''
AMTAR='$${TAR-tar}'
AM_BACKSLASH='\'
AM_DEFAULT_V='$(AM_DEFAULT_VERBOSITY)'
AM_DEFAULT_VERBOSITY='1'
AM_V='$(V)'
AR='ar'
AUTOCONF='${SHELL} /cdf/home/kanzhang/Topmass_SL6/src/mcuncert-1.0.1/missing autoconf'
AUTOHEADER='${SHELL} /cdf/home/kanzhang/Topmass_SL6/src/mcuncert-1.0.1/missing autoheader'
AUTOMAKE='${SHELL} /cdf/home/kanzhang/Topmass_SL6/src/mcuncert-1.0.1/missing automake-1.15'
AWK='gawk'
CC='gcc'
CCDEPMODE='depmode=gcc3'
CFLAGS='-g -O2'
CPP='gcc -E'
CPPFLAGS=''
CXX='g++'
CXXCPP='g++ -E'
CXXDEPMODE='depmode=gcc3'
CXXFLAGS='-std=c++11 -O3 -Wall -W -Werror'
CYGPATH_W='echo'
DEFS='-DPACKAGE_NAME=\"mcuncert\" -DPACKAGE_TARNAME=\"mcuncert\" -DPACKAGE_VERSION=\"1.0.1\" -DPACKAGE_STRING=\"mcuncert\ 1.0.1\" -DPACKAGE_BUGREPORT=\"\" -DPACKAGE_URL=\"\" -DPACKAGE=\"mcuncert\" -DVERSION=\"1.0.1\" -DSTDC_HEADERS=1 -DHAVE_SYS_TYPES_H=1 -DHAVE_SYS_STAT_H=1 -DHAVE_STDLIB_H=1 -DHAVE_STRING_H=1 -DHAVE_MEMORY_H=1 -DHAVE_STRINGS_H=1 -DHAVE_INTTYPES_H=1 -DHAVE_STDINT_H=1 -DHAVE_UNISTD_H=1 -DHAVE_DLFCN_H=1 -DLT_OBJDIR=\".libs/\"'
DEPDIR='.deps'
DLLTOOL='false'
DSYMUTIL=''
DUMPBIN=''
ECHO_C=''
ECHO_N='-n'
ECHO_T=''
EGREP='/bin/grep -E'
EXEEXT=''
FGREP='/bin/grep -F'
GREP='/bin/grep'
INSTALL_DATA='${INSTALL} -m 644'
INSTALL_PROGRAM='${INSTALL}'
INSTALL_SCRIPT='${INSTALL}'
INSTALL_STRIP_PROGRAM='$(install_sh) -c -s'
LD='/usr/bin/ld -m elf_x86_64'
LDFLAGS=''
LIBOBJS=''
LIBS=''
LIBTOOL='$(SHELL) $(top_builddir)/libtool'
LIPO=''
LN_S='ln -s'
LTLIBOBJS=''
MAKEINFO='${SHELL} /cdf/home/kanzhang/Topmass_SL6/src/mcuncert-1.0.1/missing makeinfo'
MANIFEST_TOOL=':'
MKDIR_P='/bin/mkdir -p'
NM='/usr/bin/nm -B'
NMEDIT=''
OBJDUMP='objdump'
OBJEXT='o'
OTOOL64=''
OTOOL=''
PACKAGE='mcuncert'
PACKAGE_BUGREPORT=''
PACKAGE_NAME='mcuncert'
PACKAGE_STRING='mcuncert 1.0.1'
PACKAGE_TARNAME='mcuncert'
PACKAGE_URL=''
PACKAGE_VERSION='1.0.1'
PATH_SEPARATOR=':'
RANLIB='ranlib'
SED='/bin/sed'
SET_MAKE=''
SHELL='/bin/sh'
STRIP='strip'
VERSION='1.0.1'
ac_ct_AR='ar'
ac_ct_CC='gcc'
ac_ct_CXX='g++'
ac_ct_DUMPBIN=''
am__EXEEXT_FALSE=''
am__EXEEXT_TRUE='#'
am__fastdepCC_FALSE='#'
am__fastdepCC_TRUE=''
am__fastdepCXX_FALSE='#'
am__fastdepCXX_TRUE=''
am__include='include'
am__isrc=''
am__leading_dot='.'
am__nodep='_no'
am__quote=''
am__tar='$${TAR-tar} chof - "$$tardir"'
am__untar='$${TAR-tar} xf -'
bindir='${exec_prefix}/bin'
build='x86_64-unknown-linux-gnu'
build_alias=''
build_cpu='x86_64'
build_os='linux-gnu'
build_vendor='unknown'
datadir='${datarootdir}'
datarootdir='${prefix}/share'
docdir='${datarootdir}/doc/${PACKAGE_TARNAME}'
dvidir='${docdir}'
exec_prefix='${prefix}'
host='x86_64-unknown-linux-gnu'
host_alias=''
host_cpu='x86_64'
host_os='linux-gnu'
host_vendor='unknown'
htmldir='${docdir}'
includedir='${prefix}/include'
infodir='${datarootdir}/info'
install_sh='${SHELL} /cdf/home/kanzhang/Topmass_SL6/src/mcuncert-1.0.1/install-sh'
libdir='${exec_prefix}/lib'
libexecdir='${exec_prefix}/libexec'
localedir='${datarootdir}/locale'
localstatedir='${prefix}/var'
mandir='${datarootdir}/man'
mkdir_p='$(MKDIR_P)'
oldincludedir='/usr/include'
pdfdir='${docdir}'
prefix='/cdf/home/kanzhang/Topmass_SL6'
program_transform_name='s,x,x,'
psdir='${docdir}'
runstatedir='${localstatedir}/run'
sbindir='${exec_prefix}/sbin'
sharedstatedir='${prefix}/com'
sysconfdir='${prefix}/etc'
target_alias=''

## ----------- ##
## confdefs.h. ##
## ----------- ##

/* confdefs.h */
#define PACKAGE_NAME "mcuncert"
#define PACKAGE_TARNAME "mcuncert"
#define PACKAGE_VERSION "1.0.1"
#define PACKAGE_STRING "mcuncert 1.0.1"
#define PACKAGE_BUGREPORT ""
#define PACKAGE_URL ""
#define PACKAGE "mcuncert"
#define VERSION "1.0.1"
#define STDC_HEADERS 1
#define HAVE_SYS_TYPES_H 1
#define HAVE_SYS_STAT_H 1
#define HAVE_STDLIB_H 1
#define HAVE_STRING_H 1
#define HAVE_MEMORY_H 1
#define HAVE_STRINGS_H 1
#define HAVE_INTTYPES_H 1
#define HAVE_STDINT_H 1
#define HAVE_UNISTD_H 1
#define HAVE_DLFCN_H 1
#define LT_OBJDIR ".libs/"

configure: exit 0
