This file contains any messages produced by compilers while
running configure, to aid debugging if configure makes a mistake.

It was created by histoscope configure 4.0.29, which was
generated by GNU Autoconf 2.69.  Invocation command line was

  $ ./configure --prefix=/cdf/home/kanzhang/Topmass_SL6 --with-pic

## --------- ##
## Platform. ##
## --------- ##

hostname = fcdflnxgpvm01.fnal.gov
uname -m = x86_64
uname -r = 2.6.32-754.3.5.el6.x86_64
uname -s = Linux
uname -v = #1 SMP Tue Aug 14 15:20:19 CDT 2018

/usr/bin/uname -p = unknown
/bin/uname -X     = unknown

/bin/arch              = x86_64
/usr/bin/arch -k       = unknown
/usr/convex/getsysinfo = unknown
/usr/bin/hostinfo      = unknown
/bin/machine           = unknown
/usr/bin/oslevel       = unknown
/bin/universe          = unknown

PATH: /cdf/home/kanzhang/Topmass_SL6/bin
PATH: /cdf/proj/401.top/igv/compilers/bin
PATH: /usr/krb5/bin
PATH: /usr/krb5/bin
PATH: /usr/lib64/qt-3.3/bin
PATH: /opt/puppetlabs/bin
PATH: /usr/kerberos/sbin
PATH: /usr/kerberos/bin
PATH: /usr/local/bin
PATH: /bin
PATH: /usr/bin
PATH: /usr/local/sbin
PATH: /usr/sbin
PATH: /sbin
PATH: /opt/puppetlabs/bin
PATH: /opt/puppetlabs/bin


## ----------- ##
## Core tests. ##
## ----------- ##

configure:2184: checking for a BSD-compatible install
configure:2252: result: /usr/bin/install -c
configure:2263: checking whether build environment is sane
configure:2318: result: yes
configure:2469: checking for a thread-safe mkdir -p
configure:2508: result: /bin/mkdir -p
configure:2515: checking for gawk
configure:2531: found /bin/gawk
configure:2542: result: gawk
configure:2553: checking whether make sets $(MAKE)
configure:2575: result: yes
configure:2604: checking whether make supports nested variables
configure:2621: result: yes
configure:2799: checking for gcc
configure:2815: found /cdf/proj/401.top/igv/compilers/bin/gcc
configure:2826: result: gcc
configure:3055: checking for C compiler version
configure:3064: gcc --version >&5
gcc (GCC) 7.3.0
Copyright (C) 2017 Free Software Foundation, Inc.
This is free software; see the source for copying conditions.  There is NO
warranty; not even for MERCHANTABILITY or FITNESS FOR A PARTICULAR PURPOSE.

configure:3075: $? = 0
configure:3064: gcc -v >&5
Using built-in specs.
COLLECT_GCC=gcc
COLLECT_LTO_WRAPPER=/pnfs/cdfen/persistent/proj/401.top/igv/compilers/bin/../libexec/gcc/x86_64-pc-linux-gnu/7.3.0/lto-wrapper
Target: x86_64-pc-linux-gnu
Configured with: /cdf/proj/401.top/igv/compilers/src/gcc-7.3.0/configure --prefix=/cdf/proj/401.top/igv/compilers --enable-languages=c,c++,fortran
Thread model: posix
gcc version 7.3.0 (GCC) 
configure:3075: $? = 0
configure:3064: gcc -V >&5
gcc: error: unrecognized command line option '-V'
gcc: fatal error: no input files
compilation terminated.
configure:3075: $? = 1
configure:3064: gcc -qversion >&5
gcc: error: unrecognized command line option '-qversion'; did you mean '--version'?
gcc: fatal error: no input files
compilation terminated.
configure:3075: $? = 1
configure:3095: checking whether the C compiler works
configure:3117: gcc    conftest.c  >&5
configure:3121: $? = 0
configure:3169: result: yes
configure:3172: checking for C compiler default output file name
configure:3174: result: a.out
configure:3180: checking for suffix of executables
configure:3187: gcc -o conftest    conftest.c  >&5
configure:3191: $? = 0
configure:3213: result: 
configure:3235: checking whether we are cross compiling
configure:3243: gcc -o conftest    conftest.c  >&5
configure:3247: $? = 0
configure:3254: ./conftest
configure:3258: $? = 0
configure:3273: result: no
configure:3278: checking for suffix of object files
configure:3300: gcc -c   conftest.c >&5
configure:3304: $? = 0
configure:3325: result: o
configure:3329: checking whether we are using the GNU C compiler
configure:3348: gcc -c   conftest.c >&5
configure:3348: $? = 0
configure:3357: result: yes
configure:3366: checking whether gcc accepts -g
configure:3386: gcc -c -g  conftest.c >&5
configure:3386: $? = 0
configure:3427: result: yes
configure:3444: checking for gcc option to accept ISO C89
configure:3507: gcc  -c -g -O2  conftest.c >&5
configure:3507: $? = 0
configure:3520: result: none needed
configure:3545: checking whether gcc understands -c and -o together
configure:3567: gcc -c conftest.c -o conftest2.o
configure:3570: $? = 0
configure:3567: gcc -c conftest.c -o conftest2.o
configure:3570: $? = 0
configure:3582: result: yes
configure:3610: checking for style of include used by make
configure:3638: result: GNU
configure:3664: checking dependency style of gcc
configure:3775: result: gcc3
configure:3822: checking build system type
configure:3836: result: x86_64-unknown-linux-gnu
configure:3856: checking host system type
configure:3869: result: x86_64-unknown-linux-gnu
configure:3910: checking how to print strings
configure:3937: result: printf
configure:3958: checking for a sed that does not truncate output
configure:4022: result: /bin/sed
configure:4040: checking for grep that handles long lines and -e
configure:4098: result: /bin/grep
configure:4103: checking for egrep
configure:4165: result: /bin/grep -E
configure:4170: checking for fgrep
configure:4232: result: /bin/grep -F
configure:4267: checking for ld used by gcc
configure:4334: result: /usr/bin/ld
configure:4341: checking if the linker (/usr/bin/ld) is GNU ld
configure:4356: result: yes
configure:4368: checking for BSD- or MS-compatible name lister (nm)
configure:4417: result: /usr/bin/nm -B
configure:4547: checking the name lister (/usr/bin/nm -B) interface
configure:4554: gcc -c -g -O2  conftest.c >&5
configure:4557: /usr/bin/nm -B "conftest.o"
configure:4560: output
0000000000000000 B some_variable
configure:4567: result: BSD nm
configure:4570: checking whether ln -s works
configure:4574: result: yes
configure:4582: checking the maximum length of command line arguments
configure:4712: result: 1966080
configure:4729: checking whether the shell understands some XSI constructs
configure:4739: result: yes
configure:4743: checking whether the shell understands "+="
configure:4749: result: yes
configure:4784: checking how to convert x86_64-unknown-linux-gnu file names to x86_64-unknown-linux-gnu format
configure:4824: result: func_convert_file_noop
configure:4831: checking how to convert x86_64-unknown-linux-gnu file names to toolchain format
configure:4851: result: func_convert_file_noop
configure:4858: checking for /usr/bin/ld option to reload object files
configure:4865: result: -r
configure:4939: checking for objdump
configure:4955: found /usr/bin/objdump
configure:4966: result: objdump
configure:4998: checking how to recognize dependent libraries
configure:5200: result: pass_all
configure:5285: checking for dlltool
configure:5315: result: no
configure:5345: checking how to associate runtime and link libraries
configure:5372: result: printf %s\n
configure:5433: checking for ar
configure:5449: found /usr/bin/ar
configure:5460: result: ar
configure:5497: checking for archiver @FILE support
configure:5514: gcc -c -g -O2  conftest.c >&5
configure:5514: $? = 0
configure:5517: ar cru libconftest.a @conftest.lst >&5
configure:5520: $? = 0
configure:5525: ar cru libconftest.a @conftest.lst >&5
ar: conftest.o: No such file or directory
configure:5528: $? = 1
configure:5540: result: @
configure:5598: checking for strip
configure:5614: found /usr/bin/strip
configure:5625: result: strip
configure:5697: checking for ranlib
configure:5713: found /usr/bin/ranlib
configure:5724: result: ranlib
configure:5826: checking command to parse /usr/bin/nm -B output from gcc object
configure:5946: gcc -c -g -O2  conftest.c >&5
configure:5949: $? = 0
configure:5953: /usr/bin/nm -B conftest.o \| sed -n -e 's/^.*[ ]\([ABCDGIRSTW][ABCDGIRSTW]*\)[ ][ ]*\([_A-Za-z][_A-Za-z0-9]*\)$/\1 \2 \2/p' | sed '/ __gnu_lto/d' \> conftest.nm
configure:5956: $? = 0
configure:6022: gcc -o conftest -g -O2   conftest.c conftstm.o >&5
configure:6025: $? = 0
configure:6063: result: ok
configure:6100: checking for sysroot
configure:6130: result: no
configure:6207: gcc -c -g -O2  conftest.c >&5
configure:6210: $? = 0
configure:6392: checking for mt
configure:6422: result: no
configure:6442: checking if : is a manifest tool
configure:6448: : '-?'
configure:6456: result: no
configure:7098: checking how to run the C preprocessor
configure:7129: gcc -E  conftest.c
configure:7129: $? = 0
configure:7143: gcc -E  conftest.c
conftest.c:11:10: fatal error: ac_nonexistent.h: No such file or directory
 #include <ac_nonexistent.h>
          ^~~~~~~~~~~~~~~~~~
compilation terminated.
configure:7143: $? = 1
configure: failed program was:
| /* confdefs.h */
| #define PACKAGE_NAME "histoscope"
| #define PACKAGE_TARNAME "histoscope"
| #define PACKAGE_VERSION "4.0.29"
| #define PACKAGE_STRING "histoscope 4.0.29"
| #define PACKAGE_BUGREPORT ""
| #define PACKAGE_URL ""
| #define PACKAGE "histoscope"
| #define VERSION "4.0.29"
| /* end confdefs.h.  */
| #include <ac_nonexistent.h>
configure:7168: result: gcc -E
configure:7188: gcc -E  conftest.c
configure:7188: $? = 0
configure:7202: gcc -E  conftest.c
conftest.c:11:10: fatal error: ac_nonexistent.h: No such file or directory
 #include <ac_nonexistent.h>
          ^~~~~~~~~~~~~~~~~~
compilation terminated.
configure:7202: $? = 1
configure: failed program was:
| /* confdefs.h */
| #define PACKAGE_NAME "histoscope"
| #define PACKAGE_TARNAME "histoscope"
| #define PACKAGE_VERSION "4.0.29"
| #define PACKAGE_STRING "histoscope 4.0.29"
| #define PACKAGE_BUGREPORT ""
| #define PACKAGE_URL ""
| #define PACKAGE "histoscope"
| #define VERSION "4.0.29"
| /* end confdefs.h.  */
| #include <ac_nonexistent.h>
configure:7231: checking for ANSI C header files
configure:7251: gcc -c -g -O2  conftest.c >&5
configure:7251: $? = 0
configure:7324: gcc -o conftest -g -O2   conftest.c  >&5
configure:7324: $? = 0
configure:7324: ./conftest
configure:7324: $? = 0
configure:7335: result: yes
configure:7348: checking for sys/types.h
configure:7348: gcc -c -g -O2  conftest.c >&5
configure:7348: $? = 0
configure:7348: result: yes
configure:7348: checking for sys/stat.h
configure:7348: gcc -c -g -O2  conftest.c >&5
configure:7348: $? = 0
configure:7348: result: yes
configure:7348: checking for stdlib.h
configure:7348: gcc -c -g -O2  conftest.c >&5
configure:7348: $? = 0
configure:7348: result: yes
configure:7348: checking for string.h
configure:7348: gcc -c -g -O2  conftest.c >&5
configure:7348: $? = 0
configure:7348: result: yes
configure:7348: checking for memory.h
configure:7348: gcc -c -g -O2  conftest.c >&5
configure:7348: $? = 0
configure:7348: result: yes
configure:7348: checking for strings.h
configure:7348: gcc -c -g -O2  conftest.c >&5
configure:7348: $? = 0
configure:7348: result: yes
configure:7348: checking for inttypes.h
configure:7348: gcc -c -g -O2  conftest.c >&5
configure:7348: $? = 0
configure:7348: result: yes
configure:7348: checking for stdint.h
configure:7348: gcc -c -g -O2  conftest.c >&5
configure:7348: $? = 0
configure:7348: result: yes
configure:7348: checking for unistd.h
configure:7348: gcc -c -g -O2  conftest.c >&5
configure:7348: $? = 0
configure:7348: result: yes
configure:7362: checking for dlfcn.h
configure:7362: gcc -c -g -O2  conftest.c >&5
configure:7362: $? = 0
configure:7362: result: yes
configure:7568: checking for objdir
configure:7583: result: .libs
configure:7854: checking if gcc supports -fno-rtti -fno-exceptions
configure:7872: gcc -c -g -O2  -fno-rtti -fno-exceptions conftest.c >&5
cc1: warning: command line option '-fno-rtti' is valid for C++/ObjC++ but not for C
configure:7876: $? = 0
configure:7889: result: no
configure:8216: checking for gcc option to produce PIC
configure:8223: result: -fPIC -DPIC
configure:8231: checking if gcc PIC flag -fPIC -DPIC works
configure:8249: gcc -c -g -O2  -fPIC -DPIC -DPIC conftest.c >&5
configure:8253: $? = 0
configure:8266: result: yes
configure:8295: checking if gcc static flag -static works
configure:8323: result: no
configure:8338: checking if gcc supports -c -o file.o
configure:8359: gcc -c -g -O2  -o out/conftest2.o conftest.c >&5
configure:8363: $? = 0
configure:8385: result: yes
configure:8393: checking if gcc supports -c -o file.o
configure:8440: result: yes
configure:8473: checking whether the gcc linker (/usr/bin/ld -m elf_x86_64) supports shared libraries
configure:9626: result: yes
configure:9663: checking whether -lc should be explicitly linked in
configure:9671: gcc -c -g -O2  conftest.c >&5
configure:9674: $? = 0
configure:9689: gcc -shared  -fPIC -DPIC conftest.o  -v -Wl,-soname -Wl,conftest -o conftest 2\>\&1 \| /bin/grep  -lc  \>/dev/null 2\>\&1
configure:9692: $? = 0
configure:9706: result: no
configure:9866: checking dynamic linker characteristics
configure:10377: gcc -o conftest -g -O2   -Wl,-rpath -Wl,/foo conftest.c  >&5
configure:10377: $? = 0
configure:10603: result: GNU/Linux ld.so
configure:10710: checking how to hardcode library paths into programs
configure:10735: result: immediate
configure:11275: checking whether stripping libraries is possible
configure:11280: result: yes
configure:11315: checking if libtool supports shared libraries
configure:11317: result: yes
configure:11320: checking whether to build shared libraries
configure:11341: result: yes
configure:11344: checking whether to build static libraries
configure:11348: result: yes
configure:11390: checking for bison
configure:11406: found /usr/bin/bison
configure:11417: result: bison -y
configure:11617: checking that generated files are newer than configure
configure:11623: result: done
configure:11646: creating ./config.status

## ---------------------- ##
## Running config.status. ##
## ---------------------- ##

This file was extended by histoscope config.status 4.0.29, which was
generated by GNU Autoconf 2.69.  Invocation command line was

  CONFIG_FILES    = 
  CONFIG_HEADERS  = 
  CONFIG_LINKS    = 
  CONFIG_COMMANDS = 
  $ ./config.status 

on fcdflnxgpvm01.fnal.gov

config.status:1016: creating Makefile
config.status:1016: creating histo/Makefile
config.status:1016: creating histo_api/Makefile
config.status:1016: creating histo_util/Makefile
config.status:1016: creating plot_widgets/Makefile
config.status:1016: creating util/Makefile
config.status:1016: creating programs/Makefile
config.status:1016: creating histoscope.pc
config.status:1188: executing depfiles commands
config.status:1188: executing libtool commands

## ---------------- ##
## Cache variables. ##
## ---------------- ##

ac_cv_build=x86_64-unknown-linux-gnu
ac_cv_c_compiler_gnu=yes
ac_cv_env_CC_set=
ac_cv_env_CC_value=
ac_cv_env_CFLAGS_set=
ac_cv_env_CFLAGS_value=
ac_cv_env_CPPFLAGS_set=
ac_cv_env_CPPFLAGS_value=
ac_cv_env_CPP_set=
ac_cv_env_CPP_value=
ac_cv_env_LDFLAGS_set=
ac_cv_env_LDFLAGS_value=
ac_cv_env_LIBS_set=
ac_cv_env_LIBS_value=
ac_cv_env_YACC_set=
ac_cv_env_YACC_value=
ac_cv_env_YFLAGS_set=
ac_cv_env_YFLAGS_value=
ac_cv_env_build_alias_set=
ac_cv_env_build_alias_value=
ac_cv_env_host_alias_set=
ac_cv_env_host_alias_value=
ac_cv_env_target_alias_set=
ac_cv_env_target_alias_value=
ac_cv_header_dlfcn_h=yes
ac_cv_header_inttypes_h=yes
ac_cv_header_memory_h=yes
ac_cv_header_stdc=yes
ac_cv_header_stdint_h=yes
ac_cv_header_stdlib_h=yes
ac_cv_header_string_h=yes
ac_cv_header_strings_h=yes
ac_cv_header_sys_stat_h=yes
ac_cv_header_sys_types_h=yes
ac_cv_header_unistd_h=yes
ac_cv_host=x86_64-unknown-linux-gnu
ac_cv_objext=o
ac_cv_path_EGREP='/bin/grep -E'
ac_cv_path_FGREP='/bin/grep -F'
ac_cv_path_GREP=/bin/grep
ac_cv_path_SED=/bin/sed
ac_cv_path_install='/usr/bin/install -c'
ac_cv_path_mkdir=/bin/mkdir
ac_cv_prog_AWK=gawk
ac_cv_prog_CPP='gcc -E'
ac_cv_prog_YACC='bison -y'
ac_cv_prog_ac_ct_AR=ar
ac_cv_prog_ac_ct_CC=gcc
ac_cv_prog_ac_ct_OBJDUMP=objdump
ac_cv_prog_ac_ct_RANLIB=ranlib
ac_cv_prog_ac_ct_STRIP=strip
ac_cv_prog_cc_c89=
ac_cv_prog_cc_g=yes
ac_cv_prog_make_make_set=yes
am_cv_CC_dependencies_compiler_type=gcc3
am_cv_make_support_nested_variables=yes
am_cv_prog_cc_c_o=yes
lt_cv_ar_at_file=@
lt_cv_archive_cmds_need_lc=no
lt_cv_deplibs_check_method=pass_all
lt_cv_file_magic_cmd='$MAGIC_CMD'
lt_cv_file_magic_test_file=
lt_cv_ld_reload_flag=-r
lt_cv_nm_interface='BSD nm'
lt_cv_objdir=.libs
lt_cv_path_LD=/usr/bin/ld
lt_cv_path_NM='/usr/bin/nm -B'
lt_cv_path_mainfest_tool=no
lt_cv_prog_compiler_c_o=yes
lt_cv_prog_compiler_pic='-fPIC -DPIC'
lt_cv_prog_compiler_pic_works=yes
lt_cv_prog_compiler_rtti_exceptions=no
lt_cv_prog_compiler_static_works=no
lt_cv_prog_gnu_ld=yes
lt_cv_sharedlib_from_linklib_cmd='printf %s\n'
lt_cv_shlibpath_overrides_runpath=no
lt_cv_sys_global_symbol_pipe='sed -n -e '\''s/^.*[	 ]\([ABCDGIRSTW][ABCDGIRSTW]*\)[	 ][	 ]*\([_A-Za-z][_A-Za-z0-9]*\)$/\1 \2 \2/p'\'' | sed '\''/ __gnu_lto/d'\'''
lt_cv_sys_global_symbol_to_c_name_address='sed -n -e '\''s/^: \([^ ]*\)[ ]*$/  {\"\1\", (void *) 0},/p'\'' -e '\''s/^[ABCDGIRSTW]* \([^ ]*\) \([^ ]*\)$/  {"\2", (void *) \&\2},/p'\'''
lt_cv_sys_global_symbol_to_c_name_address_lib_prefix='sed -n -e '\''s/^: \([^ ]*\)[ ]*$/  {\"\1\", (void *) 0},/p'\'' -e '\''s/^[ABCDGIRSTW]* \([^ ]*\) \(lib[^ ]*\)$/  {"\2", (void *) \&\2},/p'\'' -e '\''s/^[ABCDGIRSTW]* \([^ ]*\) \([^ ]*\)$/  {"lib\2", (void *) \&\2},/p'\'''
lt_cv_sys_global_symbol_to_cdecl='sed -n -e '\''s/^T .* \(.*\)$/extern int \1();/p'\'' -e '\''s/^[ABCDGIRSTW]* .* \(.*\)$/extern char \1;/p'\'''
lt_cv_sys_max_cmd_len=1966080
lt_cv_to_host_file_cmd=func_convert_file_noop
lt_cv_to_tool_file_cmd=func_convert_file_noop

## ----------------- ##
## Output variables. ##
## ----------------- ##

ACLOCAL='${SHELL} /cdf/home/kanzhang/Topmass_SL6/src/histoscope-4.0.29/missing aclocal-1.14'
AMDEPBACKSLASH='\'
AMDEP_FALSE='#'
AMDEP_TRUE=''
AMTAR='$${TAR-tar}'
AM_BACKSLASH='\'
AM_DEFAULT_V='$(AM_DEFAULT_VERBOSITY)'
AM_DEFAULT_VERBOSITY='1'
AM_V='$(V)'
AR='ar'
AUTOCONF='${SHELL} /cdf/home/kanzhang/Topmass_SL6/src/histoscope-4.0.29/missing autoconf'
AUTOHEADER='${SHELL} /cdf/home/kanzhang/Topmass_SL6/src/histoscope-4.0.29/missing autoheader'
AUTOMAKE='${SHELL} /cdf/home/kanzhang/Topmass_SL6/src/histoscope-4.0.29/missing automake-1.14'
AWK='gawk'
CC='gcc'
CCDEPMODE='depmode=gcc3'
CFLAGS='-g -O2'
CPP='gcc -E'
CPPFLAGS=''
CYGPATH_W='echo'
DEFS='-DPACKAGE_NAME=\"histoscope\" -DPACKAGE_TARNAME=\"histoscope\" -DPACKAGE_VERSION=\"4.0.29\" -DPACKAGE_STRING=\"histoscope\ 4.0.29\" -DPACKAGE_BUGREPORT=\"\" -DPACKAGE_URL=\"\" -DPACKAGE=\"histoscope\" -DVERSION=\"4.0.29\" -DSTDC_HEADERS=1 -DHAVE_SYS_TYPES_H=1 -DHAVE_SYS_STAT_H=1 -DHAVE_STDLIB_H=1 -DHAVE_STRING_H=1 -DHAVE_MEMORY_H=1 -DHAVE_STRINGS_H=1 -DHAVE_INTTYPES_H=1 -DHAVE_STDINT_H=1 -DHAVE_UNISTD_H=1 -DHAVE_DLFCN_H=1 -DLT_OBJDIR=\".libs/\"'
DEPDIR='.deps'
DLLTOOL='false'
DSYMUTIL=''
DUMPBIN=''
ECHO_C=''
ECHO_N='-n'
ECHO_T=''
EGREP='/bin/grep -E'
EXEEXT=''
FGREP='/bin/grep -F'
GREP='/bin/grep'
INSTALL_DATA='${INSTALL} -m 644'
INSTALL_PROGRAM='${INSTALL}'
INSTALL_SCRIPT='${INSTALL}'
INSTALL_STRIP_PROGRAM='$(install_sh) -c -s'
LD='/usr/bin/ld -m elf_x86_64'
LDFLAGS=''
LIBOBJS=''
LIBS=''
LIBTOOL='$(SHELL) $(top_builddir)/libtool'
LIPO=''
LN_S='ln -s'
LTLIBOBJS=''
MAKEINFO='${SHELL} /cdf/home/kanzhang/Topmass_SL6/src/histoscope-4.0.29/missing makeinfo'
MANIFEST_TOOL=':'
MKDIR_P='/bin/mkdir -p'
MOTIF_CFLAGS='-I/usr/include/X11'
MOTIF_LIBS='-L/usr/lib64 -lXm'
NM='/usr/bin/nm -B'
NMEDIT=''
OBJDUMP='objdump'
OBJEXT='o'
OTOOL64=''
OTOOL=''
PACKAGE='histoscope'
PACKAGE_BUGREPORT=''
PACKAGE_NAME='histoscope'
PACKAGE_STRING='histoscope 4.0.29'
PACKAGE_TARNAME='histoscope'
PACKAGE_URL=''
PACKAGE_VERSION='4.0.29'
PATH_SEPARATOR=':'
RANLIB='ranlib'
SED='/bin/sed'
SET_MAKE=''
SHELL='/bin/sh'
STRIP='strip'
VERSION='4.0.29'
X11_CFLAGS='-I/usr/include/X11'
X11_LIBS='-L/usr/lib64 -lXt -lX11'
YACC='bison -y'
YFLAGS=''
ac_ct_AR='ar'
ac_ct_CC='gcc'
ac_ct_DUMPBIN=''
am__EXEEXT_FALSE=''
am__EXEEXT_TRUE='#'
am__fastdepCC_FALSE='#'
am__fastdepCC_TRUE=''
am__include='include'
am__isrc=''
am__leading_dot='.'
am__nodep='_no'
am__quote=''
am__tar='$${TAR-tar} chof - "$$tardir"'
am__untar='$${TAR-tar} xf -'
bindir='${exec_prefix}/bin'
build='x86_64-unknown-linux-gnu'
build_alias=''
build_cpu='x86_64'
build_os='linux-gnu'
build_vendor='unknown'
datadir='${datarootdir}'
datarootdir='${prefix}/share'
docdir='${datarootdir}/doc/${PACKAGE_TARNAME}'
dvidir='${docdir}'
exec_prefix='${prefix}'
host='x86_64-unknown-linux-gnu'
host_alias=''
host_cpu='x86_64'
host_os='linux-gnu'
host_vendor='unknown'
htmldir='${docdir}'
includedir='${prefix}/include'
infodir='${datarootdir}/info'
install_sh='${SHELL} /cdf/home/kanzhang/Topmass_SL6/src/histoscope-4.0.29/install-sh'
libdir='${exec_prefix}/lib'
libexecdir='${exec_prefix}/libexec'
localedir='${datarootdir}/locale'
localstatedir='${prefix}/var'
mandir='${datarootdir}/man'
mkdir_p='$(MKDIR_P)'
oldincludedir='/usr/include'
pdfdir='${docdir}'
prefix='/cdf/home/kanzhang/Topmass_SL6'
program_transform_name='s,x,x,'
psdir='${docdir}'
sbindir='${exec_prefix}/sbin'
sharedstatedir='${prefix}/com'
sysconfdir='${prefix}/etc'
target_alias=''

## ----------- ##
## confdefs.h. ##
## ----------- ##

/* confdefs.h */
#define PACKAGE_NAME "histoscope"
#define PACKAGE_TARNAME "histoscope"
#define PACKAGE_VERSION "4.0.29"
#define PACKAGE_STRING "histoscope 4.0.29"
#define PACKAGE_BUGREPORT ""
#define PACKAGE_URL ""
#define PACKAGE "histoscope"
#define VERSION "4.0.29"
#define STDC_HEADERS 1
#define HAVE_SYS_TYPES_H 1
#define HAVE_SYS_STAT_H 1
#define HAVE_STDLIB_H 1
#define HAVE_STRING_H 1
#define HAVE_MEMORY_H 1
#define HAVE_STRINGS_H 1
#define HAVE_INTTYPES_H 1
#define HAVE_STDINT_H 1
#define HAVE_UNISTD_H 1
#define HAVE_DLFCN_H 1
#define LT_OBJDIR ".libs/"

configure: exit 0
