
**** Diagnostics for pseudo-experiment 0 (processing took 11.5125 sec)
bandwidth = 0.106811
foldedSum = 988.014
unfoldedSum = 1008.78
smoothedOracleSum = 1000
foldedLogli = -233.767
unfoldedLogli = -796.294
unfoldedISE = 0.00700908
unfoldedDiagChisq = 2790.45
smoothedUnfoldedLogli = -796.783
smoothedUnfoldedISE = 0.00710585
smoothedUnfoldedDiagChisq = 2822.22
filterNDoFEntropic = 61.375
filterNDoFTrace = 37.475
foldingNDoFEntropic = 6.65522
foldingNDoFTrace = 3.93365
unfoldedNDoFEntropic = 7.9797
unfoldedNDoFTrace = 3.94446
modelNDoFEntropic = 9.54249
modelNDoFTrace = 8.02433
modelNDoF3 = 8.09496
AICcEntropic = 486.824
AICcTrace = 483.73
AICc3 = 483.874
smoothingNormfactor = 1
integratedVariance = 1.30243
nIterations = 388
unfoldingStatus = 1
foldedDistance_0 = 8.40021e-05
foldedPValue_0 = 0.999998

**** Diagnostics for pseudo-experiment 1 (processing took 7.65363 sec)
bandwidth = 0.191897
foldedSum = 988.162
unfoldedSum = 1008.05
smoothedOracleSum = 1000
foldedLogli = -240.67
unfoldedLogli = -740.104
unfoldedISE = 0.00174275
unfoldedDiagChisq = 911.681
smoothedUnfoldedLogli = -739.654
smoothedUnfoldedISE = 0.00155399
smoothedUnfoldedDiagChisq = 863.87
filterNDoFEntropic = 34.3461
filterNDoFTrace = 21.0805
foldingNDoFEntropic = 6.57653
foldingNDoFTrace = 3.89113
unfoldedNDoFEntropic = 8.18694
unfoldedNDoFTrace = 4.00932
modelNDoFEntropic = 8.42268
modelNDoFTrace = 6.85547
modelNDoF3 = 6.9225
AICcEntropic = 498.348
AICcTrace = 495.162
AICc3 = 495.298
smoothingNormfactor = 1
integratedVariance = 0.676067
nIterations = 162
unfoldingStatus = 1
foldedDistance_0 = 0.0001231
foldedPValue_0 = 0.999772

**** Diagnostics for pseudo-experiment 2 (processing took 3.60114 sec)
bandwidth = 0.185186
foldedSum = 982.017
unfoldedSum = 1000.29
smoothedOracleSum = 1000
foldedLogli = -244.268
unfoldedLogli = -778.836
unfoldedISE = 0.00112173
unfoldedDiagChisq = 442.453
smoothedUnfoldedLogli = -778.077
smoothedUnfoldedISE = 0.000988818
smoothedUnfoldedDiagChisq = 399.18
filterNDoFEntropic = 35.5756
filterNDoFTrace = 21.8262
foldingNDoFEntropic = 6.58422
foldingNDoFTrace = 3.89528
unfoldedNDoFEntropic = 8.37419
unfoldedNDoFTrace = 3.97355
modelNDoFEntropic = 8.49307
modelNDoFTrace = 6.928
modelNDoF3 = 6.99532
AICcEntropic = 505.688
AICcTrace = 502.505
AICc3 = 502.641
smoothingNormfactor = 1
integratedVariance = 0.712007
nIterations = 191
unfoldingStatus = 1
foldedDistance_0 = 0.000177287
foldedPValue_0 = 0.99591

**** Diagnostics for pseudo-experiment 3 (processing took 3.58297 sec)
bandwidth = 0.185814
foldedSum = 987.05
unfoldedSum = 1008
smoothedOracleSum = 1000
foldedLogli = -240.807
unfoldedLogli = -793.971
unfoldedISE = 0.00185212
unfoldedDiagChisq = 844.039
smoothedUnfoldedLogli = -793.246
smoothedUnfoldedISE = 0.00165026
smoothedUnfoldedDiagChisq = 806.539
filterNDoFEntropic = 35.4567
filterNDoFTrace = 21.7542
foldingNDoFEntropic = 6.58351
foldingNDoFTrace = 3.8949
unfoldedNDoFEntropic = 8.37468
unfoldedNDoFTrace = 4.05187
modelNDoFEntropic = 8.48639
modelNDoFTrace = 6.92111
modelNDoF3 = 6.9884
AICcEntropic = 498.752
AICcTrace = 495.569
AICc3 = 495.705
smoothingNormfactor = 1
integratedVariance = 0.730598
nIterations = 170
unfoldingStatus = 1
foldedDistance_0 = 0.000133505
foldedPValue_0 = 0.999521

**** Diagnostics for pseudo-experiment 4 (processing took 5.03689 sec)
bandwidth = 0.124106
foldedSum = 983.163
unfoldedSum = 1014.25
smoothedOracleSum = 1000
foldedLogli = -233.799
unfoldedLogli = -776.802
unfoldedISE = 0.00350374
unfoldedDiagChisq = 2087.41
smoothedUnfoldedLogli = -777.197
smoothedUnfoldedISE = 0.00355428
smoothedUnfoldedDiagChisq = 2108.59
filterNDoFEntropic = 52.8799
filterNDoFTrace = 32.3223
foldingNDoFEntropic = 6.64263
foldingNDoFTrace = 3.92684
unfoldedNDoFEntropic = 8.35016
unfoldedNDoFTrace = 3.91336
modelNDoFEntropic = 9.26326
modelNDoFTrace = 7.73038
modelNDoF3 = 7.80028
AICcEntropic = 486.319
AICcTrace = 483.196
AICc3 = 483.339
smoothingNormfactor = 1
integratedVariance = 1.15706
nIterations = 311
unfoldingStatus = 1
foldedDistance_0 = 0.000158726
foldedPValue_0 = 0.998103
PASS ems_unfold_1d (exit status: 0)
