This file contains any messages produced by compilers while
running configure, to aid debugging if configure makes a mistake.

It was created by geners configure 1.11.1, which was
generated by GNU Autoconf 2.69.  Invocation command line was

  $ ./configure --with-pic --prefix=/cdf/home/kanzhang/Topmass_SL6

## --------- ##
## Platform. ##
## --------- ##

hostname = fcdflnxgpvm01.fnal.gov
uname -m = x86_64
uname -r = 2.6.32-754.3.5.el6.x86_64
uname -s = Linux
uname -v = #1 SMP Tue Aug 14 15:20:19 CDT 2018

/usr/bin/uname -p = unknown
/bin/uname -X     = unknown

/bin/arch              = x86_64
/usr/bin/arch -k       = unknown
/usr/convex/getsysinfo = unknown
/usr/bin/hostinfo      = unknown
/bin/machine           = unknown
/usr/bin/oslevel       = unknown
/bin/universe          = unknown

PATH: /cdf/home/kanzhang/Topmass_SL6/bin
PATH: /cdf/proj/401.top/igv/compilers/bin
PATH: /usr/krb5/bin
PATH: /usr/krb5/bin
PATH: /usr/lib64/qt-3.3/bin
PATH: /opt/puppetlabs/bin
PATH: /usr/kerberos/sbin
PATH: /usr/kerberos/bin
PATH: /usr/local/bin
PATH: /bin
PATH: /usr/bin
PATH: /usr/local/sbin
PATH: /usr/sbin
PATH: /sbin
PATH: /opt/puppetlabs/bin
PATH: /opt/puppetlabs/bin


## ----------- ##
## Core tests. ##
## ----------- ##

configure:2330: checking for a BSD-compatible install
configure:2398: result: /usr/bin/install -c
configure:2409: checking whether build environment is sane
configure:2464: result: yes
configure:2615: checking for a thread-safe mkdir -p
configure:2654: result: /bin/mkdir -p
configure:2661: checking for gawk
configure:2677: found /bin/gawk
configure:2688: result: gawk
configure:2699: checking whether make sets $(MAKE)
configure:2721: result: yes
configure:2750: checking whether make supports nested variables
configure:2767: result: yes
configure:2925: checking build system type
configure:2939: result: x86_64-pc-linux-gnu
configure:2959: checking host system type
configure:2972: result: x86_64-pc-linux-gnu
configure:3013: checking how to print strings
configure:3040: result: printf
configure:3073: checking for style of include used by make
configure:3101: result: GNU
configure:3172: checking for gcc
configure:3188: found /cdf/proj/401.top/igv/compilers/bin/gcc
configure:3199: result: gcc
configure:3428: checking for C compiler version
configure:3437: gcc --version >&5
gcc (GCC) 7.3.0
Copyright (C) 2017 Free Software Foundation, Inc.
This is free software; see the source for copying conditions.  There is NO
warranty; not even for MERCHANTABILITY or FITNESS FOR A PARTICULAR PURPOSE.

configure:3448: $? = 0
configure:3437: gcc -v >&5
Using built-in specs.
COLLECT_GCC=gcc
COLLECT_LTO_WRAPPER=/pnfs/cdfen/persistent/proj/401.top/igv/compilers/bin/../libexec/gcc/x86_64-pc-linux-gnu/7.3.0/lto-wrapper
Target: x86_64-pc-linux-gnu
Configured with: /cdf/proj/401.top/igv/compilers/src/gcc-7.3.0/configure --prefix=/cdf/proj/401.top/igv/compilers --enable-languages=c,c++,fortran
Thread model: posix
gcc version 7.3.0 (GCC) 
configure:3448: $? = 0
configure:3437: gcc -V >&5
gcc: error: unrecognized command line option '-V'
gcc: fatal error: no input files
compilation terminated.
configure:3448: $? = 1
configure:3437: gcc -qversion >&5
gcc: error: unrecognized command line option '-qversion'; did you mean '--version'?
gcc: fatal error: no input files
compilation terminated.
configure:3448: $? = 1
configure:3468: checking whether the C compiler works
configure:3490: gcc    conftest.c  >&5
configure:3494: $? = 0
configure:3542: result: yes
configure:3545: checking for C compiler default output file name
configure:3547: result: a.out
configure:3553: checking for suffix of executables
configure:3560: gcc -o conftest    conftest.c  >&5
configure:3564: $? = 0
configure:3586: result: 
configure:3608: checking whether we are cross compiling
configure:3616: gcc -o conftest    conftest.c  >&5
configure:3620: $? = 0
configure:3627: ./conftest
configure:3631: $? = 0
configure:3646: result: no
configure:3651: checking for suffix of object files
configure:3673: gcc -c   conftest.c >&5
configure:3677: $? = 0
configure:3698: result: o
configure:3702: checking whether we are using the GNU C compiler
configure:3721: gcc -c   conftest.c >&5
configure:3721: $? = 0
configure:3730: result: yes
configure:3739: checking whether gcc accepts -g
configure:3759: gcc -c -g  conftest.c >&5
configure:3759: $? = 0
configure:3800: result: yes
configure:3817: checking for gcc option to accept ISO C89
configure:3880: gcc  -c -g -O2  conftest.c >&5
configure:3880: $? = 0
configure:3893: result: none needed
configure:3918: checking whether gcc understands -c and -o together
configure:3940: gcc -c conftest.c -o conftest2.o
configure:3943: $? = 0
configure:3940: gcc -c conftest.c -o conftest2.o
configure:3943: $? = 0
configure:3955: result: yes
configure:3974: checking dependency style of gcc
configure:4085: result: gcc3
configure:4100: checking for a sed that does not truncate output
configure:4164: result: /bin/sed
configure:4182: checking for grep that handles long lines and -e
configure:4240: result: /bin/grep
configure:4245: checking for egrep
configure:4307: result: /bin/grep -E
configure:4312: checking for fgrep
configure:4374: result: /bin/grep -F
configure:4409: checking for ld used by gcc
configure:4476: result: /usr/bin/ld
configure:4483: checking if the linker (/usr/bin/ld) is GNU ld
configure:4498: result: yes
configure:4510: checking for BSD- or MS-compatible name lister (nm)
configure:4564: result: /usr/bin/nm -B
configure:4694: checking the name lister (/usr/bin/nm -B) interface
configure:4701: gcc -c -g -O2  conftest.c >&5
configure:4704: /usr/bin/nm -B "conftest.o"
configure:4707: output
0000000000000000 B some_variable
configure:4714: result: BSD nm
configure:4717: checking whether ln -s works
configure:4721: result: yes
configure:4729: checking the maximum length of command line arguments
configure:4860: result: 1966080
configure:4908: checking how to convert x86_64-pc-linux-gnu file names to x86_64-pc-linux-gnu format
configure:4948: result: func_convert_file_noop
configure:4955: checking how to convert x86_64-pc-linux-gnu file names to toolchain format
configure:4975: result: func_convert_file_noop
configure:4982: checking for /usr/bin/ld option to reload object files
configure:4989: result: -r
configure:5063: checking for objdump
configure:5079: found /usr/bin/objdump
configure:5090: result: objdump
configure:5122: checking how to recognize dependent libraries
configure:5322: result: pass_all
configure:5407: checking for dlltool
configure:5437: result: no
configure:5467: checking how to associate runtime and link libraries
configure:5494: result: printf %s\n
configure:5555: checking for ar
configure:5571: found /usr/bin/ar
configure:5582: result: ar
configure:5619: checking for archiver @FILE support
configure:5636: gcc -c -g -O2  conftest.c >&5
configure:5636: $? = 0
configure:5639: ar cru libconftest.a @conftest.lst >&5
configure:5642: $? = 0
configure:5647: ar cru libconftest.a @conftest.lst >&5
ar: conftest.o: No such file or directory
configure:5650: $? = 1
configure:5662: result: @
configure:5720: checking for strip
configure:5736: found /usr/bin/strip
configure:5747: result: strip
configure:5819: checking for ranlib
configure:5835: found /usr/bin/ranlib
configure:5846: result: ranlib
configure:5948: checking command to parse /usr/bin/nm -B output from gcc object
configure:6101: gcc -c -g -O2  conftest.c >&5
configure:6104: $? = 0
configure:6108: /usr/bin/nm -B conftest.o \| sed -n -e 's/^.*[ ]\([ABCDGIRSTW][ABCDGIRSTW]*\)[ ][ ]*\([_A-Za-z][_A-Za-z0-9]*\)$/\1 \2 \2/p' | sed '/ __gnu_lto/d' \> conftest.nm
configure:6111: $? = 0
configure:6177: gcc -o conftest -g -O2   conftest.c conftstm.o >&5
configure:6180: $? = 0
configure:6218: result: ok
configure:6265: checking for sysroot
configure:6295: result: no
configure:6302: checking for a working dd
configure:6340: result: /bin/dd
configure:6344: checking how to truncate binary pipes
configure:6359: result: /bin/dd bs=4096 count=1
configure:6495: gcc -c -g -O2  conftest.c >&5
configure:6498: $? = 0
configure:6688: checking for mt
configure:6718: result: no
configure:6738: checking if : is a manifest tool
configure:6744: : '-?'
configure:6752: result: no
configure:7429: checking how to run the C preprocessor
configure:7460: gcc -E  conftest.c
configure:7460: $? = 0
configure:7474: gcc -E  conftest.c
conftest.c:11:10: fatal error: ac_nonexistent.h: No such file or directory
 #include <ac_nonexistent.h>
          ^~~~~~~~~~~~~~~~~~
compilation terminated.
configure:7474: $? = 1
configure: failed program was:
| /* confdefs.h */
| #define PACKAGE_NAME "geners"
| #define PACKAGE_TARNAME "geners"
| #define PACKAGE_VERSION "1.11.1"
| #define PACKAGE_STRING "geners 1.11.1"
| #define PACKAGE_BUGREPORT ""
| #define PACKAGE_URL ""
| #define PACKAGE "geners"
| #define VERSION "1.11.1"
| /* end confdefs.h.  */
| #include <ac_nonexistent.h>
configure:7499: result: gcc -E
configure:7519: gcc -E  conftest.c
configure:7519: $? = 0
configure:7533: gcc -E  conftest.c
conftest.c:11:10: fatal error: ac_nonexistent.h: No such file or directory
 #include <ac_nonexistent.h>
          ^~~~~~~~~~~~~~~~~~
compilation terminated.
configure:7533: $? = 1
configure: failed program was:
| /* confdefs.h */
| #define PACKAGE_NAME "geners"
| #define PACKAGE_TARNAME "geners"
| #define PACKAGE_VERSION "1.11.1"
| #define PACKAGE_STRING "geners 1.11.1"
| #define PACKAGE_BUGREPORT ""
| #define PACKAGE_URL ""
| #define PACKAGE "geners"
| #define VERSION "1.11.1"
| /* end confdefs.h.  */
| #include <ac_nonexistent.h>
configure:7562: checking for ANSI C header files
configure:7582: gcc -c -g -O2  conftest.c >&5
configure:7582: $? = 0
configure:7655: gcc -o conftest -g -O2   conftest.c  >&5
configure:7655: $? = 0
configure:7655: ./conftest
configure:7655: $? = 0
configure:7666: result: yes
configure:7679: checking for sys/types.h
configure:7679: gcc -c -g -O2  conftest.c >&5
configure:7679: $? = 0
configure:7679: result: yes
configure:7679: checking for sys/stat.h
configure:7679: gcc -c -g -O2  conftest.c >&5
configure:7679: $? = 0
configure:7679: result: yes
configure:7679: checking for stdlib.h
configure:7679: gcc -c -g -O2  conftest.c >&5
configure:7679: $? = 0
configure:7679: result: yes
configure:7679: checking for string.h
configure:7679: gcc -c -g -O2  conftest.c >&5
configure:7679: $? = 0
configure:7679: result: yes
configure:7679: checking for memory.h
configure:7679: gcc -c -g -O2  conftest.c >&5
configure:7679: $? = 0
configure:7679: result: yes
configure:7679: checking for strings.h
configure:7679: gcc -c -g -O2  conftest.c >&5
configure:7679: $? = 0
configure:7679: result: yes
configure:7679: checking for inttypes.h
configure:7679: gcc -c -g -O2  conftest.c >&5
configure:7679: $? = 0
configure:7679: result: yes
configure:7679: checking for stdint.h
configure:7679: gcc -c -g -O2  conftest.c >&5
configure:7679: $? = 0
configure:7679: result: yes
configure:7679: checking for unistd.h
configure:7679: gcc -c -g -O2  conftest.c >&5
configure:7679: $? = 0
configure:7679: result: yes
configure:7693: checking for dlfcn.h
configure:7693: gcc -c -g -O2  conftest.c >&5
configure:7693: $? = 0
configure:7693: result: yes
configure:7949: checking for objdir
configure:7964: result: .libs
configure:8228: checking if gcc supports -fno-rtti -fno-exceptions
configure:8246: gcc -c -g -O2  -fno-rtti -fno-exceptions conftest.c >&5
cc1: warning: command line option '-fno-rtti' is valid for C++/ObjC++ but not for C
configure:8250: $? = 0
configure:8263: result: no
configure:8621: checking for gcc option to produce PIC
configure:8628: result: -fPIC -DPIC
configure:8636: checking if gcc PIC flag -fPIC -DPIC works
configure:8654: gcc -c -g -O2  -fPIC -DPIC -DPIC conftest.c >&5
configure:8658: $? = 0
configure:8671: result: yes
configure:8700: checking if gcc static flag -static works
configure:8728: result: no
configure:8743: checking if gcc supports -c -o file.o
configure:8764: gcc -c -g -O2  -o out/conftest2.o conftest.c >&5
configure:8768: $? = 0
configure:8790: result: yes
configure:8798: checking if gcc supports -c -o file.o
configure:8845: result: yes
configure:8878: checking whether the gcc linker (/usr/bin/ld -m elf_x86_64) supports shared libraries
configure:10141: result: yes
configure:10178: checking whether -lc should be explicitly linked in
configure:10186: gcc -c -g -O2  conftest.c >&5
configure:10189: $? = 0
configure:10204: gcc -shared  -fPIC -DPIC conftest.o  -v -Wl,-soname -Wl,conftest -o conftest 2\>\&1 \| /bin/grep  -lc  \>/dev/null 2\>\&1
configure:10207: $? = 0
configure:10221: result: no
configure:10381: checking dynamic linker characteristics
configure:10962: gcc -o conftest -g -O2   -Wl,-rpath -Wl,/foo conftest.c  >&5
configure:10962: $? = 0
configure:11211: result: GNU/Linux ld.so
configure:11333: checking how to hardcode library paths into programs
configure:11358: result: immediate
configure:11906: checking whether stripping libraries is possible
configure:11911: result: yes
configure:11946: checking if libtool supports shared libraries
configure:11948: result: yes
configure:11951: checking whether to build shared libraries
configure:11976: result: yes
configure:11979: checking whether to build static libraries
configure:11983: result: yes
configure:12078: checking for g++
configure:12094: found /cdf/proj/401.top/igv/compilers/bin/g++
configure:12105: result: g++
configure:12132: checking for C++ compiler version
configure:12141: g++ --version >&5
g++ (GCC) 7.3.0
Copyright (C) 2017 Free Software Foundation, Inc.
This is free software; see the source for copying conditions.  There is NO
warranty; not even for MERCHANTABILITY or FITNESS FOR A PARTICULAR PURPOSE.

configure:12152: $? = 0
configure:12141: g++ -v >&5
Using built-in specs.
COLLECT_GCC=g++
COLLECT_LTO_WRAPPER=/pnfs/cdfen/persistent/proj/401.top/igv/compilers/bin/../libexec/gcc/x86_64-pc-linux-gnu/7.3.0/lto-wrapper
Target: x86_64-pc-linux-gnu
Configured with: /cdf/proj/401.top/igv/compilers/src/gcc-7.3.0/configure --prefix=/cdf/proj/401.top/igv/compilers --enable-languages=c,c++,fortran
Thread model: posix
gcc version 7.3.0 (GCC) 
configure:12152: $? = 0
configure:12141: g++ -V >&5
g++: error: unrecognized command line option '-V'
g++: fatal error: no input files
compilation terminated.
configure:12152: $? = 1
configure:12141: g++ -qversion >&5
g++: error: unrecognized command line option '-qversion'; did you mean '--version'?
g++: fatal error: no input files
compilation terminated.
configure:12152: $? = 1
configure:12156: checking whether we are using the GNU C++ compiler
configure:12175: g++ -c -std=c++11 -O3 -Wall -W -Werror  conftest.cpp >&5
configure:12175: $? = 0
configure:12184: result: yes
configure:12193: checking whether g++ accepts -g
configure:12213: g++ -c -g  conftest.cpp >&5
configure:12213: $? = 0
configure:12254: result: yes
configure:12279: checking dependency style of g++
configure:12390: result: gcc3
configure:12423: checking how to run the C++ preprocessor
configure:12450: g++ -E  conftest.cpp
configure:12450: $? = 0
configure:12464: g++ -E  conftest.cpp
conftest.cpp:23:10: fatal error: ac_nonexistent.h: No such file or directory
 #include <ac_nonexistent.h>
          ^~~~~~~~~~~~~~~~~~
compilation terminated.
configure:12464: $? = 1
configure: failed program was:
| /* confdefs.h */
| #define PACKAGE_NAME "geners"
| #define PACKAGE_TARNAME "geners"
| #define PACKAGE_VERSION "1.11.1"
| #define PACKAGE_STRING "geners 1.11.1"
| #define PACKAGE_BUGREPORT ""
| #define PACKAGE_URL ""
| #define PACKAGE "geners"
| #define VERSION "1.11.1"
| #define STDC_HEADERS 1
| #define HAVE_SYS_TYPES_H 1
| #define HAVE_SYS_STAT_H 1
| #define HAVE_STDLIB_H 1
| #define HAVE_STRING_H 1
| #define HAVE_MEMORY_H 1
| #define HAVE_STRINGS_H 1
| #define HAVE_INTTYPES_H 1
| #define HAVE_STDINT_H 1
| #define HAVE_UNISTD_H 1
| #define HAVE_DLFCN_H 1
| #define LT_OBJDIR ".libs/"
| /* end confdefs.h.  */
| #include <ac_nonexistent.h>
configure:12489: result: g++ -E
configure:12509: g++ -E  conftest.cpp
configure:12509: $? = 0
configure:12523: g++ -E  conftest.cpp
conftest.cpp:23:10: fatal error: ac_nonexistent.h: No such file or directory
 #include <ac_nonexistent.h>
          ^~~~~~~~~~~~~~~~~~
compilation terminated.
configure:12523: $? = 1
configure: failed program was:
| /* confdefs.h */
| #define PACKAGE_NAME "geners"
| #define PACKAGE_TARNAME "geners"
| #define PACKAGE_VERSION "1.11.1"
| #define PACKAGE_STRING "geners 1.11.1"
| #define PACKAGE_BUGREPORT ""
| #define PACKAGE_URL ""
| #define PACKAGE "geners"
| #define VERSION "1.11.1"
| #define STDC_HEADERS 1
| #define HAVE_SYS_TYPES_H 1
| #define HAVE_SYS_STAT_H 1
| #define HAVE_STDLIB_H 1
| #define HAVE_STRING_H 1
| #define HAVE_MEMORY_H 1
| #define HAVE_STRINGS_H 1
| #define HAVE_INTTYPES_H 1
| #define HAVE_STDINT_H 1
| #define HAVE_UNISTD_H 1
| #define HAVE_DLFCN_H 1
| #define LT_OBJDIR ".libs/"
| /* end confdefs.h.  */
| #include <ac_nonexistent.h>
configure:12685: checking for ld used by g++
configure:12752: result: /usr/bin/ld -m elf_x86_64
configure:12759: checking if the linker (/usr/bin/ld -m elf_x86_64) is GNU ld
configure:12774: result: yes
configure:12829: checking whether the g++ linker (/usr/bin/ld -m elf_x86_64) supports shared libraries
configure:13902: result: yes
configure:13938: g++ -c -std=c++11 -O3 -Wall -W -Werror  conftest.cpp >&5
configure:13941: $? = 0
configure:14422: checking for g++ option to produce PIC
configure:14429: result: -fPIC -DPIC
configure:14437: checking if g++ PIC flag -fPIC -DPIC works
configure:14455: g++ -c -std=c++11 -O3 -Wall -W -Werror  -fPIC -DPIC -DPIC conftest.cpp >&5
configure:14459: $? = 0
configure:14472: result: yes
configure:14495: checking if g++ static flag -static works
configure:14523: result: no
configure:14535: checking if g++ supports -c -o file.o
configure:14556: g++ -c -std=c++11 -O3 -Wall -W -Werror  -o out/conftest2.o conftest.cpp >&5
configure:14560: $? = 0
configure:14582: result: yes
configure:14587: checking if g++ supports -c -o file.o
configure:14634: result: yes
configure:14664: checking whether the g++ linker (/usr/bin/ld -m elf_x86_64) supports shared libraries
configure:14707: result: yes
configure:14848: checking dynamic linker characteristics
configure:15605: result: GNU/Linux ld.so
configure:15670: checking how to hardcode library paths into programs
configure:15695: result: immediate
configure:15927: checking that generated files are newer than configure
configure:15933: result: done
configure:15960: creating ./config.status

## ---------------------- ##
## Running config.status. ##
## ---------------------- ##

This file was extended by geners config.status 1.11.1, which was
generated by GNU Autoconf 2.69.  Invocation command line was

  CONFIG_FILES    = 
  CONFIG_HEADERS  = 
  CONFIG_LINKS    = 
  CONFIG_COMMANDS = 
  $ ./config.status 

on fcdflnxgpvm01.fnal.gov

config.status:1077: creating Makefile
config.status:1077: creating geners/Makefile
config.status:1077: creating examples/Makefile
config.status:1077: creating tools/Makefile
config.status:1077: creating geners.pc
config.status:1249: executing depfiles commands
config.status:1249: executing libtool commands

## ---------------- ##
## Cache variables. ##
## ---------------- ##

ac_cv_build=x86_64-pc-linux-gnu
ac_cv_c_compiler_gnu=yes
ac_cv_cxx_compiler_gnu=yes
ac_cv_env_CCC_set=
ac_cv_env_CCC_value=
ac_cv_env_CC_set=
ac_cv_env_CC_value=
ac_cv_env_CFLAGS_set=
ac_cv_env_CFLAGS_value=
ac_cv_env_CPPFLAGS_set=
ac_cv_env_CPPFLAGS_value=
ac_cv_env_CPP_set=
ac_cv_env_CPP_value=
ac_cv_env_CXXCPP_set=
ac_cv_env_CXXCPP_value=
ac_cv_env_CXXFLAGS_set=set
ac_cv_env_CXXFLAGS_value='-std=c++11 -O3 -Wall -W -Werror'
ac_cv_env_CXX_set=
ac_cv_env_CXX_value=
ac_cv_env_LDFLAGS_set=
ac_cv_env_LDFLAGS_value=
ac_cv_env_LIBS_set=
ac_cv_env_LIBS_value=
ac_cv_env_LT_SYS_LIBRARY_PATH_set=
ac_cv_env_LT_SYS_LIBRARY_PATH_value=
ac_cv_env_build_alias_set=
ac_cv_env_build_alias_value=
ac_cv_env_host_alias_set=
ac_cv_env_host_alias_value=
ac_cv_env_target_alias_set=
ac_cv_env_target_alias_value=
ac_cv_header_dlfcn_h=yes
ac_cv_header_inttypes_h=yes
ac_cv_header_memory_h=yes
ac_cv_header_stdc=yes
ac_cv_header_stdint_h=yes
ac_cv_header_stdlib_h=yes
ac_cv_header_string_h=yes
ac_cv_header_strings_h=yes
ac_cv_header_sys_stat_h=yes
ac_cv_header_sys_types_h=yes
ac_cv_header_unistd_h=yes
ac_cv_host=x86_64-pc-linux-gnu
ac_cv_objext=o
ac_cv_path_EGREP='/bin/grep -E'
ac_cv_path_FGREP='/bin/grep -F'
ac_cv_path_GREP=/bin/grep
ac_cv_path_SED=/bin/sed
ac_cv_path_install='/usr/bin/install -c'
ac_cv_path_lt_DD=/bin/dd
ac_cv_path_mkdir=/bin/mkdir
ac_cv_prog_AWK=gawk
ac_cv_prog_CPP='gcc -E'
ac_cv_prog_CXXCPP='g++ -E'
ac_cv_prog_ac_ct_AR=ar
ac_cv_prog_ac_ct_CC=gcc
ac_cv_prog_ac_ct_CXX=g++
ac_cv_prog_ac_ct_OBJDUMP=objdump
ac_cv_prog_ac_ct_RANLIB=ranlib
ac_cv_prog_ac_ct_STRIP=strip
ac_cv_prog_cc_c89=
ac_cv_prog_cc_g=yes
ac_cv_prog_cxx_g=yes
ac_cv_prog_make_make_set=yes
am_cv_CC_dependencies_compiler_type=gcc3
am_cv_CXX_dependencies_compiler_type=gcc3
am_cv_make_support_nested_variables=yes
am_cv_prog_cc_c_o=yes
lt_cv_ar_at_file=@
lt_cv_archive_cmds_need_lc=no
lt_cv_deplibs_check_method=pass_all
lt_cv_file_magic_cmd='$MAGIC_CMD'
lt_cv_file_magic_test_file=
lt_cv_ld_reload_flag=-r
lt_cv_nm_interface='BSD nm'
lt_cv_objdir=.libs
lt_cv_path_LD=/usr/bin/ld
lt_cv_path_LDCXX='/usr/bin/ld -m elf_x86_64'
lt_cv_path_NM='/usr/bin/nm -B'
lt_cv_path_mainfest_tool=no
lt_cv_prog_compiler_c_o=yes
lt_cv_prog_compiler_c_o_CXX=yes
lt_cv_prog_compiler_pic='-fPIC -DPIC'
lt_cv_prog_compiler_pic_CXX='-fPIC -DPIC'
lt_cv_prog_compiler_pic_works=yes
lt_cv_prog_compiler_pic_works_CXX=yes
lt_cv_prog_compiler_rtti_exceptions=no
lt_cv_prog_compiler_static_works=no
lt_cv_prog_compiler_static_works_CXX=no
lt_cv_prog_gnu_ld=yes
lt_cv_prog_gnu_ldcxx=yes
lt_cv_sharedlib_from_linklib_cmd='printf %s\n'
lt_cv_shlibpath_overrides_runpath=no
lt_cv_sys_global_symbol_pipe='sed -n -e '\''s/^.*[	 ]\([ABCDGIRSTW][ABCDGIRSTW]*\)[	 ][	 ]*\([_A-Za-z][_A-Za-z0-9]*\)$/\1 \2 \2/p'\'' | sed '\''/ __gnu_lto/d'\'''
lt_cv_sys_global_symbol_to_c_name_address='sed -n -e '\''s/^: \(.*\) .*$/  {"\1", (void *) 0},/p'\'' -e '\''s/^[ABCDGIRSTW][ABCDGIRSTW]* .* \(.*\)$/  {"\1", (void *) \&\1},/p'\'''
lt_cv_sys_global_symbol_to_c_name_address_lib_prefix='sed -n -e '\''s/^: \(.*\) .*$/  {"\1", (void *) 0},/p'\'' -e '\''s/^[ABCDGIRSTW][ABCDGIRSTW]* .* \(lib.*\)$/  {"\1", (void *) \&\1},/p'\'' -e '\''s/^[ABCDGIRSTW][ABCDGIRSTW]* .* \(.*\)$/  {"lib\1", (void *) \&\1},/p'\'''
lt_cv_sys_global_symbol_to_cdecl='sed -n -e '\''s/^T .* \(.*\)$/extern int \1();/p'\'' -e '\''s/^[ABCDGIRSTW][ABCDGIRSTW]* .* \(.*\)$/extern char \1;/p'\'''
lt_cv_sys_global_symbol_to_import=
lt_cv_sys_max_cmd_len=1966080
lt_cv_to_host_file_cmd=func_convert_file_noop
lt_cv_to_tool_file_cmd=func_convert_file_noop
lt_cv_truncate_bin='/bin/dd bs=4096 count=1'

## ----------------- ##
## Output variables. ##
## ----------------- ##

ACLOCAL='${SHELL} /cdf/home/kanzhang/Topmass_SL6/src/geners-1.11.1/missing aclocal-1.15'
AMDEPBACKSLASH='\'
AMDEP_FALSE='#'
AMDEP_TRUE=''
AMTAR='$${TAR-tar}'
AM_BACKSLASH='\'
AM_DEFAULT_V='$(AM_DEFAULT_VERBOSITY)'
AM_DEFAULT_VERBOSITY='1'
AM_V='$(V)'
AR='ar'
AUTOCONF='${SHELL} /cdf/home/kanzhang/Topmass_SL6/src/geners-1.11.1/missing autoconf'
AUTOHEADER='${SHELL} /cdf/home/kanzhang/Topmass_SL6/src/geners-1.11.1/missing autoheader'
AUTOMAKE='${SHELL} /cdf/home/kanzhang/Topmass_SL6/src/geners-1.11.1/missing automake-1.15'
AWK='gawk'
BZIP2_CFLAGS='-I/usr/include'
BZIP2_LIBS='-L/usr/lib64 -lbz2'
CC='gcc'
CCDEPMODE='depmode=gcc3'
CFLAGS='-g -O2'
CPP='gcc -E'
CPPFLAGS=''
CXX='g++'
CXXCPP='g++ -E'
CXXDEPMODE='depmode=gcc3'
CXXFLAGS='-std=c++11 -O3 -Wall -W -Werror'
CYGPATH_W='echo'
DEFS='-DPACKAGE_NAME=\"geners\" -DPACKAGE_TARNAME=\"geners\" -DPACKAGE_VERSION=\"1.11.1\" -DPACKAGE_STRING=\"geners\ 1.11.1\" -DPACKAGE_BUGREPORT=\"\" -DPACKAGE_URL=\"\" -DPACKAGE=\"geners\" -DVERSION=\"1.11.1\" -DSTDC_HEADERS=1 -DHAVE_SYS_TYPES_H=1 -DHAVE_SYS_STAT_H=1 -DHAVE_STDLIB_H=1 -DHAVE_STRING_H=1 -DHAVE_MEMORY_H=1 -DHAVE_STRINGS_H=1 -DHAVE_INTTYPES_H=1 -DHAVE_STDINT_H=1 -DHAVE_UNISTD_H=1 -DHAVE_DLFCN_H=1 -DLT_OBJDIR=\".libs/\"'
DEPDIR='.deps'
DLLTOOL='false'
DSYMUTIL=''
DUMPBIN=''
ECHO_C=''
ECHO_N='-n'
ECHO_T=''
EGREP='/bin/grep -E'
EXEEXT=''
FGREP='/bin/grep -F'
GREP='/bin/grep'
INSTALL_DATA='${INSTALL} -m 644'
INSTALL_PROGRAM='${INSTALL}'
INSTALL_SCRIPT='${INSTALL}'
INSTALL_STRIP_PROGRAM='$(install_sh) -c -s'
LD='/usr/bin/ld -m elf_x86_64'
LDFLAGS=''
LIBOBJS=''
LIBS=''
LIBTOOL='$(SHELL) $(top_builddir)/libtool'
LIPO=''
LN_S='ln -s'
LTLIBOBJS=''
LT_SYS_LIBRARY_PATH=''
MAKEINFO='${SHELL} /cdf/home/kanzhang/Topmass_SL6/src/geners-1.11.1/missing makeinfo'
MANIFEST_TOOL=':'
MKDIR_P='/bin/mkdir -p'
NM='/usr/bin/nm -B'
NMEDIT=''
OBJDUMP='objdump'
OBJEXT='o'
OTOOL64=''
OTOOL=''
PACKAGE='geners'
PACKAGE_BUGREPORT=''
PACKAGE_NAME='geners'
PACKAGE_STRING='geners 1.11.1'
PACKAGE_TARNAME='geners'
PACKAGE_URL=''
PACKAGE_VERSION='1.11.1'
PATH_SEPARATOR=':'
RANLIB='ranlib'
SED='/bin/sed'
SET_MAKE=''
SHELL='/bin/sh'
STRIP='strip'
VERSION='1.11.1'
ZLIB_CFLAGS='-I/usr/include'
ZLIB_LIBS='-L/usr/lib64 -lz'
ac_ct_AR='ar'
ac_ct_CC='gcc'
ac_ct_CXX='g++'
ac_ct_DUMPBIN=''
am__EXEEXT_FALSE=''
am__EXEEXT_TRUE='#'
am__fastdepCC_FALSE='#'
am__fastdepCC_TRUE=''
am__fastdepCXX_FALSE='#'
am__fastdepCXX_TRUE=''
am__include='include'
am__isrc=''
am__leading_dot='.'
am__nodep='_no'
am__quote=''
am__tar='$${TAR-tar} chof - "$$tardir"'
am__untar='$${TAR-tar} xf -'
bindir='${exec_prefix}/bin'
build='x86_64-pc-linux-gnu'
build_alias=''
build_cpu='x86_64'
build_os='linux-gnu'
build_vendor='pc'
datadir='${datarootdir}'
datarootdir='${prefix}/share'
docdir='${datarootdir}/doc/${PACKAGE_TARNAME}'
dvidir='${docdir}'
exec_prefix='${prefix}'
host='x86_64-pc-linux-gnu'
host_alias=''
host_cpu='x86_64'
host_os='linux-gnu'
host_vendor='pc'
htmldir='${docdir}'
includedir='${prefix}/include'
infodir='${datarootdir}/info'
install_sh='${SHELL} /cdf/home/kanzhang/Topmass_SL6/src/geners-1.11.1/install-sh'
libdir='${exec_prefix}/lib'
libexecdir='${exec_prefix}/libexec'
localedir='${datarootdir}/locale'
localstatedir='${prefix}/var'
mandir='${datarootdir}/man'
mkdir_p='$(MKDIR_P)'
oldincludedir='/usr/include'
pdfdir='${docdir}'
prefix='/cdf/home/kanzhang/Topmass_SL6'
program_transform_name='s,x,x,'
psdir='${docdir}'
runstatedir='${localstatedir}/run'
sbindir='${exec_prefix}/sbin'
sharedstatedir='${prefix}/com'
sysconfdir='${prefix}/etc'
target_alias=''

## ----------- ##
## confdefs.h. ##
## ----------- ##

/* confdefs.h */
#define PACKAGE_NAME "geners"
#define PACKAGE_TARNAME "geners"
#define PACKAGE_VERSION "1.11.1"
#define PACKAGE_STRING "geners 1.11.1"
#define PACKAGE_BUGREPORT ""
#define PACKAGE_URL ""
#define PACKAGE "geners"
#define VERSION "1.11.1"
#define STDC_HEADERS 1
#define HAVE_SYS_TYPES_H 1
#define HAVE_SYS_STAT_H 1
#define HAVE_STDLIB_H 1
#define HAVE_STRING_H 1
#define HAVE_MEMORY_H 1
#define HAVE_STRINGS_H 1
#define HAVE_INTTYPES_H 1
#define HAVE_STDINT_H 1
#define HAVE_UNISTD_H 1
#define HAVE_DLFCN_H 1
#define LT_OBJDIR ".libs/"

configure: exit 0
