This file contains any messages produced by compilers while
running configure, to aid debugging if configure makes a mistake.

It was created by rdl configure 1.1, which was
generated by GNU Autoconf 2.69.  Invocation command line was

  $ ./configure --prefix=/cdf/home/kanzhang/Topmass_SL6 --enable-threads=no

## --------- ##
## Platform. ##
## --------- ##

hostname = fcdflnxgpvm01.fnal.gov
uname -m = x86_64
uname -r = 2.6.32-754.3.5.el6.x86_64
uname -s = Linux
uname -v = #1 SMP Tue Aug 14 15:20:19 CDT 2018

/usr/bin/uname -p = unknown
/bin/uname -X     = unknown

/bin/arch              = x86_64
/usr/bin/arch -k       = unknown
/usr/convex/getsysinfo = unknown
/usr/bin/hostinfo      = unknown
/bin/machine           = unknown
/usr/bin/oslevel       = unknown
/bin/universe          = unknown

PATH: /cdf/home/kanzhang/Topmass_SL6/bin
PATH: /cdf/proj/401.top/igv/compilers/bin
PATH: /usr/krb5/bin
PATH: /usr/krb5/bin
PATH: /usr/lib64/qt-3.3/bin
PATH: /opt/puppetlabs/bin
PATH: /usr/kerberos/sbin
PATH: /usr/kerberos/bin
PATH: /usr/local/bin
PATH: /bin
PATH: /usr/bin
PATH: /usr/local/sbin
PATH: /usr/sbin
PATH: /sbin
PATH: /opt/puppetlabs/bin
PATH: /opt/puppetlabs/bin


## ----------- ##
## Core tests. ##
## ----------- ##

configure:2176: checking for correct TEA configuration
configure:2189: result: ok (TEA 3.9)
configure:2265: configuring rdl 1.1
configure:2338: checking for Tcl configuration
configure:2461: result: found /cdf/home/kanzhang/Topmass_SL6/src/tcl8.6.6/unix/tclConfig.sh
configure:2467: checking for existence of /cdf/home/kanzhang/Topmass_SL6/src/tcl8.6.6/unix/tclConfig.sh
configure:2471: result: loading
configure:2607: --exec-prefix defaulting to TCL_EXEC_PREFIX /cdf/home/kanzhang/Topmass_SL6
configure:2683: checking for gcc
configure:2699: found /cdf/proj/401.top/igv/compilers/bin/gcc
configure:2710: result: gcc
configure:2939: checking for C compiler version
configure:2948: gcc --version >&5
gcc (GCC) 7.3.0
Copyright (C) 2017 Free Software Foundation, Inc.
This is free software; see the source for copying conditions.  There is NO
warranty; not even for MERCHANTABILITY or FITNESS FOR A PARTICULAR PURPOSE.

configure:2959: $? = 0
configure:2948: gcc -v >&5
Using built-in specs.
COLLECT_GCC=gcc
COLLECT_LTO_WRAPPER=/pnfs/cdfen/persistent/proj/401.top/igv/compilers/bin/../libexec/gcc/x86_64-pc-linux-gnu/7.3.0/lto-wrapper
Target: x86_64-pc-linux-gnu
Configured with: /cdf/proj/401.top/igv/compilers/src/gcc-7.3.0/configure --prefix=/cdf/proj/401.top/igv/compilers --enable-languages=c,c++,fortran
Thread model: posix
gcc version 7.3.0 (GCC) 
configure:2959: $? = 0
configure:2948: gcc -V >&5
gcc: error: unrecognized command line option '-V'
gcc: fatal error: no input files
compilation terminated.
configure:2959: $? = 1
configure:2948: gcc -qversion >&5
gcc: error: unrecognized command line option '-qversion'; did you mean '--version'?
gcc: fatal error: no input files
compilation terminated.
configure:2959: $? = 1
configure:2979: checking whether the C compiler works
configure:3001: gcc    conftest.c  >&5
configure:3005: $? = 0
configure:3053: result: yes
configure:3056: checking for C compiler default output file name
configure:3058: result: a.out
configure:3064: checking for suffix of executables
configure:3071: gcc -o conftest    conftest.c  >&5
configure:3075: $? = 0
configure:3097: result: 
configure:3119: checking whether we are cross compiling
configure:3127: gcc -o conftest    conftest.c  >&5
configure:3131: $? = 0
configure:3138: ./conftest
configure:3142: $? = 0
configure:3157: result: no
configure:3162: checking for suffix of object files
configure:3184: gcc -c   conftest.c >&5
configure:3188: $? = 0
configure:3209: result: o
configure:3213: checking whether we are using the GNU C compiler
configure:3232: gcc -c   conftest.c >&5
configure:3232: $? = 0
configure:3241: result: yes
configure:3250: checking whether gcc accepts -g
configure:3270: gcc -c -g  conftest.c >&5
configure:3270: $? = 0
configure:3311: result: yes
configure:3328: checking for gcc option to accept ISO C89
configure:3391: gcc  -c   conftest.c >&5
configure:3391: $? = 0
configure:3404: result: none needed
configure:3429: checking how to run the C preprocessor
configure:3460: gcc -E  conftest.c
configure:3460: $? = 0
configure:3474: gcc -E  conftest.c
conftest.c:10:10: fatal error: ac_nonexistent.h: No such file or directory
 #include <ac_nonexistent.h>
          ^~~~~~~~~~~~~~~~~~
compilation terminated.
configure:3474: $? = 1
configure: failed program was:
| /* confdefs.h */
| #define PACKAGE_NAME "rdl"
| #define PACKAGE_TARNAME "rdl"
| #define PACKAGE_VERSION "1.1"
| #define PACKAGE_STRING "rdl 1.1"
| #define PACKAGE_BUGREPORT ""
| #define PACKAGE_URL ""
| #define BUILD_rdl /**/
| /* end confdefs.h.  */
| #include <ac_nonexistent.h>
configure:3499: result: gcc -E
configure:3519: gcc -E  conftest.c
configure:3519: $? = 0
configure:3533: gcc -E  conftest.c
conftest.c:10:10: fatal error: ac_nonexistent.h: No such file or directory
 #include <ac_nonexistent.h>
          ^~~~~~~~~~~~~~~~~~
compilation terminated.
configure:3533: $? = 1
configure: failed program was:
| /* confdefs.h */
| #define PACKAGE_NAME "rdl"
| #define PACKAGE_TARNAME "rdl"
| #define PACKAGE_VERSION "1.1"
| #define PACKAGE_STRING "rdl 1.1"
| #define PACKAGE_BUGREPORT ""
| #define PACKAGE_URL ""
| #define BUILD_rdl /**/
| /* end confdefs.h.  */
| #include <ac_nonexistent.h>
configure:3566: checking whether make sets $(MAKE)
configure:3588: result: yes
configure:3645: checking for ranlib
configure:3661: found /usr/bin/ranlib
configure:3672: result: ranlib
configure:3704: checking for grep that handles long lines and -e
configure:3762: result: /bin/grep
configure:3767: checking for egrep
configure:3829: result: /bin/grep -E
configure:3834: checking for ANSI C header files
configure:3854: gcc -c   conftest.c >&5
configure:3854: $? = 0
configure:3927: gcc -o conftest    conftest.c  >&5
configure:3927: $? = 0
configure:3927: ./conftest
configure:3927: $? = 0
configure:3938: result: yes
configure:3951: checking for sys/types.h
configure:3951: gcc -c   conftest.c >&5
configure:3951: $? = 0
configure:3951: result: yes
configure:3951: checking for sys/stat.h
configure:3951: gcc -c   conftest.c >&5
configure:3951: $? = 0
configure:3951: result: yes
configure:3951: checking for stdlib.h
configure:3951: gcc -c   conftest.c >&5
configure:3951: $? = 0
configure:3951: result: yes
configure:3951: checking for string.h
configure:3951: gcc -c   conftest.c >&5
configure:3951: $? = 0
configure:3951: result: yes
configure:3951: checking for memory.h
configure:3951: gcc -c   conftest.c >&5
configure:3951: $? = 0
configure:3951: result: yes
configure:3951: checking for strings.h
configure:3951: gcc -c   conftest.c >&5
configure:3951: $? = 0
configure:3951: result: yes
configure:3951: checking for inttypes.h
configure:3951: gcc -c   conftest.c >&5
configure:3951: $? = 0
configure:3951: result: yes
configure:3951: checking for stdint.h
configure:3951: gcc -c   conftest.c >&5
configure:3951: $? = 0
configure:3951: result: yes
configure:3951: checking for unistd.h
configure:3951: gcc -c   conftest.c >&5
configure:3951: $? = 0
configure:3951: result: yes
configure:3973: checking if the compiler understands -pipe
configure:3991: gcc -c  -pipe  conftest.c >&5
configure:3991: $? = 0
configure:3999: result: yes
configure:4010: checking whether byte ordering is bigendian
configure:4025: gcc -c  -pipe  conftest.c >&5
conftest.c:21:9: error: unknown type name 'not'
         not a universal capable compiler
         ^~~
conftest.c:21:15: error: expected '=', ',', ';', 'asm' or '__attribute__' before 'universal'
         not a universal capable compiler
               ^~~~~~~~~
conftest.c:21:15: error: unknown type name 'universal'
configure:4025: $? = 1
configure: failed program was:
| /* confdefs.h */
| #define PACKAGE_NAME "rdl"
| #define PACKAGE_TARNAME "rdl"
| #define PACKAGE_VERSION "1.1"
| #define PACKAGE_STRING "rdl 1.1"
| #define PACKAGE_BUGREPORT ""
| #define PACKAGE_URL ""
| #define BUILD_rdl /**/
| #define STDC_HEADERS 1
| #define HAVE_SYS_TYPES_H 1
| #define HAVE_SYS_STAT_H 1
| #define HAVE_STDLIB_H 1
| #define HAVE_STRING_H 1
| #define HAVE_MEMORY_H 1
| #define HAVE_STRINGS_H 1
| #define HAVE_INTTYPES_H 1
| #define HAVE_STDINT_H 1
| #define HAVE_UNISTD_H 1
| /* end confdefs.h.  */
| #ifndef __APPLE_CC__
| 	       not a universal capable compiler
| 	     #endif
| 	     typedef int dummy;
| 
configure:4070: gcc -c  -pipe  conftest.c >&5
configure:4070: $? = 0
configure:4088: gcc -c  -pipe  conftest.c >&5
conftest.c: In function 'main':
conftest.c:27:4: error: unknown type name 'not'; did you mean 'ino_t'?
    not big endian
    ^~~
    ino_t
conftest.c:27:12: error: expected '=', ',', ';', 'asm' or '__attribute__' before 'endian'
    not big endian
            ^~~~~~
configure:4088: $? = 1
configure: failed program was:
| /* confdefs.h */
| #define PACKAGE_NAME "rdl"
| #define PACKAGE_TARNAME "rdl"
| #define PACKAGE_VERSION "1.1"
| #define PACKAGE_STRING "rdl 1.1"
| #define PACKAGE_BUGREPORT ""
| #define PACKAGE_URL ""
| #define BUILD_rdl /**/
| #define STDC_HEADERS 1
| #define HAVE_SYS_TYPES_H 1
| #define HAVE_SYS_STAT_H 1
| #define HAVE_STDLIB_H 1
| #define HAVE_STRING_H 1
| #define HAVE_MEMORY_H 1
| #define HAVE_STRINGS_H 1
| #define HAVE_INTTYPES_H 1
| #define HAVE_STDINT_H 1
| #define HAVE_UNISTD_H 1
| /* end confdefs.h.  */
| #include <sys/types.h>
| 		#include <sys/param.h>
| 
| int
| main ()
| {
| #if BYTE_ORDER != BIG_ENDIAN
| 		 not big endian
| 		#endif
| 
|   ;
|   return 0;
| }
configure:4216: result: no
configure:4243: checking for sin
configure:4243: gcc -o conftest  -pipe   conftest.c  >&5
conftest.c:43:6: warning: conflicting types for built-in function 'sin' [-Wbuiltin-declaration-mismatch]
 char sin ();
      ^~~
/tmp/ccR0RNPw.o: In function `main':
conftest.c:(.text+0xa): undefined reference to `sin'
collect2: error: ld returned 1 exit status
configure:4243: $? = 1
configure: failed program was:
| /* confdefs.h */
| #define PACKAGE_NAME "rdl"
| #define PACKAGE_TARNAME "rdl"
| #define PACKAGE_VERSION "1.1"
| #define PACKAGE_STRING "rdl 1.1"
| #define PACKAGE_BUGREPORT ""
| #define PACKAGE_URL ""
| #define BUILD_rdl /**/
| #define STDC_HEADERS 1
| #define HAVE_SYS_TYPES_H 1
| #define HAVE_SYS_STAT_H 1
| #define HAVE_STDLIB_H 1
| #define HAVE_STRING_H 1
| #define HAVE_MEMORY_H 1
| #define HAVE_STRINGS_H 1
| #define HAVE_INTTYPES_H 1
| #define HAVE_STDINT_H 1
| #define HAVE_UNISTD_H 1
| /* end confdefs.h.  */
| /* Define sin to an innocuous variant, in case <limits.h> declares sin.
|    For example, HP-UX 11i <limits.h> declares gettimeofday.  */
| #define sin innocuous_sin
| 
| /* System header to define __stub macros and hopefully few prototypes,
|     which can conflict with char sin (); below.
|     Prefer <limits.h> to <assert.h> if __STDC__ is defined, since
|     <limits.h> exists even on freestanding compilers.  */
| 
| #ifdef __STDC__
| # include <limits.h>
| #else
| # include <assert.h>
| #endif
| 
| #undef sin
| 
| /* Override any GCC internal prototype to avoid an error.
|    Use char because int might match the return type of a GCC
|    builtin and then its argument prototype would still apply.  */
| #ifdef __cplusplus
| extern "C"
| #endif
| char sin ();
| /* The GNU C library defines this for functions which it implements
|     to always fail with ENOSYS.  Some functions are actually named
|     something starting with __ and the normal name is an alias.  */
| #if defined __stub_sin || defined __stub___sin
| choke me
| #endif
| 
| int
| main ()
| {
| return sin ();
|   ;
|   return 0;
| }
configure:4243: result: no
configure:4250: checking for main in -lieee
configure:4269: gcc -o conftest  -pipe   conftest.c -lieee   >&5
configure:4269: $? = 0
configure:4278: result: yes
configure:4290: checking for main in -linet
configure:4309: gcc -o conftest  -pipe   conftest.c -linet   >&5
/usr/bin/ld: cannot find -linet
collect2: error: ld returned 1 exit status
configure:4309: $? = 1
configure: failed program was:
| /* confdefs.h */
| #define PACKAGE_NAME "rdl"
| #define PACKAGE_TARNAME "rdl"
| #define PACKAGE_VERSION "1.1"
| #define PACKAGE_STRING "rdl 1.1"
| #define PACKAGE_BUGREPORT ""
| #define PACKAGE_URL ""
| #define BUILD_rdl /**/
| #define STDC_HEADERS 1
| #define HAVE_SYS_TYPES_H 1
| #define HAVE_SYS_STAT_H 1
| #define HAVE_STDLIB_H 1
| #define HAVE_STRING_H 1
| #define HAVE_MEMORY_H 1
| #define HAVE_STRINGS_H 1
| #define HAVE_INTTYPES_H 1
| #define HAVE_STDINT_H 1
| #define HAVE_UNISTD_H 1
| /* end confdefs.h.  */
| 
| 
| int
| main ()
| {
| return main ();
|   ;
|   return 0;
| }
configure:4318: result: no
configure:4324: checking net/errno.h usability
configure:4324: gcc -c  -pipe  conftest.c >&5
conftest.c:53:10: fatal error: net/errno.h: No such file or directory
 #include <net/errno.h>
          ^~~~~~~~~~~~~
compilation terminated.
configure:4324: $? = 1
configure: failed program was:
| /* confdefs.h */
| #define PACKAGE_NAME "rdl"
| #define PACKAGE_TARNAME "rdl"
| #define PACKAGE_VERSION "1.1"
| #define PACKAGE_STRING "rdl 1.1"
| #define PACKAGE_BUGREPORT ""
| #define PACKAGE_URL ""
| #define BUILD_rdl /**/
| #define STDC_HEADERS 1
| #define HAVE_SYS_TYPES_H 1
| #define HAVE_SYS_STAT_H 1
| #define HAVE_STDLIB_H 1
| #define HAVE_STRING_H 1
| #define HAVE_MEMORY_H 1
| #define HAVE_STRINGS_H 1
| #define HAVE_INTTYPES_H 1
| #define HAVE_STDINT_H 1
| #define HAVE_UNISTD_H 1
| /* end confdefs.h.  */
| #include <stdio.h>
| #ifdef HAVE_SYS_TYPES_H
| # include <sys/types.h>
| #endif
| #ifdef HAVE_SYS_STAT_H
| # include <sys/stat.h>
| #endif
| #ifdef STDC_HEADERS
| # include <stdlib.h>
| # include <stddef.h>
| #else
| # ifdef HAVE_STDLIB_H
| #  include <stdlib.h>
| # endif
| #endif
| #ifdef HAVE_STRING_H
| # if !defined STDC_HEADERS && defined HAVE_MEMORY_H
| #  include <memory.h>
| # endif
| # include <string.h>
| #endif
| #ifdef HAVE_STRINGS_H
| # include <strings.h>
| #endif
| #ifdef HAVE_INTTYPES_H
| # include <inttypes.h>
| #endif
| #ifdef HAVE_STDINT_H
| # include <stdint.h>
| #endif
| #ifdef HAVE_UNISTD_H
| # include <unistd.h>
| #endif
| #include <net/errno.h>
configure:4324: result: no
configure:4324: checking net/errno.h presence
configure:4324: gcc -E  conftest.c
conftest.c:20:10: fatal error: net/errno.h: No such file or directory
 #include <net/errno.h>
          ^~~~~~~~~~~~~
compilation terminated.
configure:4324: $? = 1
configure: failed program was:
| /* confdefs.h */
| #define PACKAGE_NAME "rdl"
| #define PACKAGE_TARNAME "rdl"
| #define PACKAGE_VERSION "1.1"
| #define PACKAGE_STRING "rdl 1.1"
| #define PACKAGE_BUGREPORT ""
| #define PACKAGE_URL ""
| #define BUILD_rdl /**/
| #define STDC_HEADERS 1
| #define HAVE_SYS_TYPES_H 1
| #define HAVE_SYS_STAT_H 1
| #define HAVE_STDLIB_H 1
| #define HAVE_STRING_H 1
| #define HAVE_MEMORY_H 1
| #define HAVE_STRINGS_H 1
| #define HAVE_INTTYPES_H 1
| #define HAVE_STDINT_H 1
| #define HAVE_UNISTD_H 1
| /* end confdefs.h.  */
| #include <net/errno.h>
configure:4324: result: no
configure:4324: checking for net/errno.h
configure:4324: result: no
configure:4353: checking for connect
configure:4353: gcc -o conftest  -pipe   conftest.c  >&5
configure:4353: $? = 0
configure:4353: result: yes
configure:4421: checking for gethostbyname
configure:4421: gcc -o conftest  -pipe   conftest.c  >&5
configure:4421: $? = 0
configure:4421: result: yes
configure:4476: checking dirent.h
configure:4512: gcc -o conftest  -pipe   conftest.c  >&5
configure:4512: $? = 0
configure:4520: result: yes
configure:4530: checking errno.h usability
configure:4530: gcc -c  -pipe  conftest.c >&5
configure:4530: $? = 0
configure:4530: result: yes
configure:4530: checking errno.h presence
configure:4530: gcc -E  conftest.c
configure:4530: $? = 0
configure:4530: result: yes
configure:4530: checking for errno.h
configure:4530: result: yes
configure:4540: checking float.h usability
configure:4540: gcc -c  -pipe  conftest.c >&5
configure:4540: $? = 0
configure:4540: result: yes
configure:4540: checking float.h presence
configure:4540: gcc -E  conftest.c
configure:4540: $? = 0
configure:4540: result: yes
configure:4540: checking for float.h
configure:4540: result: yes
configure:4550: checking values.h usability
configure:4550: gcc -c  -pipe  conftest.c >&5
configure:4550: $? = 0
configure:4550: result: yes
configure:4550: checking values.h presence
configure:4550: gcc -E  conftest.c
configure:4550: $? = 0
configure:4550: result: yes
configure:4550: checking for values.h
configure:4550: result: yes
configure:4560: checking limits.h usability
configure:4560: gcc -c  -pipe  conftest.c >&5
configure:4560: $? = 0
configure:4560: result: yes
configure:4560: checking limits.h presence
configure:4560: gcc -E  conftest.c
configure:4560: $? = 0
configure:4560: result: yes
configure:4560: checking for limits.h
configure:4560: result: yes
configure:4572: checking for stdlib.h
configure:4572: result: yes
configure:4624: checking for string.h
configure:4624: result: yes
configure:4668: checking sys/wait.h usability
configure:4668: gcc -c  -pipe  conftest.c >&5
configure:4668: $? = 0
configure:4668: result: yes
configure:4668: checking sys/wait.h presence
configure:4668: gcc -E  conftest.c
configure:4668: $? = 0
configure:4668: result: yes
configure:4668: checking for sys/wait.h
configure:4668: result: yes
configure:4678: checking dlfcn.h usability
configure:4678: gcc -c  -pipe  conftest.c >&5
configure:4678: $? = 0
configure:4678: result: yes
configure:4678: checking dlfcn.h presence
configure:4678: gcc -E  conftest.c
configure:4678: $? = 0
configure:4678: result: yes
configure:4678: checking for dlfcn.h
configure:4678: result: yes
configure:4692: checking sys/param.h usability
configure:4692: gcc -c  -pipe  conftest.c >&5
configure:4692: $? = 0
configure:4692: result: yes
configure:4692: checking sys/param.h presence
configure:4692: gcc -E  conftest.c
configure:4692: $? = 0
configure:4692: result: yes
configure:4692: checking for sys/param.h
configure:4692: result: yes
configure:4860: checking for Tcl public headers
configure:4931: result: /cdf/home/kanzhang/Topmass_SL6/src/tcl8.6.6/generic
configure:4992: checking for pthread_mutex_init in -lpthread
configure:5017: gcc -o conftest  -pipe   conftest.c -lpthread   >&5
configure:5017: $? = 0
configure:5026: result: yes
configure:5235: checking for building with threads
configure:5241: result: yes (default)
configure:5282: checking how to build libraries
configure:5300: result: shared
configure:5363: checking for ranlib
configure:5390: result: ranlib
configure:5417: checking if 64bit support is requested
configure:5426: result: no
configure:5431: checking if 64bit Sparc VIS support is requested
configure:5440: result: no
configure:5450: checking if compiler supports visibility "hidden"
configure:5470: gcc -o conftest  -pipe -Werror   conftest.c  >&5
configure:5470: $? = 0
configure:5479: result: yes
configure:5491: checking if rpath support is requested
configure:5500: result: yes
configure:5525: checking system version
configure:5548: result: Linux-2.6.32-754.3.5.el6.x86_64
configure:5627: checking for ar
configure:5643: found /usr/bin/ar
configure:5654: result: ar
configure:7233: checking for required early compiler flags
configure:7251: gcc -c  -pipe  conftest.c >&5
configure:7251: $? = 0
configure:7298: gcc -c  -pipe  conftest.c >&5
conftest.c: In function 'main':
conftest.c:31:15: error: storage size of 'buf' isn't known
 struct stat64 buf; int i = stat64("/", &buf);
               ^~~
conftest.c:31:28: warning: implicit declaration of function 'stat64'; did you mean 'stat'? [-Wimplicit-function-declaration]
 struct stat64 buf; int i = stat64("/", &buf);
                            ^~~~~~
                            stat
configure:7298: $? = 1
configure: failed program was:
| /* confdefs.h */
| #define PACKAGE_NAME "rdl"
| #define PACKAGE_TARNAME "rdl"
| #define PACKAGE_VERSION "1.1"
| #define PACKAGE_STRING "rdl 1.1"
| #define PACKAGE_BUGREPORT ""
| #define PACKAGE_URL ""
| #define BUILD_rdl /**/
| #define STDC_HEADERS 1
| #define HAVE_SYS_TYPES_H 1
| #define HAVE_SYS_STAT_H 1
| #define HAVE_STDLIB_H 1
| #define HAVE_STRING_H 1
| #define HAVE_MEMORY_H 1
| #define HAVE_STRINGS_H 1
| #define HAVE_INTTYPES_H 1
| #define HAVE_STDINT_H 1
| #define HAVE_UNISTD_H 1
| #define HAVE_LIMITS_H 1
| #define HAVE_SYS_PARAM_H 1
| #define USE_THREAD_ALLOC 1
| #define _REENTRANT 1
| #define _THREAD_SAFE 1
| #define TCL_THREADS 1
| #define MODULE_SCOPE extern __attribute__((__visibility__("hidden")))
| /* end confdefs.h.  */
| #include <sys/stat.h>
| int
| main ()
| {
| struct stat64 buf; int i = stat64("/", &buf);
|   ;
|   return 0;
| }
configure:7313: gcc -c  -pipe  conftest.c >&5
configure:7313: $? = 0
configure:7345: gcc -c  -pipe  conftest.c >&5
conftest.c: In function 'main':
conftest.c:32:19: error: 'open64' undeclared (first use in this function)
 char *p = (char *)open64;
                   ^~~~~~
conftest.c:32:19: note: each undeclared identifier is reported only once for each function it appears in
configure:7345: $? = 1
configure: failed program was:
| /* confdefs.h */
| #define PACKAGE_NAME "rdl"
| #define PACKAGE_TARNAME "rdl"
| #define PACKAGE_VERSION "1.1"
| #define PACKAGE_STRING "rdl 1.1"
| #define PACKAGE_BUGREPORT ""
| #define PACKAGE_URL ""
| #define BUILD_rdl /**/
| #define STDC_HEADERS 1
| #define HAVE_SYS_TYPES_H 1
| #define HAVE_SYS_STAT_H 1
| #define HAVE_STDLIB_H 1
| #define HAVE_STRING_H 1
| #define HAVE_MEMORY_H 1
| #define HAVE_STRINGS_H 1
| #define HAVE_INTTYPES_H 1
| #define HAVE_STDINT_H 1
| #define HAVE_UNISTD_H 1
| #define HAVE_LIMITS_H 1
| #define HAVE_SYS_PARAM_H 1
| #define USE_THREAD_ALLOC 1
| #define _REENTRANT 1
| #define _THREAD_SAFE 1
| #define TCL_THREADS 1
| #define MODULE_SCOPE extern __attribute__((__visibility__("hidden")))
| #define _LARGEFILE64_SOURCE 1
| /* end confdefs.h.  */
| #include <sys/stat.h>
| int
| main ()
| {
| char *p = (char *)open64;
|   ;
|   return 0;
| }
configure:7360: gcc -c  -pipe  conftest.c >&5
conftest.c: In function 'main':
conftest.c:33:19: error: 'open64' undeclared (first use in this function)
 char *p = (char *)open64;
                   ^~~~~~
conftest.c:33:19: note: each undeclared identifier is reported only once for each function it appears in
configure:7360: $? = 1
configure: failed program was:
| /* confdefs.h */
| #define PACKAGE_NAME "rdl"
| #define PACKAGE_TARNAME "rdl"
| #define PACKAGE_VERSION "1.1"
| #define PACKAGE_STRING "rdl 1.1"
| #define PACKAGE_BUGREPORT ""
| #define PACKAGE_URL ""
| #define BUILD_rdl /**/
| #define STDC_HEADERS 1
| #define HAVE_SYS_TYPES_H 1
| #define HAVE_SYS_STAT_H 1
| #define HAVE_STDLIB_H 1
| #define HAVE_STRING_H 1
| #define HAVE_MEMORY_H 1
| #define HAVE_STRINGS_H 1
| #define HAVE_INTTYPES_H 1
| #define HAVE_STDINT_H 1
| #define HAVE_UNISTD_H 1
| #define HAVE_LIMITS_H 1
| #define HAVE_SYS_PARAM_H 1
| #define USE_THREAD_ALLOC 1
| #define _REENTRANT 1
| #define _THREAD_SAFE 1
| #define TCL_THREADS 1
| #define MODULE_SCOPE extern __attribute__((__visibility__("hidden")))
| #define _LARGEFILE64_SOURCE 1
| /* end confdefs.h.  */
| #define _LARGEFILE_SOURCE64 1
| #include <sys/stat.h>
| int
| main ()
| {
| char *p = (char *)open64;
|   ;
|   return 0;
| }
configure:7381: result:  _LARGEFILE64_SOURCE
configure:7386: checking for 64-bit integer type
configure:7405: gcc -c  -pipe  conftest.c >&5
conftest.c: In function 'main':
conftest.c:32:1: error: unknown type name '__int64'; did you mean '__int128'?
 __int64 value = (__int64) 0;
 ^~~~~~~
 __int128
conftest.c:32:18: error: '__int64' undeclared (first use in this function); did you mean '__int128'?
 __int64 value = (__int64) 0;
                  ^~~~~~~
                  __int128
conftest.c:32:18: note: each undeclared identifier is reported only once for each function it appears in
conftest.c:32:27: error: expected ',' or ';' before numeric constant
 __int64 value = (__int64) 0;
                           ^
configure:7405: $? = 1
configure: failed program was:
| /* confdefs.h */
| #define PACKAGE_NAME "rdl"
| #define PACKAGE_TARNAME "rdl"
| #define PACKAGE_VERSION "1.1"
| #define PACKAGE_STRING "rdl 1.1"
| #define PACKAGE_BUGREPORT ""
| #define PACKAGE_URL ""
| #define BUILD_rdl /**/
| #define STDC_HEADERS 1
| #define HAVE_SYS_TYPES_H 1
| #define HAVE_SYS_STAT_H 1
| #define HAVE_STDLIB_H 1
| #define HAVE_STRING_H 1
| #define HAVE_MEMORY_H 1
| #define HAVE_STRINGS_H 1
| #define HAVE_INTTYPES_H 1
| #define HAVE_STDINT_H 1
| #define HAVE_UNISTD_H 1
| #define HAVE_LIMITS_H 1
| #define HAVE_SYS_PARAM_H 1
| #define USE_THREAD_ALLOC 1
| #define _REENTRANT 1
| #define _THREAD_SAFE 1
| #define TCL_THREADS 1
| #define MODULE_SCOPE extern __attribute__((__visibility__("hidden")))
| #define _LARGEFILE64_SOURCE 1
| /* end confdefs.h.  */
| 
| int
| main ()
| {
| __int64 value = (__int64) 0;
|   ;
|   return 0;
| }
configure:7427: gcc -c  -pipe  conftest.c >&5
conftest.c: In function 'main':
conftest.c:33:21: error: duplicate case value
             case 1: case (sizeof(long long)==sizeof(long)): ;
                     ^~~~
conftest.c:33:13: note: previously used here
             case 1: case (sizeof(long long)==sizeof(long)): ;
             ^~~~
configure:7427: $? = 1
configure: failed program was:
| /* confdefs.h */
| #define PACKAGE_NAME "rdl"
| #define PACKAGE_TARNAME "rdl"
| #define PACKAGE_VERSION "1.1"
| #define PACKAGE_STRING "rdl 1.1"
| #define PACKAGE_BUGREPORT ""
| #define PACKAGE_URL ""
| #define BUILD_rdl /**/
| #define STDC_HEADERS 1
| #define HAVE_SYS_TYPES_H 1
| #define HAVE_SYS_STAT_H 1
| #define HAVE_STDLIB_H 1
| #define HAVE_STRING_H 1
| #define HAVE_MEMORY_H 1
| #define HAVE_STRINGS_H 1
| #define HAVE_INTTYPES_H 1
| #define HAVE_STDINT_H 1
| #define HAVE_UNISTD_H 1
| #define HAVE_LIMITS_H 1
| #define HAVE_SYS_PARAM_H 1
| #define USE_THREAD_ALLOC 1
| #define _REENTRANT 1
| #define _THREAD_SAFE 1
| #define TCL_THREADS 1
| #define MODULE_SCOPE extern __attribute__((__visibility__("hidden")))
| #define _LARGEFILE64_SOURCE 1
| /* end confdefs.h.  */
| 
| int
| main ()
| {
| switch (0) {
|             case 1: case (sizeof(long long)==sizeof(long)): ;
|         }
|   ;
|   return 0;
| }
configure:7437: result: using long
configure:7581: checking for build with symbols
configure:7594: result: no
configure:7753: checking for tclsh
configure:7780: result: /cdf/home/kanzhang/Topmass_SL6/src/tcl8.6.6/unix/tclsh
configure:7946: creating ./config.status

## ---------------------- ##
## Running config.status. ##
## ---------------------- ##

This file was extended by rdl config.status 1.1, which was
generated by GNU Autoconf 2.69.  Invocation command line was

  CONFIG_FILES    = 
  CONFIG_HEADERS  = 
  CONFIG_LINKS    = 
  CONFIG_COMMANDS = 
  $ ./config.status 

on fcdflnxgpvm01.fnal.gov

config.status:793: creating Makefile
config.status:793: creating pkgIndex.tcl

## ---------------- ##
## Cache variables. ##
## ---------------- ##

ac_cv_c_bigendian=no
ac_cv_c_compiler_gnu=yes
ac_cv_c_tclconfig=/cdf/home/kanzhang/Topmass_SL6/src/tcl8.6.6/unix
ac_cv_c_tclh=/cdf/home/kanzhang/Topmass_SL6/src/tcl8.6.6/generic
ac_cv_env_CC_set=
ac_cv_env_CC_value=
ac_cv_env_CFLAGS_set=
ac_cv_env_CFLAGS_value=
ac_cv_env_CPPFLAGS_set=
ac_cv_env_CPPFLAGS_value=
ac_cv_env_CPP_set=
ac_cv_env_CPP_value=
ac_cv_env_LDFLAGS_set=
ac_cv_env_LDFLAGS_value=
ac_cv_env_LIBS_set=
ac_cv_env_LIBS_value=
ac_cv_env_build_alias_set=
ac_cv_env_build_alias_value=
ac_cv_env_host_alias_set=
ac_cv_env_host_alias_value=
ac_cv_env_target_alias_set=
ac_cv_env_target_alias_value=
ac_cv_func_connect=yes
ac_cv_func_gethostbyname=yes
ac_cv_func_sin=no
ac_cv_header_dlfcn_h=yes
ac_cv_header_errno_h=yes
ac_cv_header_float_h=yes
ac_cv_header_inttypes_h=yes
ac_cv_header_limits_h=yes
ac_cv_header_memory_h=yes
ac_cv_header_net_errno_h=no
ac_cv_header_stdc=yes
ac_cv_header_stdint_h=yes
ac_cv_header_stdlib_h=yes
ac_cv_header_string_h=yes
ac_cv_header_strings_h=yes
ac_cv_header_sys_param_h=yes
ac_cv_header_sys_stat_h=yes
ac_cv_header_sys_types_h=yes
ac_cv_header_sys_wait_h=yes
ac_cv_header_unistd_h=yes
ac_cv_header_values_h=yes
ac_cv_lib_ieee_main=yes
ac_cv_lib_inet_main=no
ac_cv_lib_pthread_pthread_mutex_init=yes
ac_cv_objext=o
ac_cv_path_EGREP='/bin/grep -E'
ac_cv_path_GREP=/bin/grep
ac_cv_prog_CPP='gcc -E'
ac_cv_prog_ac_ct_AR=ar
ac_cv_prog_ac_ct_CC=gcc
ac_cv_prog_ac_ct_RANLIB=ranlib
ac_cv_prog_cc_c89=
ac_cv_prog_cc_g=yes
ac_cv_prog_make_make_set=yes
tcl_cv_cc_pipe=yes
tcl_cv_cc_visibility_hidden=yes
tcl_cv_dirent_h=yes
tcl_cv_flag__isoc99_source=no
tcl_cv_flag__largefile64_source=yes
tcl_cv_flag__largefile_source64=no
tcl_cv_sys_version=Linux-2.6.32-754.3.5.el6.x86_64
tcl_cv_type_64bit=none

## ----------------- ##
## Output variables. ##
## ----------------- ##

AR='ar'
CC='gcc'
CELIB_DIR=''
CFLAGS=' -pipe ${CFLAGS_DEFAULT} ${CFLAGS_WARNING} ${SHLIB_CFLAGS} '
CFLAGS_DEBUG='-g'
CFLAGS_DEFAULT='-O2 -fomit-frame-pointer'
CFLAGS_OPTIMIZE='-O2 -fomit-frame-pointer'
CFLAGS_WARNING='-Wall'
CLEANFILES=''
CPP='gcc -E'
CPPFLAGS=''
CYGPATH='echo'
DEFS='-DPACKAGE_NAME=\"rdl\" -DPACKAGE_TARNAME=\"rdl\" -DPACKAGE_VERSION=\"1.1\" -DPACKAGE_STRING=\"rdl\ 1.1\" -DPACKAGE_BUGREPORT=\"\" -DPACKAGE_URL=\"\" -DBUILD_rdl=/\*\*/ -DSTDC_HEADERS=1 -DHAVE_SYS_TYPES_H=1 -DHAVE_SYS_STAT_H=1 -DHAVE_STDLIB_H=1 -DHAVE_STRING_H=1 -DHAVE_MEMORY_H=1 -DHAVE_STRINGS_H=1 -DHAVE_INTTYPES_H=1 -DHAVE_STDINT_H=1 -DHAVE_UNISTD_H=1 -DHAVE_LIMITS_H=1 -DHAVE_SYS_PARAM_H=1 -DUSE_THREAD_ALLOC=1 -D_REENTRANT=1 -D_THREAD_SAFE=1 -DTCL_THREADS=1 -DMODULE_SCOPE=extern\ __attribute__\(\(__visibility__\(\"hidden\"\)\)\) -D_LARGEFILE64_SOURCE=1 -DTCL_WIDE_INT_IS_LONG=1 -DUSE_TCL_STUBS=1'
ECHO_C=''
ECHO_N='-n'
ECHO_T=''
EGREP='/bin/grep -E'
EXEEXT=''
GREP='/bin/grep'
LDFLAGS=' -Wl,--export-dynamic '
LDFLAGS_DEFAULT=' -Wl,--export-dynamic '
LD_LIBRARY_PATH_VAR='LD_LIBRARY_PATH'
LIBOBJS=''
LIBS=''
LTLIBOBJS=''
MAKE_LIB='${SHLIB_LD} -o $@ $(PKG_OBJECTS) ${SHLIB_LD_LIBS} '
MAKE_SHARED_LIB='${SHLIB_LD} -o $@ $(PKG_OBJECTS) ${SHLIB_LD_LIBS}'
MAKE_STATIC_LIB='${STLIB_LD} $@ $(PKG_OBJECTS)'
MAKE_STUB_LIB='${STLIB_LD} $@ $(PKG_STUB_OBJECTS)'
MATH_LIBS='-lieee -lm'
OBJEXT='o'
PACKAGE_BUGREPORT=''
PACKAGE_NAME='rdl'
PACKAGE_STRING='rdl 1.1'
PACKAGE_TARNAME='rdl'
PACKAGE_URL=''
PACKAGE_VERSION='1.1'
PATH_SEPARATOR=':'
PKG_CFLAGS=' '
PKG_HEADERS=''
PKG_INCLUDES=''
PKG_LIBS=' -lreadline -lcurses'
PKG_LIB_FILE='librdl1.1.so'
PKG_OBJECTS=' readline_tcl_api.o Rdl_Init.o'
PKG_SOURCES=' readline_tcl_api.c Rdl_Init.c'
PKG_STUB_LIB_FILE='librdlstub1.1.a'
PKG_STUB_OBJECTS=''
PKG_STUB_SOURCES=''
PKG_TCL_SOURCES=' rdl_utils.tcl'
RANLIB=':'
RANLIB_STUB='ranlib'
RC=''
SET_MAKE=''
SHARED_BUILD='1'
SHELL='/bin/sh'
SHLIB_CFLAGS='-fPIC'
SHLIB_LD='${CC} -shared ${CFLAGS} ${LDFLAGS_DEFAULT}'
SHLIB_LD_LIBS='${LIBS} -L/cdf/home/kanzhang/Topmass_SL6/src/tcl8.6.6/unix -ltclstub8.6'
STLIB_LD='${AR} cr'
TCLSH_PROG='/cdf/home/kanzhang/Topmass_SL6/src/tcl8.6.6/unix/tclsh'
TCL_BIN_DIR='/cdf/home/kanzhang/Topmass_SL6/src/tcl8.6.6/unix'
TCL_DBGX=''
TCL_DEFS='-DPACKAGE_NAME=\"tcl\" -DPACKAGE_TARNAME=\"tcl\" -DPACKAGE_VERSION=\"8.6\" -DPACKAGE_STRING=\"tcl\ 8.6\" -DPACKAGE_BUGREPORT=\"\" -DSTDC_HEADERS=1 -DHAVE_SYS_TYPES_H=1 -DHAVE_SYS_STAT_H=1 -DHAVE_STDLIB_H=1 -DHAVE_STRING_H=1 -DHAVE_MEMORY_H=1 -DHAVE_STRINGS_H=1 -DHAVE_INTTYPES_H=1 -DHAVE_STDINT_H=1 -DHAVE_UNISTD_H=1 -DHAVE_SYS_PARAM_H=1 -DUSE_THREAD_ALLOC=1 -D_REENTRANT=1 -D_THREAD_SAFE=1 -DHAVE_PTHREAD_ATTR_SETSTACKSIZE=1 -DHAVE_PTHREAD_ATFORK=1 -DTCL_THREADS=1 -DTCL_CFGVAL_ENCODING=\"iso8859-1\" -DHAVE_ZLIB=1 -DMODULE_SCOPE=extern\ __attribute__\(\(__visibility__\(\"hidden\"\)\)\) -DHAVE_HIDDEN=1 -DHAVE_CAST_TO_UNION=1 -DTCL_SHLIB_EXT=\".so\" -DNDEBUG=1 -DTCL_CFG_OPTIMIZED=1 -DTCL_TOMMATH=1 -DMP_PREC=4 -D_LARGEFILE64_SOURCE=1 -DTCL_WIDE_INT_IS_LONG=1 -DHAVE_GETCWD=1 -DHAVE_MKSTEMP=1 -DHAVE_OPENDIR=1 -DHAVE_STRTOL=1 -DHAVE_WAITPID=1 -DHAVE_GETNAMEINFO=1 -DHAVE_GETADDRINFO=1 -DHAVE_FREEADDRINFO=1 -DHAVE_GAI_STRERROR=1 -DHAVE_STRUCT_ADDRINFO=1 -DHAVE_STRUCT_IN6_ADDR=1 -DHAVE_STRUCT_SOCKADDR_IN6=1 -DHAVE_STRUCT_SOCKADDR_STORAGE=1 -DHAVE_GETPWUID_R_5=1 -DHAVE_GETPWUID_R=1 -DHAVE_GETPWNAM_R_5=1 -DHAVE_GETPWNAM_R=1 -DHAVE_GETGRGID_R_5=1 -DHAVE_GETGRGID_R=1 -DHAVE_GETGRNAM_R_5=1 -DHAVE_GETGRNAM_R=1 -DHAVE_GETHOSTBYNAME_R_6=1 -DHAVE_GETHOSTBYNAME_R=1 -DHAVE_GETHOSTBYADDR_R_8=1 -DHAVE_GETHOSTBYADDR_R=1 -DHAVE_TERMIOS_H=1 -DHAVE_SYS_IOCTL_H=1 -DHAVE_SYS_TIME_H=1 -DTIME_WITH_SYS_TIME=1 -DHAVE_GMTIME_R=1 -DHAVE_LOCALTIME_R=1 -DHAVE_MKTIME=1 -DHAVE_TM_GMTOFF=1 -DHAVE_TIMEZONE_VAR=1 -DHAVE_STRUCT_STAT_ST_BLOCKS=1 -DHAVE_STRUCT_STAT_ST_BLKSIZE=1 -DHAVE_BLKCNT_T=1 -DHAVE_INTPTR_T=1 -DHAVE_UINTPTR_T=1 -DHAVE_SIGNED_CHAR=1 -DHAVE_LANGINFO=1 -DHAVE_MKSTEMPS=1 -DHAVE_SYS_IOCTL_H=1 -DTCL_UNLOAD_DLLS=1 -DHAVE_CPUID=1 '
TCL_EXTRA_CFLAGS=' -pipe '
TCL_INCLUDES='-I"/cdf/home/kanzhang/Topmass_SL6/src/tcl8.6.6/generic"'
TCL_LD_FLAGS=' -Wl,--export-dynamic '
TCL_LIBS='${DL_LIBS} ${LIBS} ${MATH_LIBS}'
TCL_LIB_FILE='libtcl8.6.so'
TCL_LIB_FLAG='-ltcl8.6'
TCL_LIB_SPEC='-L/cdf/home/kanzhang/Topmass_SL6/src/tcl8.6.6/unix -ltcl8.6'
TCL_PATCH_LEVEL='.6'
TCL_SHLIB_LD_LIBS='${LIBS}'
TCL_SRC_DIR='/cdf/home/kanzhang/Topmass_SL6/src/tcl8.6.6'
TCL_STUB_LIB_FILE='libtclstub8.6.a'
TCL_STUB_LIB_FLAG='-ltclstub8.6'
TCL_STUB_LIB_SPEC='-L/cdf/home/kanzhang/Topmass_SL6/src/tcl8.6.6/unix -ltclstub8.6'
TCL_THREADS='1'
TCL_VERSION='8.6'
VC_MANIFEST_EMBED_DLL=''
VC_MANIFEST_EMBED_EXE=''
ac_ct_CC='gcc'
bindir='${exec_prefix}/bin'
build_alias=''
datadir='${datarootdir}'
datarootdir='${prefix}/share'
docdir='${datarootdir}/doc/${PACKAGE_TARNAME}'
dvidir='${docdir}'
exec_prefix='/cdf/home/kanzhang/Topmass_SL6'
host_alias=''
htmldir='${docdir}'
includedir='${prefix}/include'
infodir='${datarootdir}/info'
libdir='${exec_prefix}/lib'
libexecdir='${exec_prefix}/libexec'
localedir='${datarootdir}/locale'
localstatedir='${prefix}/var'
mandir='${datarootdir}/man'
oldincludedir='/usr/include'
pdfdir='${docdir}'
prefix='/cdf/home/kanzhang/Topmass_SL6'
program_transform_name='s,x,x,'
psdir='${docdir}'
sbindir='${exec_prefix}/sbin'
sharedstatedir='${prefix}/com'
sysconfdir='${prefix}/etc'
target_alias=''

## ----------- ##
## confdefs.h. ##
## ----------- ##

/* confdefs.h */
#define PACKAGE_NAME "rdl"
#define PACKAGE_TARNAME "rdl"
#define PACKAGE_VERSION "1.1"
#define PACKAGE_STRING "rdl 1.1"
#define PACKAGE_BUGREPORT ""
#define PACKAGE_URL ""
#define BUILD_rdl /**/
#define STDC_HEADERS 1
#define HAVE_SYS_TYPES_H 1
#define HAVE_SYS_STAT_H 1
#define HAVE_STDLIB_H 1
#define HAVE_STRING_H 1
#define HAVE_MEMORY_H 1
#define HAVE_STRINGS_H 1
#define HAVE_INTTYPES_H 1
#define HAVE_STDINT_H 1
#define HAVE_UNISTD_H 1
#define HAVE_LIMITS_H 1
#define HAVE_SYS_PARAM_H 1
#define USE_THREAD_ALLOC 1
#define _REENTRANT 1
#define _THREAD_SAFE 1
#define TCL_THREADS 1
#define MODULE_SCOPE extern __attribute__((__visibility__("hidden")))
#define _LARGEFILE64_SOURCE 1
#define TCL_WIDE_INT_IS_LONG 1
#define USE_TCL_STUBS 1

configure: exit 0
