This file contains any messages produced by compilers while
running configure, to aid debugging if configure makes a mistake.

It was created by npstat configure 4.9.0, which was
generated by GNU Autoconf 2.69.  Invocation command line was

  $ ./configure --with-pic --prefix=/cdf/home/kanzhang/Topmass_SL6

## --------- ##
## Platform. ##
## --------- ##

hostname = fcdflnxgpvm01.fnal.gov
uname -m = x86_64
uname -r = 2.6.32-754.3.5.el6.x86_64
uname -s = Linux
uname -v = #1 SMP Tue Aug 14 15:20:19 CDT 2018

/usr/bin/uname -p = unknown
/bin/uname -X     = unknown

/bin/arch              = x86_64
/usr/bin/arch -k       = unknown
/usr/convex/getsysinfo = unknown
/usr/bin/hostinfo      = unknown
/bin/machine           = unknown
/usr/bin/oslevel       = unknown
/bin/universe          = unknown

PATH: /cdf/home/kanzhang/Topmass_SL6/bin
PATH: /cdf/proj/401.top/igv/compilers/bin
PATH: /usr/krb5/bin
PATH: /usr/krb5/bin
PATH: /usr/lib64/qt-3.3/bin
PATH: /opt/puppetlabs/bin
PATH: /usr/kerberos/sbin
PATH: /usr/kerberos/bin
PATH: /usr/local/bin
PATH: /bin
PATH: /usr/bin
PATH: /usr/local/sbin
PATH: /usr/sbin
PATH: /sbin
PATH: /opt/puppetlabs/bin
PATH: /opt/puppetlabs/bin


## ----------- ##
## Core tests. ##
## ----------- ##

configure:2421: checking for a BSD-compatible install
configure:2489: result: /usr/bin/install -c
configure:2500: checking whether build environment is sane
configure:2555: result: yes
configure:2706: checking for a thread-safe mkdir -p
configure:2745: result: /bin/mkdir -p
configure:2752: checking for gawk
configure:2768: found /bin/gawk
configure:2779: result: gawk
configure:2790: checking whether make sets $(MAKE)
configure:2812: result: yes
configure:2841: checking whether make supports nested variables
configure:2858: result: yes
configure:3041: checking for pkg-config
configure:3059: found /usr/bin/pkg-config
configure:3071: result: /usr/bin/pkg-config
configure:3096: checking pkg-config is at least version 0.9.0
configure:3099: result: yes
configure:3109: checking for DEPS
configure:3116: $PKG_CONFIG --exists --print-errors "fftw3 >= 3.1.2 geners >= 1.3.0 kstest >= 2.0.0"
configure:3119: $? = 0
configure:3133: $PKG_CONFIG --exists --print-errors "fftw3 >= 3.1.2 geners >= 1.3.0 kstest >= 2.0.0"
configure:3136: $? = 0
configure:3194: result: yes
configure:3257: checking for g++
configure:3273: found /cdf/proj/401.top/igv/compilers/bin/g++
configure:3284: result: g++
configure:3311: checking for C++ compiler version
configure:3320: g++ --version >&5
g++ (GCC) 7.3.0
Copyright (C) 2017 Free Software Foundation, Inc.
This is free software; see the source for copying conditions.  There is NO
warranty; not even for MERCHANTABILITY or FITNESS FOR A PARTICULAR PURPOSE.

configure:3331: $? = 0
configure:3320: g++ -v >&5
Using built-in specs.
COLLECT_GCC=g++
COLLECT_LTO_WRAPPER=/pnfs/cdfen/persistent/proj/401.top/igv/compilers/bin/../libexec/gcc/x86_64-pc-linux-gnu/7.3.0/lto-wrapper
Target: x86_64-pc-linux-gnu
Configured with: /cdf/proj/401.top/igv/compilers/src/gcc-7.3.0/configure --prefix=/cdf/proj/401.top/igv/compilers --enable-languages=c,c++,fortran
Thread model: posix
gcc version 7.3.0 (GCC) 
configure:3331: $? = 0
configure:3320: g++ -V >&5
g++: error: unrecognized command line option '-V'
g++: fatal error: no input files
compilation terminated.
configure:3331: $? = 1
configure:3320: g++ -qversion >&5
g++: error: unrecognized command line option '-qversion'; did you mean '--version'?
g++: fatal error: no input files
compilation terminated.
configure:3331: $? = 1
configure:3351: checking whether the C++ compiler works
configure:3373: g++ -std=c++11 -O3 -Wall -W -Werror   conftest.cpp  >&5
configure:3377: $? = 0
configure:3425: result: yes
configure:3428: checking for C++ compiler default output file name
configure:3430: result: a.out
configure:3436: checking for suffix of executables
configure:3443: g++ -o conftest -std=c++11 -O3 -Wall -W -Werror   conftest.cpp  >&5
configure:3447: $? = 0
configure:3469: result: 
configure:3491: checking whether we are cross compiling
configure:3499: g++ -o conftest -std=c++11 -O3 -Wall -W -Werror   conftest.cpp  >&5
configure:3503: $? = 0
configure:3510: ./conftest
configure:3514: $? = 0
configure:3529: result: no
configure:3534: checking for suffix of object files
configure:3556: g++ -c -std=c++11 -O3 -Wall -W -Werror  conftest.cpp >&5
configure:3560: $? = 0
configure:3581: result: o
configure:3585: checking whether we are using the GNU C++ compiler
configure:3604: g++ -c -std=c++11 -O3 -Wall -W -Werror  conftest.cpp >&5
configure:3604: $? = 0
configure:3613: result: yes
configure:3622: checking whether g++ accepts -g
configure:3642: g++ -c -g  conftest.cpp >&5
configure:3642: $? = 0
configure:3683: result: yes
configure:3717: checking for style of include used by make
configure:3745: result: GNU
configure:3771: checking dependency style of g++
configure:3882: result: gcc3
configure:3951: checking for g77
configure:3967: found /usr/bin/g77
configure:3978: result: g77
configure:4004: checking for Fortran 77 compiler version
configure:4013: g77 --version >&5
GNU Fortran (GCC) 3.4.6 20060404 (Red Hat 3.4.6-19.el6)
Copyright (C) 2006 Free Software Foundation, Inc.

GNU Fortran comes with NO WARRANTY, to the extent permitted by law.
You may redistribute copies of GNU Fortran
under the terms of the GNU General Public License.
For more information about these matters, see the file named COPYING
or type the command `info -f g77 Copying'.
configure:4024: $? = 0
configure:4013: g77 -v >&5
Reading specs from /usr/lib/gcc/x86_64-redhat-linux/3.4.6/specs
Configured with: ../configure --prefix=/usr --mandir=/usr/share/man --infodir=/usr/share/info --enable-shared --enable-threads=posix --disable-checking --with-system-zlib --enable-__cxa_atexit --disable-libunwind-exceptions --enable-languages=c,c++,f77 --disable-libgcj --host=x86_64-redhat-linux
Thread model: posix
gcc version 3.4.6 20060404 (Red Hat 3.4.6-19.el6)
configure:4024: $? = 0
configure:4013: g77 -V >&5
g77: `-V' option must have argument
configure:4024: $? = 1
configure:4013: g77 -qversion >&5
g77: unrecognized option `-qversion'
g77: no input files
configure:4024: $? = 1
configure:4033: checking whether we are using the GNU Fortran 77 compiler
configure:4046: g77 -c  conftest.F >&5
configure:4046: $? = 0
configure:4055: result: yes
configure:4061: checking whether g77 accepts -g
configure:4072: g77 -c -g conftest.f >&5
configure:4072: $? = 0
configure:4080: result: yes
configure:4113: checking build system type
configure:4127: result: x86_64-pc-linux-gnu
configure:4147: checking host system type
configure:4160: result: x86_64-pc-linux-gnu
configure:4185: checking how to get verbose linking output from g77
configure:4195: g77 -c -g -O2 conftest.f >&5
configure:4195: $? = 0
configure:4213: g77 -o conftest -g -O2 -v conftest.f
Reading specs from /usr/lib/gcc/x86_64-redhat-linux/3.4.6/specs
Thread model: posix
gcc version 3.4.6 20060404 (Red Hat 3.4.6-19.el6)
 /usr/libexec/gcc/x86_64-redhat-linux/3.4.6/f771 conftest.f -quiet -dumpbase conftest.f -mtune=k8 -auxbase conftest -g -O2 -version -o /tmp/cciwCLUj.s
GNU F77 version 3.4.6 20060404 (Red Hat 3.4.6-19.el6) (x86_64-redhat-linux)
	compiled by GNU C version 3.4.6 20060404 (Red Hat 3.4.6-19.el6).
GGC heuristics: --param ggc-min-expand=100 --param ggc-min-heapsize=131072
 as -V -Qy -o /tmp/ccfaynI7.o /tmp/cciwCLUj.s
GNU assembler version 2.20.51.0.2 (x86_64-redhat-linux) using BFD version version 2.20.51.0.2-5.42.el6 20100205
 /usr/libexec/gcc/x86_64-redhat-linux/3.4.6/collect2 --eh-frame-hdr -m elf_x86_64 -dynamic-linker /lib64/ld-linux-x86-64.so.2 -o conftest /usr/lib/gcc/x86_64-redhat-linux/3.4.6/../../../../lib64/crt1.o /usr/lib/gcc/x86_64-redhat-linux/3.4.6/../../../../lib64/crti.o /usr/lib/gcc/x86_64-redhat-linux/3.4.6/crtbegin.o -L/usr/lib/gcc/x86_64-redhat-linux/3.4.6 -L/usr/lib/gcc/x86_64-redhat-linux/3.4.6 -L/usr/lib/gcc/x86_64-redhat-linux/3.4.6/../../../../lib64 -L/usr/lib/gcc/x86_64-redhat-linux/3.4.6/../../.. -L/lib/../lib64 -L/usr/lib/../lib64 /tmp/ccfaynI7.o -lfrtbegin -lg2c -lm -lgcc_s -lgcc -lc -lgcc_s -lgcc /usr/lib/gcc/x86_64-redhat-linux/3.4.6/crtend.o /usr/lib/gcc/x86_64-redhat-linux/3.4.6/../../../../lib64/crtn.o
configure:4296: result: -v
configure:4298: checking for Fortran 77 libraries of g77
configure:4321: g77 -o conftest -g -O2 -v conftest.f
Reading specs from /usr/lib/gcc/x86_64-redhat-linux/3.4.6/specs
Thread model: posix
gcc version 3.4.6 20060404 (Red Hat 3.4.6-19.el6)
 /usr/libexec/gcc/x86_64-redhat-linux/3.4.6/f771 conftest.f -quiet -dumpbase conftest.f -mtune=k8 -auxbase conftest -g -O2 -version -o /tmp/ccxAfCdm.s
GNU F77 version 3.4.6 20060404 (Red Hat 3.4.6-19.el6) (x86_64-redhat-linux)
	compiled by GNU C version 3.4.6 20060404 (Red Hat 3.4.6-19.el6).
GGC heuristics: --param ggc-min-expand=100 --param ggc-min-heapsize=131072
 as -V -Qy -o /tmp/ccV7zn69.o /tmp/ccxAfCdm.s
GNU assembler version 2.20.51.0.2 (x86_64-redhat-linux) using BFD version version 2.20.51.0.2-5.42.el6 20100205
 /usr/libexec/gcc/x86_64-redhat-linux/3.4.6/collect2 --eh-frame-hdr -m elf_x86_64 -dynamic-linker /lib64/ld-linux-x86-64.so.2 -o conftest /usr/lib/gcc/x86_64-redhat-linux/3.4.6/../../../../lib64/crt1.o /usr/lib/gcc/x86_64-redhat-linux/3.4.6/../../../../lib64/crti.o /usr/lib/gcc/x86_64-redhat-linux/3.4.6/crtbegin.o -L/usr/lib/gcc/x86_64-redhat-linux/3.4.6 -L/usr/lib/gcc/x86_64-redhat-linux/3.4.6 -L/usr/lib/gcc/x86_64-redhat-linux/3.4.6/../../../../lib64 -L/usr/lib/gcc/x86_64-redhat-linux/3.4.6/../../.. -L/lib/../lib64 -L/usr/lib/../lib64 /tmp/ccV7zn69.o -lfrtbegin -lg2c -lm -lgcc_s -lgcc -lc -lgcc_s -lgcc /usr/lib/gcc/x86_64-redhat-linux/3.4.6/crtend.o /usr/lib/gcc/x86_64-redhat-linux/3.4.6/../../../../lib64/crtn.o
configure:4517: result:  -L/usr/lib/gcc/x86_64-redhat-linux/3.4.6 -L/usr/lib/gcc/x86_64-redhat-linux/3.4.6/../../../../lib64 -L/usr/lib/gcc/x86_64-redhat-linux/3.4.6/../../.. -L/lib/../lib64 -L/usr/lib/../lib64 -lfrtbegin -lg2c -lm
configure:4579: checking how to print strings
configure:4606: result: printf
configure:4675: checking for gcc
configure:4691: found /cdf/proj/401.top/igv/compilers/bin/gcc
configure:4702: result: gcc
configure:4931: checking for C compiler version
configure:4940: gcc --version >&5
gcc (GCC) 7.3.0
Copyright (C) 2017 Free Software Foundation, Inc.
This is free software; see the source for copying conditions.  There is NO
warranty; not even for MERCHANTABILITY or FITNESS FOR A PARTICULAR PURPOSE.

configure:4951: $? = 0
configure:4940: gcc -v >&5
Using built-in specs.
COLLECT_GCC=gcc
COLLECT_LTO_WRAPPER=/pnfs/cdfen/persistent/proj/401.top/igv/compilers/bin/../libexec/gcc/x86_64-pc-linux-gnu/7.3.0/lto-wrapper
Target: x86_64-pc-linux-gnu
Configured with: /cdf/proj/401.top/igv/compilers/src/gcc-7.3.0/configure --prefix=/cdf/proj/401.top/igv/compilers --enable-languages=c,c++,fortran
Thread model: posix
gcc version 7.3.0 (GCC) 
configure:4951: $? = 0
configure:4940: gcc -V >&5
gcc: error: unrecognized command line option '-V'
gcc: fatal error: no input files
compilation terminated.
configure:4951: $? = 1
configure:4940: gcc -qversion >&5
gcc: error: unrecognized command line option '-qversion'; did you mean '--version'?
gcc: fatal error: no input files
compilation terminated.
configure:4951: $? = 1
configure:4955: checking whether we are using the GNU C compiler
configure:4974: gcc -c   conftest.c >&5
configure:4974: $? = 0
configure:4983: result: yes
configure:4992: checking whether gcc accepts -g
configure:5012: gcc -c -g  conftest.c >&5
configure:5012: $? = 0
configure:5053: result: yes
configure:5070: checking for gcc option to accept ISO C89
configure:5133: gcc  -c -g -O2  conftest.c >&5
configure:5133: $? = 0
configure:5146: result: none needed
configure:5171: checking whether gcc understands -c and -o together
configure:5193: gcc -c conftest.c -o conftest2.o
configure:5196: $? = 0
configure:5193: gcc -c conftest.c -o conftest2.o
configure:5196: $? = 0
configure:5208: result: yes
configure:5227: checking dependency style of gcc
configure:5338: result: gcc3
configure:5353: checking for a sed that does not truncate output
configure:5417: result: /bin/sed
configure:5435: checking for grep that handles long lines and -e
configure:5493: result: /bin/grep
configure:5498: checking for egrep
configure:5560: result: /bin/grep -E
configure:5565: checking for fgrep
configure:5627: result: /bin/grep -F
configure:5662: checking for ld used by gcc
configure:5729: result: /usr/bin/ld
configure:5736: checking if the linker (/usr/bin/ld) is GNU ld
configure:5751: result: yes
configure:5763: checking for BSD- or MS-compatible name lister (nm)
configure:5817: result: /usr/bin/nm -B
configure:5947: checking the name lister (/usr/bin/nm -B) interface
configure:5954: gcc -c -g -O2  conftest.c >&5
configure:5957: /usr/bin/nm -B "conftest.o"
configure:5960: output
0000000000000000 B some_variable
configure:5967: result: BSD nm
configure:5970: checking whether ln -s works
configure:5974: result: yes
configure:5982: checking the maximum length of command line arguments
configure:6113: result: 1966080
configure:6161: checking how to convert x86_64-pc-linux-gnu file names to x86_64-pc-linux-gnu format
configure:6201: result: func_convert_file_noop
configure:6208: checking how to convert x86_64-pc-linux-gnu file names to toolchain format
configure:6228: result: func_convert_file_noop
configure:6235: checking for /usr/bin/ld option to reload object files
configure:6242: result: -r
configure:6316: checking for objdump
configure:6332: found /usr/bin/objdump
configure:6343: result: objdump
configure:6375: checking how to recognize dependent libraries
configure:6575: result: pass_all
configure:6660: checking for dlltool
configure:6690: result: no
configure:6720: checking how to associate runtime and link libraries
configure:6747: result: printf %s\n
configure:6808: checking for ar
configure:6824: found /usr/bin/ar
configure:6835: result: ar
configure:6872: checking for archiver @FILE support
configure:6889: gcc -c -g -O2  conftest.c >&5
configure:6889: $? = 0
configure:6892: ar cru libconftest.a @conftest.lst >&5
configure:6895: $? = 0
configure:6900: ar cru libconftest.a @conftest.lst >&5
ar: conftest.o: No such file or directory
configure:6903: $? = 1
configure:6915: result: @
configure:6973: checking for strip
configure:6989: found /usr/bin/strip
configure:7000: result: strip
configure:7072: checking for ranlib
configure:7088: found /usr/bin/ranlib
configure:7099: result: ranlib
configure:7201: checking command to parse /usr/bin/nm -B output from gcc object
configure:7354: gcc -c -g -O2  conftest.c >&5
configure:7357: $? = 0
configure:7361: /usr/bin/nm -B conftest.o \| sed -n -e 's/^.*[ ]\([ABCDGIRSTW][ABCDGIRSTW]*\)[ ][ ]*\([_A-Za-z][_A-Za-z0-9]*\)$/\1 \2 \2/p' | sed '/ __gnu_lto/d' \> conftest.nm
configure:7364: $? = 0
configure:7430: gcc -o conftest -g -O2   conftest.c conftstm.o >&5
configure:7433: $? = 0
configure:7471: result: ok
configure:7518: checking for sysroot
configure:7548: result: no
configure:7555: checking for a working dd
configure:7593: result: /bin/dd
configure:7597: checking how to truncate binary pipes
configure:7612: result: /bin/dd bs=4096 count=1
configure:7748: gcc -c -g -O2  conftest.c >&5
configure:7751: $? = 0
configure:7941: checking for mt
configure:7971: result: no
configure:7991: checking if : is a manifest tool
configure:7997: : '-?'
configure:8005: result: no
configure:8682: checking how to run the C preprocessor
configure:8713: gcc -E  conftest.c
configure:8713: $? = 0
configure:8727: gcc -E  conftest.c
conftest.c:11:10: fatal error: ac_nonexistent.h: No such file or directory
 #include <ac_nonexistent.h>
          ^~~~~~~~~~~~~~~~~~
compilation terminated.
configure:8727: $? = 1
configure: failed program was:
| /* confdefs.h */
| #define PACKAGE_NAME "npstat"
| #define PACKAGE_TARNAME "npstat"
| #define PACKAGE_VERSION "4.9.0"
| #define PACKAGE_STRING "npstat 4.9.0"
| #define PACKAGE_BUGREPORT ""
| #define PACKAGE_URL ""
| #define PACKAGE "npstat"
| #define VERSION "4.9.0"
| /* end confdefs.h.  */
| #include <ac_nonexistent.h>
configure:8752: result: gcc -E
configure:8772: gcc -E  conftest.c
configure:8772: $? = 0
configure:8786: gcc -E  conftest.c
conftest.c:11:10: fatal error: ac_nonexistent.h: No such file or directory
 #include <ac_nonexistent.h>
          ^~~~~~~~~~~~~~~~~~
compilation terminated.
configure:8786: $? = 1
configure: failed program was:
| /* confdefs.h */
| #define PACKAGE_NAME "npstat"
| #define PACKAGE_TARNAME "npstat"
| #define PACKAGE_VERSION "4.9.0"
| #define PACKAGE_STRING "npstat 4.9.0"
| #define PACKAGE_BUGREPORT ""
| #define PACKAGE_URL ""
| #define PACKAGE "npstat"
| #define VERSION "4.9.0"
| /* end confdefs.h.  */
| #include <ac_nonexistent.h>
configure:8815: checking for ANSI C header files
configure:8835: gcc -c -g -O2  conftest.c >&5
configure:8835: $? = 0
configure:8908: gcc -o conftest -g -O2   conftest.c  >&5
configure:8908: $? = 0
configure:8908: ./conftest
configure:8908: $? = 0
configure:8919: result: yes
configure:8932: checking for sys/types.h
configure:8932: gcc -c -g -O2  conftest.c >&5
configure:8932: $? = 0
configure:8932: result: yes
configure:8932: checking for sys/stat.h
configure:8932: gcc -c -g -O2  conftest.c >&5
configure:8932: $? = 0
configure:8932: result: yes
configure:8932: checking for stdlib.h
configure:8932: gcc -c -g -O2  conftest.c >&5
configure:8932: $? = 0
configure:8932: result: yes
configure:8932: checking for string.h
configure:8932: gcc -c -g -O2  conftest.c >&5
configure:8932: $? = 0
configure:8932: result: yes
configure:8932: checking for memory.h
configure:8932: gcc -c -g -O2  conftest.c >&5
configure:8932: $? = 0
configure:8932: result: yes
configure:8932: checking for strings.h
configure:8932: gcc -c -g -O2  conftest.c >&5
configure:8932: $? = 0
configure:8932: result: yes
configure:8932: checking for inttypes.h
configure:8932: gcc -c -g -O2  conftest.c >&5
configure:8932: $? = 0
configure:8932: result: yes
configure:8932: checking for stdint.h
configure:8932: gcc -c -g -O2  conftest.c >&5
configure:8932: $? = 0
configure:8932: result: yes
configure:8932: checking for unistd.h
configure:8932: gcc -c -g -O2  conftest.c >&5
configure:8932: $? = 0
configure:8932: result: yes
configure:8946: checking for dlfcn.h
configure:8946: gcc -c -g -O2  conftest.c >&5
configure:8946: $? = 0
configure:8946: result: yes
configure:9213: checking for objdir
configure:9228: result: .libs
configure:9492: checking if gcc supports -fno-rtti -fno-exceptions
configure:9510: gcc -c -g -O2  -fno-rtti -fno-exceptions conftest.c >&5
cc1: warning: command line option '-fno-rtti' is valid for C++/ObjC++ but not for C
configure:9514: $? = 0
configure:9527: result: no
configure:9885: checking for gcc option to produce PIC
configure:9892: result: -fPIC -DPIC
configure:9900: checking if gcc PIC flag -fPIC -DPIC works
configure:9918: gcc -c -g -O2  -fPIC -DPIC -DPIC conftest.c >&5
configure:9922: $? = 0
configure:9935: result: yes
configure:9964: checking if gcc static flag -static works
configure:9992: result: no
configure:10007: checking if gcc supports -c -o file.o
configure:10028: gcc -c -g -O2  -o out/conftest2.o conftest.c >&5
configure:10032: $? = 0
configure:10054: result: yes
configure:10062: checking if gcc supports -c -o file.o
configure:10109: result: yes
configure:10142: checking whether the gcc linker (/usr/bin/ld -m elf_x86_64) supports shared libraries
configure:11401: result: yes
configure:11438: checking whether -lc should be explicitly linked in
configure:11446: gcc -c -g -O2  conftest.c >&5
configure:11449: $? = 0
configure:11464: gcc -shared  -fPIC -DPIC conftest.o  -v -Wl,-soname -Wl,conftest -o conftest 2\>\&1 \| /bin/grep  -lc  \>/dev/null 2\>\&1
configure:11467: $? = 0
configure:11481: result: no
configure:11641: checking dynamic linker characteristics
configure:12222: gcc -o conftest -g -O2   -Wl,-rpath -Wl,/foo conftest.c  >&5
configure:12222: $? = 0
configure:12459: result: GNU/Linux ld.so
configure:12581: checking how to hardcode library paths into programs
configure:12606: result: immediate
configure:13154: checking whether stripping libraries is possible
configure:13159: result: yes
configure:13194: checking if libtool supports shared libraries
configure:13196: result: yes
configure:13199: checking whether to build shared libraries
configure:13224: result: yes
configure:13227: checking whether to build static libraries
configure:13231: result: yes
configure:13254: checking how to run the C++ preprocessor
configure:13281: g++ -E  conftest.cpp
configure:13281: $? = 0
configure:13295: g++ -E  conftest.cpp
conftest.cpp:23:10: fatal error: ac_nonexistent.h: No such file or directory
 #include <ac_nonexistent.h>
          ^~~~~~~~~~~~~~~~~~
compilation terminated.
configure:13295: $? = 1
configure: failed program was:
| /* confdefs.h */
| #define PACKAGE_NAME "npstat"
| #define PACKAGE_TARNAME "npstat"
| #define PACKAGE_VERSION "4.9.0"
| #define PACKAGE_STRING "npstat 4.9.0"
| #define PACKAGE_BUGREPORT ""
| #define PACKAGE_URL ""
| #define PACKAGE "npstat"
| #define VERSION "4.9.0"
| #define STDC_HEADERS 1
| #define HAVE_SYS_TYPES_H 1
| #define HAVE_SYS_STAT_H 1
| #define HAVE_STDLIB_H 1
| #define HAVE_STRING_H 1
| #define HAVE_MEMORY_H 1
| #define HAVE_STRINGS_H 1
| #define HAVE_INTTYPES_H 1
| #define HAVE_STDINT_H 1
| #define HAVE_UNISTD_H 1
| #define HAVE_DLFCN_H 1
| #define LT_OBJDIR ".libs/"
| /* end confdefs.h.  */
| #include <ac_nonexistent.h>
configure:13320: result: g++ -E
configure:13340: g++ -E  conftest.cpp
configure:13340: $? = 0
configure:13354: g++ -E  conftest.cpp
conftest.cpp:23:10: fatal error: ac_nonexistent.h: No such file or directory
 #include <ac_nonexistent.h>
          ^~~~~~~~~~~~~~~~~~
compilation terminated.
configure:13354: $? = 1
configure: failed program was:
| /* confdefs.h */
| #define PACKAGE_NAME "npstat"
| #define PACKAGE_TARNAME "npstat"
| #define PACKAGE_VERSION "4.9.0"
| #define PACKAGE_STRING "npstat 4.9.0"
| #define PACKAGE_BUGREPORT ""
| #define PACKAGE_URL ""
| #define PACKAGE "npstat"
| #define VERSION "4.9.0"
| #define STDC_HEADERS 1
| #define HAVE_SYS_TYPES_H 1
| #define HAVE_SYS_STAT_H 1
| #define HAVE_STDLIB_H 1
| #define HAVE_STRING_H 1
| #define HAVE_MEMORY_H 1
| #define HAVE_STRINGS_H 1
| #define HAVE_INTTYPES_H 1
| #define HAVE_STDINT_H 1
| #define HAVE_UNISTD_H 1
| #define HAVE_DLFCN_H 1
| #define LT_OBJDIR ".libs/"
| /* end confdefs.h.  */
| #include <ac_nonexistent.h>
configure:13516: checking for ld used by g++
configure:13583: result: /usr/bin/ld -m elf_x86_64
configure:13590: checking if the linker (/usr/bin/ld -m elf_x86_64) is GNU ld
configure:13605: result: yes
configure:13660: checking whether the g++ linker (/usr/bin/ld -m elf_x86_64) supports shared libraries
configure:14733: result: yes
configure:14769: g++ -c -std=c++11 -O3 -Wall -W -Werror  conftest.cpp >&5
configure:14772: $? = 0
configure:15253: checking for g++ option to produce PIC
configure:15260: result: -fPIC -DPIC
configure:15268: checking if g++ PIC flag -fPIC -DPIC works
configure:15286: g++ -c -std=c++11 -O3 -Wall -W -Werror  -fPIC -DPIC -DPIC conftest.cpp >&5
configure:15290: $? = 0
configure:15303: result: yes
configure:15326: checking if g++ static flag -static works
configure:15354: result: no
configure:15366: checking if g++ supports -c -o file.o
configure:15387: g++ -c -std=c++11 -O3 -Wall -W -Werror  -o out/conftest2.o conftest.cpp >&5
configure:15391: $? = 0
configure:15413: result: yes
configure:15418: checking if g++ supports -c -o file.o
configure:15465: result: yes
configure:15495: checking whether the g++ linker (/usr/bin/ld -m elf_x86_64) supports shared libraries
configure:15535: result: yes
configure:15676: checking dynamic linker characteristics
configure:16421: result: GNU/Linux ld.so
configure:16486: checking how to hardcode library paths into programs
configure:16511: result: immediate
configure:16652: checking if libtool supports shared libraries
configure:16654: result: yes
configure:16657: checking whether to build shared libraries
configure:16681: result: yes
configure:16684: checking whether to build static libraries
configure:16688: result: yes
configure:17040: checking for g77 option to produce PIC
configure:17047: result: -fPIC
configure:17055: checking if g77 PIC flag -fPIC works
configure:17073: g77 -c -g -O2 -fPIC conftest.f >&5
configure:17077: $? = 0
configure:17090: result: yes
configure:17113: checking if g77 static flag -static works
configure:17141: result: no
configure:17153: checking if g77 supports -c -o file.o
configure:17174: g77 -c -g -O2 -o out/conftest2.o conftest.f >&5
configure:17178: $? = 0
configure:17200: result: yes
configure:17205: checking if g77 supports -c -o file.o
configure:17252: result: yes
configure:17282: checking whether the g77 linker (/usr/bin/ld -m elf_x86_64) supports shared libraries
configure:18491: result: yes
configure:18632: checking dynamic linker characteristics
configure:19371: result: GNU/Linux ld.so
configure:19436: checking how to hardcode library paths into programs
configure:19461: result: immediate
configure:19661: checking that generated files are newer than configure
configure:19667: result: done
configure:19694: creating ./config.status

## ---------------------- ##
## Running config.status. ##
## ---------------------- ##

This file was extended by npstat config.status 4.9.0, which was
generated by GNU Autoconf 2.69.  Invocation command line was

  CONFIG_FILES    = 
  CONFIG_HEADERS  = 
  CONFIG_LINKS    = 
  CONFIG_COMMANDS = 
  $ ./config.status 

on fcdflnxgpvm01.fnal.gov

config.status:1141: creating Makefile
config.status:1141: creating npstat/nm/Makefile
config.status:1141: creating npstat/rng/Makefile
config.status:1141: creating npstat/stat/Makefile
config.status:1141: creating npstat/wrap/Makefile
config.status:1141: creating npstat/interfaces/Makefile
config.status:1141: creating npstat/emsunfold/Makefile
config.status:1141: creating npstat/Makefile
config.status:1141: creating examples/C++/Makefile
config.status:1141: creating npstat.pc
config.status:1313: executing depfiles commands
config.status:1313: executing libtool commands

## ---------------- ##
## Cache variables. ##
## ---------------- ##

ac_cv_build=x86_64-pc-linux-gnu
ac_cv_c_compiler_gnu=yes
ac_cv_cxx_compiler_gnu=yes
ac_cv_env_CCC_set=
ac_cv_env_CCC_value=
ac_cv_env_CC_set=
ac_cv_env_CC_value=
ac_cv_env_CFLAGS_set=
ac_cv_env_CFLAGS_value=
ac_cv_env_CPPFLAGS_set=
ac_cv_env_CPPFLAGS_value=
ac_cv_env_CPP_set=
ac_cv_env_CPP_value=
ac_cv_env_CXXCPP_set=
ac_cv_env_CXXCPP_value=
ac_cv_env_CXXFLAGS_set=set
ac_cv_env_CXXFLAGS_value='-std=c++11 -O3 -Wall -W -Werror'
ac_cv_env_CXX_set=
ac_cv_env_CXX_value=
ac_cv_env_DEPS_CFLAGS_set=
ac_cv_env_DEPS_CFLAGS_value=
ac_cv_env_DEPS_LIBS_set=
ac_cv_env_DEPS_LIBS_value=
ac_cv_env_F77_set=
ac_cv_env_F77_value=
ac_cv_env_FFLAGS_set=
ac_cv_env_FFLAGS_value=
ac_cv_env_LDFLAGS_set=
ac_cv_env_LDFLAGS_value=
ac_cv_env_LIBS_set=
ac_cv_env_LIBS_value=
ac_cv_env_LT_SYS_LIBRARY_PATH_set=
ac_cv_env_LT_SYS_LIBRARY_PATH_value=
ac_cv_env_PKG_CONFIG_LIBDIR_set=
ac_cv_env_PKG_CONFIG_LIBDIR_value=
ac_cv_env_PKG_CONFIG_PATH_set=set
ac_cv_env_PKG_CONFIG_PATH_value=/cdf/home/kanzhang/Topmass_SL6/lib/pkgconfig
ac_cv_env_PKG_CONFIG_set=
ac_cv_env_PKG_CONFIG_value=
ac_cv_env_build_alias_set=
ac_cv_env_build_alias_value=
ac_cv_env_host_alias_set=
ac_cv_env_host_alias_value=
ac_cv_env_target_alias_set=
ac_cv_env_target_alias_value=
ac_cv_f77_compiler_gnu=yes
ac_cv_f77_libs=' -L/usr/lib/gcc/x86_64-redhat-linux/3.4.6 -L/usr/lib/gcc/x86_64-redhat-linux/3.4.6/../../../../lib64 -L/usr/lib/gcc/x86_64-redhat-linux/3.4.6/../../.. -L/lib/../lib64 -L/usr/lib/../lib64 -lfrtbegin -lg2c -lm'
ac_cv_header_dlfcn_h=yes
ac_cv_header_inttypes_h=yes
ac_cv_header_memory_h=yes
ac_cv_header_stdc=yes
ac_cv_header_stdint_h=yes
ac_cv_header_stdlib_h=yes
ac_cv_header_string_h=yes
ac_cv_header_strings_h=yes
ac_cv_header_sys_stat_h=yes
ac_cv_header_sys_types_h=yes
ac_cv_header_unistd_h=yes
ac_cv_host=x86_64-pc-linux-gnu
ac_cv_objext=o
ac_cv_path_EGREP='/bin/grep -E'
ac_cv_path_FGREP='/bin/grep -F'
ac_cv_path_GREP=/bin/grep
ac_cv_path_SED=/bin/sed
ac_cv_path_ac_pt_PKG_CONFIG=/usr/bin/pkg-config
ac_cv_path_install='/usr/bin/install -c'
ac_cv_path_lt_DD=/bin/dd
ac_cv_path_mkdir=/bin/mkdir
ac_cv_prog_AWK=gawk
ac_cv_prog_CPP='gcc -E'
ac_cv_prog_CXXCPP='g++ -E'
ac_cv_prog_ac_ct_AR=ar
ac_cv_prog_ac_ct_CC=gcc
ac_cv_prog_ac_ct_CXX=g++
ac_cv_prog_ac_ct_F77=g77
ac_cv_prog_ac_ct_OBJDUMP=objdump
ac_cv_prog_ac_ct_RANLIB=ranlib
ac_cv_prog_ac_ct_STRIP=strip
ac_cv_prog_cc_c89=
ac_cv_prog_cc_g=yes
ac_cv_prog_cxx_g=yes
ac_cv_prog_f77_g=yes
ac_cv_prog_f77_v=-v
ac_cv_prog_make_make_set=yes
am_cv_CC_dependencies_compiler_type=gcc3
am_cv_CXX_dependencies_compiler_type=gcc3
am_cv_make_support_nested_variables=yes
am_cv_prog_cc_c_o=yes
lt_cv_ar_at_file=@
lt_cv_archive_cmds_need_lc=no
lt_cv_deplibs_check_method=pass_all
lt_cv_file_magic_cmd='$MAGIC_CMD'
lt_cv_file_magic_test_file=
lt_cv_ld_reload_flag=-r
lt_cv_nm_interface='BSD nm'
lt_cv_objdir=.libs
lt_cv_path_LD=/usr/bin/ld
lt_cv_path_LDCXX='/usr/bin/ld -m elf_x86_64'
lt_cv_path_NM='/usr/bin/nm -B'
lt_cv_path_mainfest_tool=no
lt_cv_prog_compiler_c_o=yes
lt_cv_prog_compiler_c_o_CXX=yes
lt_cv_prog_compiler_c_o_F77=yes
lt_cv_prog_compiler_pic='-fPIC -DPIC'
lt_cv_prog_compiler_pic_CXX='-fPIC -DPIC'
lt_cv_prog_compiler_pic_F77=-fPIC
lt_cv_prog_compiler_pic_works=yes
lt_cv_prog_compiler_pic_works_CXX=yes
lt_cv_prog_compiler_pic_works_F77=yes
lt_cv_prog_compiler_rtti_exceptions=no
lt_cv_prog_compiler_static_works=no
lt_cv_prog_compiler_static_works_CXX=no
lt_cv_prog_compiler_static_works_F77=no
lt_cv_prog_gnu_ld=yes
lt_cv_prog_gnu_ldcxx=yes
lt_cv_sharedlib_from_linklib_cmd='printf %s\n'
lt_cv_shlibpath_overrides_runpath=no
lt_cv_sys_global_symbol_pipe='sed -n -e '\''s/^.*[	 ]\([ABCDGIRSTW][ABCDGIRSTW]*\)[	 ][	 ]*\([_A-Za-z][_A-Za-z0-9]*\)$/\1 \2 \2/p'\'' | sed '\''/ __gnu_lto/d'\'''
lt_cv_sys_global_symbol_to_c_name_address='sed -n -e '\''s/^: \(.*\) .*$/  {"\1", (void *) 0},/p'\'' -e '\''s/^[ABCDGIRSTW][ABCDGIRSTW]* .* \(.*\)$/  {"\1", (void *) \&\1},/p'\'''
lt_cv_sys_global_symbol_to_c_name_address_lib_prefix='sed -n -e '\''s/^: \(.*\) .*$/  {"\1", (void *) 0},/p'\'' -e '\''s/^[ABCDGIRSTW][ABCDGIRSTW]* .* \(lib.*\)$/  {"\1", (void *) \&\1},/p'\'' -e '\''s/^[ABCDGIRSTW][ABCDGIRSTW]* .* \(.*\)$/  {"lib\1", (void *) \&\1},/p'\'''
lt_cv_sys_global_symbol_to_cdecl='sed -n -e '\''s/^T .* \(.*\)$/extern int \1();/p'\'' -e '\''s/^[ABCDGIRSTW][ABCDGIRSTW]* .* \(.*\)$/extern char \1;/p'\'''
lt_cv_sys_global_symbol_to_import=
lt_cv_sys_max_cmd_len=1966080
lt_cv_to_host_file_cmd=func_convert_file_noop
lt_cv_to_tool_file_cmd=func_convert_file_noop
lt_cv_truncate_bin='/bin/dd bs=4096 count=1'
pkg_cv_DEPS_CFLAGS='-I/cdf/home/kanzhang/Topmass_SL6/include  '
pkg_cv_DEPS_LIBS='-L/cdf/home/kanzhang/Topmass_SL6/lib -lfftw3 -lgeners -lkstest  '

## ----------------- ##
## Output variables. ##
## ----------------- ##

ACLOCAL='${SHELL} /cdf/home/kanzhang/Topmass_SL6/src/npstat-4.9.0/missing aclocal-1.15'
AMDEPBACKSLASH='\'
AMDEP_FALSE='#'
AMDEP_TRUE=''
AMTAR='$${TAR-tar}'
AM_BACKSLASH='\'
AM_DEFAULT_V='$(AM_DEFAULT_VERBOSITY)'
AM_DEFAULT_VERBOSITY='1'
AM_V='$(V)'
AR='ar'
AUTOCONF='${SHELL} /cdf/home/kanzhang/Topmass_SL6/src/npstat-4.9.0/missing autoconf'
AUTOHEADER='${SHELL} /cdf/home/kanzhang/Topmass_SL6/src/npstat-4.9.0/missing autoheader'
AUTOMAKE='${SHELL} /cdf/home/kanzhang/Topmass_SL6/src/npstat-4.9.0/missing automake-1.15'
AWK='gawk'
CC='gcc'
CCDEPMODE='depmode=gcc3'
CFLAGS='-g -O2'
CPP='gcc -E'
CPPFLAGS=''
CXX='g++'
CXXCPP='g++ -E'
CXXDEPMODE='depmode=gcc3'
CXXFLAGS='-std=c++11 -O3 -Wall -W -Werror'
CYGPATH_W='echo'
DEFS='-DPACKAGE_NAME=\"npstat\" -DPACKAGE_TARNAME=\"npstat\" -DPACKAGE_VERSION=\"4.9.0\" -DPACKAGE_STRING=\"npstat\ 4.9.0\" -DPACKAGE_BUGREPORT=\"\" -DPACKAGE_URL=\"\" -DPACKAGE=\"npstat\" -DVERSION=\"4.9.0\" -DSTDC_HEADERS=1 -DHAVE_SYS_TYPES_H=1 -DHAVE_SYS_STAT_H=1 -DHAVE_STDLIB_H=1 -DHAVE_STRING_H=1 -DHAVE_MEMORY_H=1 -DHAVE_STRINGS_H=1 -DHAVE_INTTYPES_H=1 -DHAVE_STDINT_H=1 -DHAVE_UNISTD_H=1 -DHAVE_DLFCN_H=1 -DLT_OBJDIR=\".libs/\"'
DEPDIR='.deps'
DEPS_CFLAGS='-I/cdf/home/kanzhang/Topmass_SL6/include  '
DEPS_LIBS='-L/cdf/home/kanzhang/Topmass_SL6/lib -lfftw3 -lgeners -lkstest  '
DLLTOOL='false'
DSYMUTIL=''
DUMPBIN=''
ECHO_C=''
ECHO_N='-n'
ECHO_T=''
EGREP='/bin/grep -E'
EXEEXT=''
F77='g77'
FFLAGS='-g -O2'
FGREP='/bin/grep -F'
FLIBS=' -L/usr/lib/gcc/x86_64-redhat-linux/3.4.6 -L/usr/lib/gcc/x86_64-redhat-linux/3.4.6/../../../../lib64 -L/usr/lib/gcc/x86_64-redhat-linux/3.4.6/../../.. -L/lib/../lib64 -L/usr/lib/../lib64 -lfrtbegin -lg2c -lm'
GREP='/bin/grep'
INSTALL_DATA='${INSTALL} -m 644'
INSTALL_PROGRAM='${INSTALL}'
INSTALL_SCRIPT='${INSTALL}'
INSTALL_STRIP_PROGRAM='$(install_sh) -c -s'
LD='/usr/bin/ld -m elf_x86_64'
LDFLAGS=''
LIBOBJS=''
LIBS=''
LIBTOOL='$(SHELL) $(top_builddir)/libtool'
LIPO=''
LN_S='ln -s'
LTLIBOBJS=''
LT_SYS_LIBRARY_PATH=''
MAKEINFO='${SHELL} /cdf/home/kanzhang/Topmass_SL6/src/npstat-4.9.0/missing makeinfo'
MANIFEST_TOOL=':'
MKDIR_P='/bin/mkdir -p'
NM='/usr/bin/nm -B'
NMEDIT=''
OBJDUMP='objdump'
OBJEXT='o'
OTOOL64=''
OTOOL=''
PACKAGE='npstat'
PACKAGE_BUGREPORT=''
PACKAGE_NAME='npstat'
PACKAGE_STRING='npstat 4.9.0'
PACKAGE_TARNAME='npstat'
PACKAGE_URL=''
PACKAGE_VERSION='4.9.0'
PATH_SEPARATOR=':'
PKG_CONFIG='/usr/bin/pkg-config'
PKG_CONFIG_LIBDIR=''
PKG_CONFIG_PATH='/cdf/home/kanzhang/Topmass_SL6/lib/pkgconfig'
RANLIB='ranlib'
SED='/bin/sed'
SET_MAKE=''
SHELL='/bin/sh'
STRIP='strip'
VERSION='4.9.0'
ac_ct_AR='ar'
ac_ct_CC='gcc'
ac_ct_CXX='g++'
ac_ct_DUMPBIN=''
ac_ct_F77='g77'
am__EXEEXT_FALSE=''
am__EXEEXT_TRUE='#'
am__fastdepCC_FALSE='#'
am__fastdepCC_TRUE=''
am__fastdepCXX_FALSE='#'
am__fastdepCXX_TRUE=''
am__include='include'
am__isrc=''
am__leading_dot='.'
am__nodep='_no'
am__quote=''
am__tar='$${TAR-tar} chof - "$$tardir"'
am__untar='$${TAR-tar} xf -'
bindir='${exec_prefix}/bin'
build='x86_64-pc-linux-gnu'
build_alias=''
build_cpu='x86_64'
build_os='linux-gnu'
build_vendor='pc'
datadir='${datarootdir}'
datarootdir='${prefix}/share'
docdir='${datarootdir}/doc/${PACKAGE_TARNAME}'
dvidir='${docdir}'
exec_prefix='${prefix}'
host='x86_64-pc-linux-gnu'
host_alias=''
host_cpu='x86_64'
host_os='linux-gnu'
host_vendor='pc'
htmldir='${docdir}'
includedir='${prefix}/include'
infodir='${datarootdir}/info'
install_sh='${SHELL} /cdf/home/kanzhang/Topmass_SL6/src/npstat-4.9.0/install-sh'
libdir='${exec_prefix}/lib'
libexecdir='${exec_prefix}/libexec'
localedir='${datarootdir}/locale'
localstatedir='${prefix}/var'
mandir='${datarootdir}/man'
mkdir_p='$(MKDIR_P)'
oldincludedir='/usr/include'
pdfdir='${docdir}'
prefix='/cdf/home/kanzhang/Topmass_SL6'
program_transform_name='s,x,x,'
psdir='${docdir}'
runstatedir='${localstatedir}/run'
sbindir='${exec_prefix}/sbin'
sharedstatedir='${prefix}/com'
sysconfdir='${prefix}/etc'
target_alias=''

## ----------- ##
## confdefs.h. ##
## ----------- ##

/* confdefs.h */
#define PACKAGE_NAME "npstat"
#define PACKAGE_TARNAME "npstat"
#define PACKAGE_VERSION "4.9.0"
#define PACKAGE_STRING "npstat 4.9.0"
#define PACKAGE_BUGREPORT ""
#define PACKAGE_URL ""
#define PACKAGE "npstat"
#define VERSION "4.9.0"
#define STDC_HEADERS 1
#define HAVE_SYS_TYPES_H 1
#define HAVE_SYS_STAT_H 1
#define HAVE_STDLIB_H 1
#define HAVE_STRING_H 1
#define HAVE_MEMORY_H 1
#define HAVE_STRINGS_H 1
#define HAVE_INTTYPES_H 1
#define HAVE_STDINT_H 1
#define HAVE_UNISTD_H 1
#define HAVE_DLFCN_H 1
#define LT_OBJDIR ".libs/"

configure: exit 0
